#
# There is insufficient memory for the Java Runtime Environment to continue.
# Native memory allocation (malloc) failed to allocate 228256 bytes. Error detail: Chunk::new
# Possible reasons:
#   The system is out of physical RAM or swap space
#   This process is running with CompressedOops enabled, and the Java Heap may be blocking the growth of the native heap
# Possible solutions:
#   Reduce memory load on the system
#   Increase physical memory or swap space
#   Check if swap backing store is full
#   Decrease Java heap size (-Xmx/-Xms)
#   Decrease number of Java threads
#   Decrease Java thread stack sizes (-Xss)
#   Set larger code cache with -XX:ReservedCodeCacheSize=
#   JVM is running with Unscaled Compressed Oops mode in which the Java heap is
#     placed in the first 4GB address space. The Java Heap base address is the
#     maximum limit for the native heap growth. Please use -XX:HeapBaseMinAddress
#     to set the Java Heap base and to place the Java Heap above 4GB virtual address.
# This output file may be truncated or incomplete.
#
#  Out of Memory Error (arena.cpp:168), pid=19184, tid=4640
#
# JRE version: OpenJDK Runtime Environment Temurin-21.0.10+7 (21.0.10+7) (build 21.0.10+7-LTS)
# Java VM: OpenJDK 64-Bit Server VM Temurin-21.0.10+7 (21.0.10+7-LTS, mixed mode, sharing, tiered, compressed oops, compressed class ptrs, g1 gc, windows-amd64)
# No core dump will be written. Minidumps are not enabled by default on client versions of Windows
#

---------------  S U M M A R Y ------------

Command Line: -Dfile.encoding=UTF-8 -Dstdout.encoding=UTF-8 -Dstderr.encoding=UTF-8 --module-path=C:\Users\WSI\git\EcoMarine\5\activiteReservation\target\classes;C:\Users\WSI\.m2\repository\org\openjfx\javafx-controls\21\javafx-controls-21-win.jar;C:\Users\WSI\.m2\repository\org\openjfx\javafx-graphics\21\javafx-graphics-21-win.jar;C:\Users\WSI\.m2\repository\org\openjfx\javafx-base\21\javafx-base-21-win.jar;C:\Users\WSI\.m2\repository\org\openjfx\javafx-fxml\21\javafx-fxml-21-win.jar;C:\Users\WSI\.m2\repository\com\squareup\okhttp3\okhttp\4.12.0\okhttp-4.12.0.jar;C:\Users\WSI\.m2\repository\com\google\code\gson\gson\2.10.1\gson-2.10.1.jar;C:\Users\WSI\.m2\repository\com\calendarfx\view\11.12.7\view-11.12.7.jar;C:\Users\WSI\.m2\repository\org\kordamp\ikonli\ikonli-javafx\12.3.1\ikonli-javafx-12.3.1.jar;C:\Users\WSI\.m2\repository\org\kordamp\ikonli\ikonli-core\12.3.1\ikonli-core-12.3.1.jar;C:\Users\WSI\.m2\repository\org\kordamp\ikonli\ikonli-fontawesome-pack\12.3.1\ikonli-fontawesome-pack-12.3.1.jar;C:\Users\WSI\.m2\repository\org\mnode\ical4j\ical4j\4.0.0-rc5\ical4j-4.0.0-rc5.jar;C:\Users\WSI\.m2\repository\org\slf4j\slf4j-api\2.0.9\slf4j-api-2.0.9.jar;C:\Users\WSI\.m2\repository\commons-codec\commons-codec\1.16.0\commons-codec-1.16.0.jar;C:\Users\WSI\.m2\repository\org\apache\commons\commons-lang3\3.14.0\commons-lang3-3.14.0.jar;C:\Users\WSI\.m2\repository\org\threeten\threeten-extra\1.7.2\threeten-extra-1.7.2.jar;C:\Users\WSI\.m2\repository\org\controlsfx\controlsfx\11.1.1\controlsfx-11.1.1.jar -XX:+ShowCodeDetailsInExceptionMessages -Djdk.module.main=activiteReservation activiteReservation/main.MainFx

Host: 12th Gen Intel(R) Core(TM) i5-1235U, 12 cores, 7G,  Windows 11 , 64 bit Build 26100 (10.0.26100.7705)
Time: Mon Mar  2 01:43:39 2026 Afr. centrale Ouest elapsed time: 8.749408 seconds (0d 0h 0m 8s)

---------------  T H R E A D  ---------------

Current thread (0x000001d7cc64a490):  JavaThread "C2 CompilerThread0" daemon [_thread_in_native, id=4640, stack(0x000000b692b00000,0x000000b692c00000) (1024K)]


Current CompileTask:
C2:8749 1230       4       java.util.Properties::loadConvert (540 bytes)

Stack: [0x000000b692b00000,0x000000b692c00000]
Native frames: (J=compiled Java code, j=interpreted, Vv=VM code, C=native code)
V  [jvm.dll+0x6d7a39]
V  [jvm.dll+0x8b4b26]
V  [jvm.dll+0x8b70de]
V  [jvm.dll+0x8b77c3]
V  [jvm.dll+0x284346]
V  [jvm.dll+0xc66ed]
V  [jvm.dll+0xc6c31]
V  [jvm.dll+0x2fb29e]
V  [jvm.dll+0x5fe884]
V  [jvm.dll+0x255b17]
V  [jvm.dll+0x255edd]
V  [jvm.dll+0x24e500]
V  [jvm.dll+0x24ba42]
V  [jvm.dll+0x1cb34e]
V  [jvm.dll+0x25b85d]
V  [jvm.dll+0x259dea]
V  [jvm.dll+0x3f857e]
V  [jvm.dll+0x85f59d]
V  [jvm.dll+0x6d626d]
C  [ucrtbase.dll+0x37b0]
C  [KERNEL32.DLL+0x2e8d7]
C  [ntdll.dll+0x8c40c]


---------------  P R O C E S S  ---------------

Threads class SMR info:
_java_thread_list=0x000001d812cc3d10, length=18, elements={
0x000001d7b2055c30, 0x000001d7cc62b850, 0x000001d7cc62e2c0, 0x000001d7cc63e4e0,
0x000001d7cc640030, 0x000001d7cc641880, 0x000001d7cc644a70, 0x000001d7cc64a490,
0x000001d7cc662b20, 0x000001d7cc74c830, 0x000001d7cc904f60, 0x000001d8127f45d0,
0x000001d812c39170, 0x000001d812c5fd20, 0x000001d8127e0560, 0x000001d8127e0dd0,
0x000001d7cc882380, 0x000001d7cc662450
}

Java Threads: ( => current thread )
  0x000001d7b2055c30 JavaThread "main"                              [_thread_blocked, id=2796, stack(0x000000b691d00000,0x000000b691e00000) (1024K)]
  0x000001d7cc62b850 JavaThread "Reference Handler"          daemon [_thread_blocked, id=9160, stack(0x000000b692500000,0x000000b692600000) (1024K)]
  0x000001d7cc62e2c0 JavaThread "Finalizer"                  daemon [_thread_blocked, id=21280, stack(0x000000b692600000,0x000000b692700000) (1024K)]
  0x000001d7cc63e4e0 JavaThread "Signal Dispatcher"          daemon [_thread_blocked, id=13096, stack(0x000000b692700000,0x000000b692800000) (1024K)]
  0x000001d7cc640030 JavaThread "Attach Listener"            daemon [_thread_blocked, id=20608, stack(0x000000b692800000,0x000000b692900000) (1024K)]
  0x000001d7cc641880 JavaThread "Service Thread"             daemon [_thread_blocked, id=21564, stack(0x000000b692900000,0x000000b692a00000) (1024K)]
  0x000001d7cc644a70 JavaThread "Monitor Deflation Thread"   daemon [_thread_blocked, id=8840, stack(0x000000b692a00000,0x000000b692b00000) (1024K)]
=>0x000001d7cc64a490 JavaThread "C2 CompilerThread0"         daemon [_thread_in_native, id=4640, stack(0x000000b692b00000,0x000000b692c00000) (1024K)]
  0x000001d7cc662b20 JavaThread "C1 CompilerThread0"         daemon [_thread_blocked, id=10556, stack(0x000000b692c00000,0x000000b692d00000) (1024K)]
  0x000001d7cc74c830 JavaThread "Common-Cleaner"             daemon [_thread_blocked, id=13424, stack(0x000000b692d00000,0x000000b692e00000) (1024K)]
  0x000001d7cc904f60 JavaThread "Notification Thread"        daemon [_thread_blocked, id=22328, stack(0x000000b693100000,0x000000b693200000) (1024K)]
  0x000001d8127f45d0 JavaThread "QuantumRenderer-0"          daemon [_thread_blocked, id=19672, stack(0x000000b693200000,0x000000b693300000) (1024K)]
  0x000001d812c39170 JavaThread "InvokeLaterDispatcher"      daemon [_thread_blocked, id=21992, stack(0x000000b692f00000,0x000000b693000000) (1024K)]
  0x000001d812c5fd20 JavaThread "JavaFX Application Thread"         [_thread_in_vm, id=21320, stack(0x000000b693000000,0x000000b693100000) (1024K)]
  0x000001d8127e0560 JavaThread "Thread-1"                   daemon [_thread_in_native, id=17192, stack(0x000000b693700000,0x000000b693800000) (1024K)]
  0x000001d8127e0dd0 JavaThread "JavaFX-Launcher"                   [_thread_blocked, id=21212, stack(0x000000b693800000,0x000000b693900000) (1024K)]
  0x000001d7cc882380 JavaThread "mysql-cj-abandoned-connection-cleanup" daemon [_thread_blocked, id=12836, stack(0x000000b693e00000,0x000000b693f00000) (1024K)]
  0x000001d7cc662450 JavaThread "C2 CompilerThread1"         daemon [_thread_blocked, id=20180, stack(0x000000b693f00000,0x000000b694000000) (1024K)]
Total: 18

Other Threads:
  0x000001d7cc615da0 VMThread "VM Thread"                           [id=11800, stack(0x000000b692400000,0x000000b692500000) (1024K)]
  0x000001d7cc600e70 WatcherThread "VM Periodic Task Thread"        [id=3504, stack(0x000000b692300000,0x000000b692400000) (1024K)]
  0x000001d7b45347e0 WorkerThread "GC Thread#0"                     [id=16772, stack(0x000000b691e00000,0x000000b691f00000) (1024K)]
  0x000001d7cc77c460 WorkerThread "GC Thread#1"                     [id=7736, stack(0x000000b693900000,0x000000b693a00000) (1024K)]
  0x000001d7cc77c810 WorkerThread "GC Thread#2"                     [id=9184, stack(0x000000b693a00000,0x000000b693b00000) (1024K)]
  0x000001d7cc77cbc0 WorkerThread "GC Thread#3"                     [id=22148, stack(0x000000b693b00000,0x000000b693c00000) (1024K)]
  0x000001d8127e3490 WorkerThread "GC Thread#4"                     [id=14256, stack(0x000000b693c00000,0x000000b693d00000) (1024K)]
  0x000001d8127e3840 WorkerThread "GC Thread#5"                     [id=5144, stack(0x000000b693d00000,0x000000b693e00000) (1024K)]
  0x000001d7b4544a10 ConcurrentGCThread "G1 Main Marker"            [id=15064, stack(0x000000b691f00000,0x000000b692000000) (1024K)]
  0x000001d7b4545520 WorkerThread "G1 Conc#0"                       [id=3748, stack(0x000000b692000000,0x000000b692100000) (1024K)]
  0x000001d7b459eb30 ConcurrentGCThread "G1 Refine#0"               [id=17004, stack(0x000000b692100000,0x000000b692200000) (1024K)]
  0x000001d7cc4cc880 ConcurrentGCThread "G1 Service"                [id=10172, stack(0x000000b692200000,0x000000b692300000) (1024K)]
Total: 12

Threads with active compile tasks:
C2 CompilerThread0  9799 1230       4       java.util.Properties::loadConvert (540 bytes)
C1 CompilerThread0  9799 1277  s    1       java.lang.StringBuffer::length (5 bytes)
Total: 2

VM state: not at safepoint (normal execution)

VM Mutex/Monitor currently owned by a thread: None

Heap address: 0x0000000086e00000, size: 1938 MB, Compressed Oops mode: 32-bit

CDS archive(s) mapped at: [0x000001d7cd000000-0x000001d7cdc80000-0x000001d7cdc80000), size 13107200, SharedBaseAddress: 0x000001d7cd000000, ArchiveRelocationMode: 1.
Compressed class space mapped at: 0x000001d7ce000000-0x000001d80e000000, reserved size: 1073741824
Narrow klass base: 0x000001d7cd000000, Narrow klass shift: 0, Narrow klass range: 0x100000000

GC Precious Log:
 CardTable entry size: 512
 Card Set container configuration: InlinePtr #cards 5 size 8 Array Of Cards #cards 12 size 40 Howl #buckets 4 coarsen threshold 1843 Howl Bitmap #cards 512 size 80 coarsen threshold 460 Card regions per heap region 1 cards per card region 2048
 CPUs: 12 total, 12 available
 Memory: 7750M
 Large Page Support: Disabled
 NUMA Support: Disabled
 Compressed Oops: Enabled (32-bit)
 Heap Region Size: 1M
 Heap Min Capacity: 8M
 Heap Initial Capacity: 122M
 Heap Max Capacity: 1938M
 Pre-touch: Disabled
 Parallel Workers: 10
 Concurrent Workers: 3
 Concurrent Refinement Workers: 10
 Periodic GC: Disabled

Heap:
 garbage-first heap   total 124928K, used 11303K [0x0000000086e00000, 0x0000000100000000)
  region size 1024K, 14 young (14336K), 3 survivors (3072K)
 Metaspace       used 7349K, committed 7616K, reserved 1114112K
  class space    used 885K, committed 1024K, reserved 1048576K

Heap Regions: E=young(eden), S=young(survivor), O=old, HS=humongous(starts), HC=humongous(continues), CS=collection set, F=free, TAMS=top-at-mark-start, PB=parsable bottom
|   0|0x0000000086e00000, 0x0000000086e00000, 0x0000000086f00000|  0%| F|  |TAMS 0x0000000086e00000| PB 0x0000000086e00000| Untracked 
|   1|0x0000000086f00000, 0x0000000086f00000, 0x0000000087000000|  0%| F|  |TAMS 0x0000000086f00000| PB 0x0000000086f00000| Untracked 
|   2|0x0000000087000000, 0x0000000087000000, 0x0000000087100000|  0%| F|  |TAMS 0x0000000087000000| PB 0x0000000087000000| Untracked 
|   3|0x0000000087100000, 0x0000000087100000, 0x0000000087200000|  0%| F|  |TAMS 0x0000000087100000| PB 0x0000000087100000| Untracked 
|   4|0x0000000087200000, 0x0000000087200000, 0x0000000087300000|  0%| F|  |TAMS 0x0000000087200000| PB 0x0000000087200000| Untracked 
|   5|0x0000000087300000, 0x0000000087300000, 0x0000000087400000|  0%| F|  |TAMS 0x0000000087300000| PB 0x0000000087300000| Untracked 
|   6|0x0000000087400000, 0x0000000087400000, 0x0000000087500000|  0%| F|  |TAMS 0x0000000087400000| PB 0x0000000087400000| Untracked 
|   7|0x0000000087500000, 0x0000000087500000, 0x0000000087600000|  0%| F|  |TAMS 0x0000000087500000| PB 0x0000000087500000| Untracked 
|   8|0x0000000087600000, 0x0000000087600000, 0x0000000087700000|  0%| F|  |TAMS 0x0000000087600000| PB 0x0000000087600000| Untracked 
|   9|0x0000000087700000, 0x0000000087700000, 0x0000000087800000|  0%| F|  |TAMS 0x0000000087700000| PB 0x0000000087700000| Untracked 
|  10|0x0000000087800000, 0x0000000087800000, 0x0000000087900000|  0%| F|  |TAMS 0x0000000087800000| PB 0x0000000087800000| Untracked 
|  11|0x0000000087900000, 0x0000000087900000, 0x0000000087a00000|  0%| F|  |TAMS 0x0000000087900000| PB 0x0000000087900000| Untracked 
|  12|0x0000000087a00000, 0x0000000087a00000, 0x0000000087b00000|  0%| F|  |TAMS 0x0000000087a00000| PB 0x0000000087a00000| Untracked 
|  13|0x0000000087b00000, 0x0000000087b00000, 0x0000000087c00000|  0%| F|  |TAMS 0x0000000087b00000| PB 0x0000000087b00000| Untracked 
|  14|0x0000000087c00000, 0x0000000087c00000, 0x0000000087d00000|  0%| F|  |TAMS 0x0000000087c00000| PB 0x0000000087c00000| Untracked 
|  15|0x0000000087d00000, 0x0000000087d00000, 0x0000000087e00000|  0%| F|  |TAMS 0x0000000087d00000| PB 0x0000000087d00000| Untracked 
|  16|0x0000000087e00000, 0x0000000087e00000, 0x0000000087f00000|  0%| F|  |TAMS 0x0000000087e00000| PB 0x0000000087e00000| Untracked 
|  17|0x0000000087f00000, 0x0000000087f00000, 0x0000000088000000|  0%| F|  |TAMS 0x0000000087f00000| PB 0x0000000087f00000| Untracked 
|  18|0x0000000088000000, 0x0000000088000000, 0x0000000088100000|  0%| F|  |TAMS 0x0000000088000000| PB 0x0000000088000000| Untracked 
|  19|0x0000000088100000, 0x0000000088100000, 0x0000000088200000|  0%| F|  |TAMS 0x0000000088100000| PB 0x0000000088100000| Untracked 
|  20|0x0000000088200000, 0x0000000088200000, 0x0000000088300000|  0%| F|  |TAMS 0x0000000088200000| PB 0x0000000088200000| Untracked 
|  21|0x0000000088300000, 0x0000000088300000, 0x0000000088400000|  0%| F|  |TAMS 0x0000000088300000| PB 0x0000000088300000| Untracked 
|  22|0x0000000088400000, 0x0000000088400000, 0x0000000088500000|  0%| F|  |TAMS 0x0000000088400000| PB 0x0000000088400000| Untracked 
|  23|0x0000000088500000, 0x0000000088500000, 0x0000000088600000|  0%| F|  |TAMS 0x0000000088500000| PB 0x0000000088500000| Untracked 
|  24|0x0000000088600000, 0x0000000088600000, 0x0000000088700000|  0%| F|  |TAMS 0x0000000088600000| PB 0x0000000088600000| Untracked 
|  25|0x0000000088700000, 0x0000000088700000, 0x0000000088800000|  0%| F|  |TAMS 0x0000000088700000| PB 0x0000000088700000| Untracked 
|  26|0x0000000088800000, 0x0000000088800000, 0x0000000088900000|  0%| F|  |TAMS 0x0000000088800000| PB 0x0000000088800000| Untracked 
|  27|0x0000000088900000, 0x0000000088900000, 0x0000000088a00000|  0%| F|  |TAMS 0x0000000088900000| PB 0x0000000088900000| Untracked 
|  28|0x0000000088a00000, 0x0000000088a00000, 0x0000000088b00000|  0%| F|  |TAMS 0x0000000088a00000| PB 0x0000000088a00000| Untracked 
|  29|0x0000000088b00000, 0x0000000088b00000, 0x0000000088c00000|  0%| F|  |TAMS 0x0000000088b00000| PB 0x0000000088b00000| Untracked 
|  30|0x0000000088c00000, 0x0000000088c00000, 0x0000000088d00000|  0%| F|  |TAMS 0x0000000088c00000| PB 0x0000000088c00000| Untracked 
|  31|0x0000000088d00000, 0x0000000088d00000, 0x0000000088e00000|  0%| F|  |TAMS 0x0000000088d00000| PB 0x0000000088d00000| Untracked 
|  32|0x0000000088e00000, 0x0000000088e00000, 0x0000000088f00000|  0%| F|  |TAMS 0x0000000088e00000| PB 0x0000000088e00000| Untracked 
|  33|0x0000000088f00000, 0x0000000088f00000, 0x0000000089000000|  0%| F|  |TAMS 0x0000000088f00000| PB 0x0000000088f00000| Untracked 
|  34|0x0000000089000000, 0x0000000089000000, 0x0000000089100000|  0%| F|  |TAMS 0x0000000089000000| PB 0x0000000089000000| Untracked 
|  35|0x0000000089100000, 0x0000000089100000, 0x0000000089200000|  0%| F|  |TAMS 0x0000000089100000| PB 0x0000000089100000| Untracked 
|  36|0x0000000089200000, 0x0000000089200000, 0x0000000089300000|  0%| F|  |TAMS 0x0000000089200000| PB 0x0000000089200000| Untracked 
|  37|0x0000000089300000, 0x0000000089300000, 0x0000000089400000|  0%| F|  |TAMS 0x0000000089300000| PB 0x0000000089300000| Untracked 
|  38|0x0000000089400000, 0x0000000089400000, 0x0000000089500000|  0%| F|  |TAMS 0x0000000089400000| PB 0x0000000089400000| Untracked 
|  39|0x0000000089500000, 0x0000000089500000, 0x0000000089600000|  0%| F|  |TAMS 0x0000000089500000| PB 0x0000000089500000| Untracked 
|  40|0x0000000089600000, 0x0000000089600000, 0x0000000089700000|  0%| F|  |TAMS 0x0000000089600000| PB 0x0000000089600000| Untracked 
|  41|0x0000000089700000, 0x0000000089700000, 0x0000000089800000|  0%| F|  |TAMS 0x0000000089700000| PB 0x0000000089700000| Untracked 
|  42|0x0000000089800000, 0x0000000089800000, 0x0000000089900000|  0%| F|  |TAMS 0x0000000089800000| PB 0x0000000089800000| Untracked 
|  43|0x0000000089900000, 0x0000000089900000, 0x0000000089a00000|  0%| F|  |TAMS 0x0000000089900000| PB 0x0000000089900000| Untracked 
|  44|0x0000000089a00000, 0x0000000089a00000, 0x0000000089b00000|  0%| F|  |TAMS 0x0000000089a00000| PB 0x0000000089a00000| Untracked 
|  45|0x0000000089b00000, 0x0000000089b00000, 0x0000000089c00000|  0%| F|  |TAMS 0x0000000089b00000| PB 0x0000000089b00000| Untracked 
|  46|0x0000000089c00000, 0x0000000089c00000, 0x0000000089d00000|  0%| F|  |TAMS 0x0000000089c00000| PB 0x0000000089c00000| Untracked 
|  47|0x0000000089d00000, 0x0000000089d00000, 0x0000000089e00000|  0%| F|  |TAMS 0x0000000089d00000| PB 0x0000000089d00000| Untracked 
|  48|0x0000000089e00000, 0x0000000089e00000, 0x0000000089f00000|  0%| F|  |TAMS 0x0000000089e00000| PB 0x0000000089e00000| Untracked 
|  49|0x0000000089f00000, 0x0000000089f00000, 0x000000008a000000|  0%| F|  |TAMS 0x0000000089f00000| PB 0x0000000089f00000| Untracked 
|  50|0x000000008a000000, 0x000000008a000000, 0x000000008a100000|  0%| F|  |TAMS 0x000000008a000000| PB 0x000000008a000000| Untracked 
|  51|0x000000008a100000, 0x000000008a100000, 0x000000008a200000|  0%| F|  |TAMS 0x000000008a100000| PB 0x000000008a100000| Untracked 
|  52|0x000000008a200000, 0x000000008a200000, 0x000000008a300000|  0%| F|  |TAMS 0x000000008a200000| PB 0x000000008a200000| Untracked 
|  53|0x000000008a300000, 0x000000008a300000, 0x000000008a400000|  0%| F|  |TAMS 0x000000008a300000| PB 0x000000008a300000| Untracked 
|  54|0x000000008a400000, 0x000000008a400000, 0x000000008a500000|  0%| F|  |TAMS 0x000000008a400000| PB 0x000000008a400000| Untracked 
|  55|0x000000008a500000, 0x000000008a500000, 0x000000008a600000|  0%| F|  |TAMS 0x000000008a500000| PB 0x000000008a500000| Untracked 
|  56|0x000000008a600000, 0x000000008a600000, 0x000000008a700000|  0%| F|  |TAMS 0x000000008a600000| PB 0x000000008a600000| Untracked 
|  57|0x000000008a700000, 0x000000008a700000, 0x000000008a800000|  0%| F|  |TAMS 0x000000008a700000| PB 0x000000008a700000| Untracked 
|  58|0x000000008a800000, 0x000000008a800000, 0x000000008a900000|  0%| F|  |TAMS 0x000000008a800000| PB 0x000000008a800000| Untracked 
|  59|0x000000008a900000, 0x000000008a900000, 0x000000008aa00000|  0%| F|  |TAMS 0x000000008a900000| PB 0x000000008a900000| Untracked 
|  60|0x000000008aa00000, 0x000000008aa00000, 0x000000008ab00000|  0%| F|  |TAMS 0x000000008aa00000| PB 0x000000008aa00000| Untracked 
|  61|0x000000008ab00000, 0x000000008ab00000, 0x000000008ac00000|  0%| F|  |TAMS 0x000000008ab00000| PB 0x000000008ab00000| Untracked 
|  62|0x000000008ac00000, 0x000000008ac00000, 0x000000008ad00000|  0%| F|  |TAMS 0x000000008ac00000| PB 0x000000008ac00000| Untracked 
|  63|0x000000008ad00000, 0x000000008ad00000, 0x000000008ae00000|  0%| F|  |TAMS 0x000000008ad00000| PB 0x000000008ad00000| Untracked 
|  64|0x000000008ae00000, 0x000000008ae00000, 0x000000008af00000|  0%| F|  |TAMS 0x000000008ae00000| PB 0x000000008ae00000| Untracked 
|  65|0x000000008af00000, 0x000000008af00000, 0x000000008b000000|  0%| F|  |TAMS 0x000000008af00000| PB 0x000000008af00000| Untracked 
|  66|0x000000008b000000, 0x000000008b000000, 0x000000008b100000|  0%| F|  |TAMS 0x000000008b000000| PB 0x000000008b000000| Untracked 
|  67|0x000000008b100000, 0x000000008b100000, 0x000000008b200000|  0%| F|  |TAMS 0x000000008b100000| PB 0x000000008b100000| Untracked 
|  68|0x000000008b200000, 0x000000008b200000, 0x000000008b300000|  0%| F|  |TAMS 0x000000008b200000| PB 0x000000008b200000| Untracked 
|  69|0x000000008b300000, 0x000000008b300000, 0x000000008b400000|  0%| F|  |TAMS 0x000000008b300000| PB 0x000000008b300000| Untracked 
|  70|0x000000008b400000, 0x000000008b400000, 0x000000008b500000|  0%| F|  |TAMS 0x000000008b400000| PB 0x000000008b400000| Untracked 
|  71|0x000000008b500000, 0x000000008b500000, 0x000000008b600000|  0%| F|  |TAMS 0x000000008b500000| PB 0x000000008b500000| Untracked 
|  72|0x000000008b600000, 0x000000008b600000, 0x000000008b700000|  0%| F|  |TAMS 0x000000008b600000| PB 0x000000008b600000| Untracked 
|  73|0x000000008b700000, 0x000000008b700000, 0x000000008b800000|  0%| F|  |TAMS 0x000000008b700000| PB 0x000000008b700000| Untracked 
|  74|0x000000008b800000, 0x000000008b800000, 0x000000008b900000|  0%| F|  |TAMS 0x000000008b800000| PB 0x000000008b800000| Untracked 
|  75|0x000000008b900000, 0x000000008b900000, 0x000000008ba00000|  0%| F|  |TAMS 0x000000008b900000| PB 0x000000008b900000| Untracked 
|  76|0x000000008ba00000, 0x000000008ba00000, 0x000000008bb00000|  0%| F|  |TAMS 0x000000008ba00000| PB 0x000000008ba00000| Untracked 
|  77|0x000000008bb00000, 0x000000008bb00000, 0x000000008bc00000|  0%| F|  |TAMS 0x000000008bb00000| PB 0x000000008bb00000| Untracked 
|  78|0x000000008bc00000, 0x000000008bc00000, 0x000000008bd00000|  0%| F|  |TAMS 0x000000008bc00000| PB 0x000000008bc00000| Untracked 
|  79|0x000000008bd00000, 0x000000008bd00000, 0x000000008be00000|  0%| F|  |TAMS 0x000000008bd00000| PB 0x000000008bd00000| Untracked 
|  80|0x000000008be00000, 0x000000008be00000, 0x000000008bf00000|  0%| F|  |TAMS 0x000000008be00000| PB 0x000000008be00000| Untracked 
|  81|0x000000008bf00000, 0x000000008bf00000, 0x000000008c000000|  0%| F|  |TAMS 0x000000008bf00000| PB 0x000000008bf00000| Untracked 
|  82|0x000000008c000000, 0x000000008c000000, 0x000000008c100000|  0%| F|  |TAMS 0x000000008c000000| PB 0x000000008c000000| Untracked 
|  83|0x000000008c100000, 0x000000008c100000, 0x000000008c200000|  0%| F|  |TAMS 0x000000008c100000| PB 0x000000008c100000| Untracked 
|  84|0x000000008c200000, 0x000000008c200000, 0x000000008c300000|  0%| F|  |TAMS 0x000000008c200000| PB 0x000000008c200000| Untracked 
|  85|0x000000008c300000, 0x000000008c300000, 0x000000008c400000|  0%| F|  |TAMS 0x000000008c300000| PB 0x000000008c300000| Untracked 
|  86|0x000000008c400000, 0x000000008c400000, 0x000000008c500000|  0%| F|  |TAMS 0x000000008c400000| PB 0x000000008c400000| Untracked 
|  87|0x000000008c500000, 0x000000008c500000, 0x000000008c600000|  0%| F|  |TAMS 0x000000008c500000| PB 0x000000008c500000| Untracked 
|  88|0x000000008c600000, 0x000000008c600000, 0x000000008c700000|  0%| F|  |TAMS 0x000000008c600000| PB 0x000000008c600000| Untracked 
|  89|0x000000008c700000, 0x000000008c700000, 0x000000008c800000|  0%| F|  |TAMS 0x000000008c700000| PB 0x000000008c700000| Untracked 
|  90|0x000000008c800000, 0x000000008c800000, 0x000000008c900000|  0%| F|  |TAMS 0x000000008c800000| PB 0x000000008c800000| Untracked 
|  91|0x000000008c900000, 0x000000008c900000, 0x000000008ca00000|  0%| F|  |TAMS 0x000000008c900000| PB 0x000000008c900000| Untracked 
|  92|0x000000008ca00000, 0x000000008ca00000, 0x000000008cb00000|  0%| F|  |TAMS 0x000000008ca00000| PB 0x000000008ca00000| Untracked 
|  93|0x000000008cb00000, 0x000000008cb00000, 0x000000008cc00000|  0%| F|  |TAMS 0x000000008cb00000| PB 0x000000008cb00000| Untracked 
|  94|0x000000008cc00000, 0x000000008cc00000, 0x000000008cd00000|  0%| F|  |TAMS 0x000000008cc00000| PB 0x000000008cc00000| Untracked 
|  95|0x000000008cd00000, 0x000000008cd00000, 0x000000008ce00000|  0%| F|  |TAMS 0x000000008cd00000| PB 0x000000008cd00000| Untracked 
|  96|0x000000008ce00000, 0x000000008ce09cc8, 0x000000008cf00000|  3%| S|CS|TAMS 0x000000008ce00000| PB 0x000000008ce00000| Complete 
|  97|0x000000008cf00000, 0x000000008d000000, 0x000000008d000000|100%| S|CS|TAMS 0x000000008cf00000| PB 0x000000008cf00000| Complete 
|  98|0x000000008d000000, 0x000000008d100000, 0x000000008d100000|100%| S|CS|TAMS 0x000000008d000000| PB 0x000000008d000000| Complete 
|  99|0x000000008d100000, 0x000000008d100000, 0x000000008d200000|  0%| F|  |TAMS 0x000000008d100000| PB 0x000000008d100000| Untracked 
| 100|0x000000008d200000, 0x000000008d200000, 0x000000008d300000|  0%| F|  |TAMS 0x000000008d200000| PB 0x000000008d200000| Untracked 
| 101|0x000000008d300000, 0x000000008d300000, 0x000000008d400000|  0%| F|  |TAMS 0x000000008d300000| PB 0x000000008d300000| Untracked 
| 102|0x000000008d400000, 0x000000008d400000, 0x000000008d500000|  0%| F|  |TAMS 0x000000008d400000| PB 0x000000008d400000| Untracked 
| 103|0x000000008d500000, 0x000000008d500000, 0x000000008d600000|  0%| F|  |TAMS 0x000000008d500000| PB 0x000000008d500000| Untracked 
| 104|0x000000008d600000, 0x000000008d600000, 0x000000008d700000|  0%| F|  |TAMS 0x000000008d600000| PB 0x000000008d600000| Untracked 
| 105|0x000000008d700000, 0x000000008d700000, 0x000000008d800000|  0%| F|  |TAMS 0x000000008d700000| PB 0x000000008d700000| Untracked 
| 106|0x000000008d800000, 0x000000008d800000, 0x000000008d900000|  0%| F|  |TAMS 0x000000008d800000| PB 0x000000008d800000| Untracked 
| 107|0x000000008d900000, 0x000000008d900000, 0x000000008da00000|  0%| F|  |TAMS 0x000000008d900000| PB 0x000000008d900000| Untracked 
| 108|0x000000008da00000, 0x000000008da00000, 0x000000008db00000|  0%| F|  |TAMS 0x000000008da00000| PB 0x000000008da00000| Untracked 
| 109|0x000000008db00000, 0x000000008db00000, 0x000000008dc00000|  0%| F|  |TAMS 0x000000008db00000| PB 0x000000008db00000| Untracked 
| 110|0x000000008dc00000, 0x000000008dc00000, 0x000000008dd00000|  0%| F|  |TAMS 0x000000008dc00000| PB 0x000000008dc00000| Untracked 
| 111|0x000000008dd00000, 0x000000008dd367b8, 0x000000008de00000| 21%| E|  |TAMS 0x000000008dd00000| PB 0x000000008dd00000| Complete 
| 112|0x000000008de00000, 0x000000008df00000, 0x000000008df00000|100%| E|CS|TAMS 0x000000008de00000| PB 0x000000008de00000| Complete 
| 113|0x000000008df00000, 0x000000008e000000, 0x000000008e000000|100%| E|CS|TAMS 0x000000008df00000| PB 0x000000008df00000| Complete 
| 114|0x000000008e000000, 0x000000008e100000, 0x000000008e100000|100%| E|CS|TAMS 0x000000008e000000| PB 0x000000008e000000| Complete 
| 115|0x000000008e100000, 0x000000008e200000, 0x000000008e200000|100%| E|CS|TAMS 0x000000008e100000| PB 0x000000008e100000| Complete 
| 116|0x000000008e200000, 0x000000008e300000, 0x000000008e300000|100%| E|  |TAMS 0x000000008e200000| PB 0x000000008e200000| Complete 
| 117|0x000000008e300000, 0x000000008e400000, 0x000000008e400000|100%| E|CS|TAMS 0x000000008e300000| PB 0x000000008e300000| Complete 
| 118|0x000000008e400000, 0x000000008e500000, 0x000000008e500000|100%| E|CS|TAMS 0x000000008e400000| PB 0x000000008e400000| Complete 
| 119|0x000000008e500000, 0x000000008e600000, 0x000000008e600000|100%| E|CS|TAMS 0x000000008e500000| PB 0x000000008e500000| Complete 
| 120|0x000000008e600000, 0x000000008e700000, 0x000000008e700000|100%| E|CS|TAMS 0x000000008e600000| PB 0x000000008e600000| Complete 
| 121|0x000000008e700000, 0x000000008e800000, 0x000000008e800000|100%| E|CS|TAMS 0x000000008e700000| PB 0x000000008e700000| Complete 

Card table byte_map: [0x000001d7c77b0000,0x000001d7c7b80000] _byte_map_base: 0x000001d7c7379000

Marking Bits: (CMBitMap*) 0x000001d7b4534ef0
 Bits: [0x000001d7c7b80000, 0x000001d7c99c8000)

Polling page: 0x000001d7b22f0000

Metaspace:

Usage:
  Non-class:      6.32 MB used.
      Class:    886.12 KB used.
       Both:      7.18 MB used.

Virtual space:
  Non-class space:       64.00 MB reserved,       6.44 MB ( 10%) committed,  1 nodes.
      Class space:        1.00 GB reserved,       1.00 MB ( <1%) committed,  1 nodes.
             Both:        1.06 GB reserved,       7.44 MB ( <1%) committed. 

Chunk freelists:
   Non-Class:  8.77 MB
       Class:  14.91 MB
        Both:  23.67 MB

MaxMetaspaceSize: unlimited
CompressedClassSpaceSize: 1.00 GB
Initial GC threshold: 21.00 MB
Current GC threshold: 21.00 MB
CDS: on
 - commit_granule_bytes: 65536.
 - commit_granule_words: 8192.
 - virtual_space_node_default_size: 8388608.
 - enlarge_chunks_in_place: 1.
 - use_allocation_guard: 0.


Internal statistics:

num_allocs_failed_limit: 0.
num_arena_births: 154.
num_arena_deaths: 0.
num_vsnodes_births: 2.
num_vsnodes_deaths: 0.
num_space_committed: 119.
num_space_uncommitted: 0.
num_chunks_returned_to_freelist: 0.
num_chunks_taken_from_freelist: 340.
num_chunk_merges: 0.
num_chunk_splits: 231.
num_chunks_enlarged: 157.
num_inconsistent_stats: 0.

CodeHeap 'non-profiled nmethods': size=120000Kb used=452Kb max_used=452Kb free=119547Kb
 bounds [0x000001d7bf960000, 0x000001d7bfbd0000, 0x000001d7c6e90000]
CodeHeap 'profiled nmethods': size=120000Kb used=2109Kb max_used=2109Kb free=117890Kb
 bounds [0x000001d7b7e90000, 0x000001d7b8100000, 0x000001d7bf3c0000]
CodeHeap 'non-nmethods': size=5760Kb used=1361Kb max_used=1375Kb free=4398Kb
 bounds [0x000001d7bf3c0000, 0x000001d7bf630000, 0x000001d7bf960000]
CodeCache: size=245760Kb, used=3922Kb, max_used=3936Kb, free=241835Kb
 total_blobs=1803, nmethods=1275, adapters=432, full_count=0
Compilation: enabled, stopped_count=0, restarted_count=0

Compilation events (20 events):
Event: 6.709 Thread 0x000001d7cc662b20 nmethod 1238 0x000001d7b8087a90 code [0x000001d7b8087c80, 0x000001d7b8088198]
Event: 6.709 Thread 0x000001d7cc662b20 1239       3       java.util.concurrent.ConcurrentHashMap$MapEntry::<init> (20 bytes)
Event: 6.709 Thread 0x000001d7cc662b20 nmethod 1239 0x000001d7b8088310 code [0x000001d7b80884c0, 0x000001d7b8088740]
Event: 6.709 Thread 0x000001d7cc662b20 1236       1       java.util.concurrent.ConcurrentHashMap$MapEntry::getValue (5 bytes)
Event: 6.709 Thread 0x000001d7cc662b20 nmethod 1236 0x000001d7bf9ca990 code [0x000001d7bf9cab20, 0x000001d7bf9cabe8]
Event: 6.709 Thread 0x000001d7cc662b20 1237       3       java.util.concurrent.ConcurrentHashMap$EntryIterator::next (5 bytes)
Event: 6.709 Thread 0x000001d7cc662b20 nmethod 1237 0x000001d7b8088810 code [0x000001d7b80889c0, 0x000001d7b8088af8]
Event: 6.710 Thread 0x000001d7cc662b20 1240       3       jdk.internal.module.SystemModuleFinders$SystemModuleReader::find (59 bytes)
Event: 6.712 Thread 0x000001d7cc662b20 nmethod 1240 0x000001d7b8088b90 code [0x000001d7b8088e60, 0x000001d7b80899f8]
Event: 6.712 Thread 0x000001d7cc662b20 1243       3       jdk.internal.jimage.ImageStringsReader::hashCode (33 bytes)
Event: 6.713 Thread 0x000001d7cc662b20 nmethod 1243 0x000001d7b8089e90 code [0x000001d7b808a040, 0x000001d7b808a1b0]
Event: 6.713 Thread 0x000001d7cc662b20 1241       3       jdk.internal.jimage.ImageReader::verifyLocation (14 bytes)
Event: 6.713 Thread 0x000001d7cc662b20 nmethod 1241 0x000001d7b808a290 code [0x000001d7b808a460, 0x000001d7b808a7b8]
Event: 6.713 Thread 0x000001d7cc662b20 1242       3       jdk.internal.jimage.BasicImageReader::verifyLocation (39 bytes)
Event: 6.713 Thread 0x000001d7cc662b20 nmethod 1242 0x000001d7b808a910 code [0x000001d7b808aae0, 0x000001d7b808adb8]
Event: 6.713 Thread 0x000001d7cc662b20 1244       3       jdk.internal.module.ModuleReferences$JarModuleReader::getEntry (15 bytes)
Event: 6.713 Thread 0x000001d7cc662b20 nmethod 1244 0x000001d7b808af10 code [0x000001d7b808b100, 0x000001d7b808b608]
Event: 6.718 Thread 0x000001d7cc64a490 nmethod 1227% 0x000001d7bf9cac90 code [0x000001d7bf9cae20, 0x000001d7bf9cb2d8]
Event: 6.719 Thread 0x000001d7cc64a490 1230       4       java.util.Properties::loadConvert (540 bytes)
Event: 6.851 Thread 0x000001d7cc662b20 1245       1       com.sun.javafx.tk.quantum.QuantumToolkit$PulseTask::get (5 bytes)

GC Heap History (2 events):
Event: 6.388 GC heap before
{Heap before GC invocations=0 (full 0):
 garbage-first heap   total 124928K, used 22528K [0x0000000086e00000, 0x0000000100000000)
  region size 1024K, 23 young (23552K), 0 survivors (0K)
 Metaspace       used 3952K, committed 4160K, reserved 1114112K
  class space    used 466K, committed 576K, reserved 1048576K
}
Event: 6.395 GC heap after
{Heap after GC invocations=1 (full 0):
 garbage-first heap   total 124928K, used 2087K [0x0000000086e00000, 0x0000000100000000)
  region size 1024K, 3 young (3072K), 3 survivors (3072K)
 Metaspace       used 3952K, committed 4160K, reserved 1114112K
  class space    used 466K, committed 576K, reserved 1048576K
}

Dll operation events (20 events):
Event: 0.731 Loaded shared library C:\Users\WSI\.openjfx\cache\21+31\amd64\api-ms-win-crt-heap-l1-1-0.dll
Event: 0.735 Loaded shared library C:\Users\WSI\.openjfx\cache\21+31\amd64\api-ms-win-crt-locale-l1-1-0.dll
Event: 0.740 Loaded shared library C:\Users\WSI\.openjfx\cache\21+31\amd64\api-ms-win-crt-math-l1-1-0.dll
Event: 0.745 Loaded shared library C:\Users\WSI\.openjfx\cache\21+31\amd64\api-ms-win-crt-multibyte-l1-1-0.dll
Event: 0.750 Loaded shared library C:\Users\WSI\.openjfx\cache\21+31\amd64\api-ms-win-crt-private-l1-1-0.dll
Event: 0.753 Loaded shared library C:\Users\WSI\.openjfx\cache\21+31\amd64\api-ms-win-crt-process-l1-1-0.dll
Event: 0.758 Loaded shared library C:\Users\WSI\.openjfx\cache\21+31\amd64\api-ms-win-crt-runtime-l1-1-0.dll
Event: 0.763 Loaded shared library C:\Users\WSI\.openjfx\cache\21+31\amd64\api-ms-win-crt-stdio-l1-1-0.dll
Event: 0.766 Loaded shared library C:\Users\WSI\.openjfx\cache\21+31\amd64\api-ms-win-crt-string-l1-1-0.dll
Event: 0.769 Loaded shared library C:\Users\WSI\.openjfx\cache\21+31\amd64\api-ms-win-crt-time-l1-1-0.dll
Event: 0.773 Loaded shared library C:\Users\WSI\.openjfx\cache\21+31\amd64\api-ms-win-crt-utility-l1-1-0.dll
Event: 0.795 Loaded shared library C:\Users\WSI\.openjfx\cache\21+31\amd64\ucrtbase.dll
Event: 0.800 Loaded shared library C:\Users\WSI\.openjfx\cache\21+31\amd64\vcruntime140.dll
Event: 0.805 Loaded shared library C:\Users\WSI\.openjfx\cache\21+31\amd64\vcruntime140_1.dll
Event: 0.818 Loaded shared library C:\Users\WSI\.openjfx\cache\21+31\amd64\msvcp140.dll
Event: 0.826 Loaded shared library C:\Users\WSI\.openjfx\cache\21+31\amd64\msvcp140_1.dll
Event: 0.835 Loaded shared library C:\Users\WSI\.openjfx\cache\21+31\amd64\msvcp140_2.dll
Event: 0.907 Loaded shared library C:\Users\WSI\.openjfx\cache\21+31\amd64\prism_d3d.dll
Event: 1.090 Loaded shared library C:\Users\WSI\.openjfx\cache\21+31\amd64\glass.dll
Event: 6.443 Loaded shared library C:\Users\WSI\.p2\pool\plugins\org.eclipse.justj.openjdk.hotspot.jre.full.win32.x86_64_21.0.10.v20260205-0638\jre\bin\jimage.dll

Deoptimization events (20 events):
Event: 6.699 Thread 0x000001d812c5fd20 DEOPT PACKING pc=0x000001d7b8058ec9 sp=0x000000b6930fa950
Event: 6.699 Thread 0x000001d812c5fd20 DEOPT UNPACKING pc=0x000001d7bf414bc2 sp=0x000000b6930f9dd8 mode 0
Event: 6.700 Thread 0x000001d812c5fd20 DEOPT PACKING pc=0x000001d7b8058ec9 sp=0x000000b6930fa990
Event: 6.700 Thread 0x000001d812c5fd20 DEOPT UNPACKING pc=0x000001d7bf414bc2 sp=0x000000b6930f9e18 mode 0
Event: 6.701 Thread 0x000001d812c5fd20 DEOPT PACKING pc=0x000001d7b8058ec9 sp=0x000000b6930fa990
Event: 6.701 Thread 0x000001d812c5fd20 DEOPT UNPACKING pc=0x000001d7bf414bc2 sp=0x000000b6930f9e18 mode 0
Event: 6.702 Thread 0x000001d812c5fd20 DEOPT PACKING pc=0x000001d7b8058ec9 sp=0x000000b6930fa990
Event: 6.702 Thread 0x000001d812c5fd20 DEOPT UNPACKING pc=0x000001d7bf414bc2 sp=0x000000b6930f9e18 mode 0
Event: 6.702 Thread 0x000001d812c5fd20 DEOPT PACKING pc=0x000001d7b8058ec9 sp=0x000000b6930fa990
Event: 6.702 Thread 0x000001d812c5fd20 DEOPT UNPACKING pc=0x000001d7bf414bc2 sp=0x000000b6930f9e18 mode 0
Event: 6.703 Thread 0x000001d812c5fd20 DEOPT PACKING pc=0x000001d7b8058ec9 sp=0x000000b6930fa990
Event: 6.703 Thread 0x000001d812c5fd20 DEOPT UNPACKING pc=0x000001d7bf414bc2 sp=0x000000b6930f9e18 mode 0
Event: 6.704 Thread 0x000001d812c5fd20 DEOPT PACKING pc=0x000001d7b8058ec9 sp=0x000000b6930fa990
Event: 6.704 Thread 0x000001d812c5fd20 DEOPT UNPACKING pc=0x000001d7bf414bc2 sp=0x000000b6930f9e18 mode 0
Event: 6.705 Thread 0x000001d812c5fd20 DEOPT PACKING pc=0x000001d7b8058ec9 sp=0x000000b6930fa990
Event: 6.705 Thread 0x000001d812c5fd20 DEOPT UNPACKING pc=0x000001d7bf414bc2 sp=0x000000b6930f9e18 mode 0
Event: 6.706 Thread 0x000001d812c5fd20 DEOPT PACKING pc=0x000001d7b8058ec9 sp=0x000000b6930fa990
Event: 6.706 Thread 0x000001d812c5fd20 DEOPT UNPACKING pc=0x000001d7bf414bc2 sp=0x000000b6930f9e18 mode 0
Event: 6.707 Thread 0x000001d812c5fd20 DEOPT PACKING pc=0x000001d7b8058ec9 sp=0x000000b6930fa990
Event: 6.707 Thread 0x000001d812c5fd20 DEOPT UNPACKING pc=0x000001d7bf414bc2 sp=0x000000b6930f9e18 mode 0

Classes loaded (20 events):
Event: 6.685 Loading class java/util/ResourceBundle$CacheKey
Event: 6.685 Loading class java/util/ResourceBundle$CacheKey done
Event: 6.685 Loading class java/util/ResourceBundle$KeyElementReference
Event: 6.685 Loading class java/util/ResourceBundle$CacheKeyReference
Event: 6.685 Loading class java/util/ResourceBundle$CacheKeyReference done
Event: 6.685 Loading class java/util/ResourceBundle$KeyElementReference done
Event: 6.686 Loading class java/util/ResourceBundle$Control$2
Event: 6.686 Loading class java/util/ResourceBundle$Control$2 done
Event: 6.690 Loading class java/util/PropertyResourceBundle
Event: 6.690 Loading class java/util/PropertyResourceBundle done
Event: 6.690 Loading class sun/util/PropertyResourceBundleCharset
Event: 6.690 Loading class sun/util/PropertyResourceBundleCharset done
Event: 6.690 Loading class sun/util/PropertyResourceBundleCharset$PropertiesFileDecoder
Event: 6.690 Loading class sun/util/PropertyResourceBundleCharset$PropertiesFileDecoder done
Event: 6.709 Loading class java/util/ResourceBundle$BundleReference
Event: 6.709 Loading class java/util/ResourceBundle$BundleReference done
Event: 6.712 Loading class java/text/MessageFormat
Event: 6.713 Loading class java/text/MessageFormat done
Event: 6.714 Loading class java/math/BigDecimal
Event: 7.715 Loading class java/math/BigDecimal done

Classes unloaded (0 events):
No events

Classes redefined (0 events):
No events

Internal exceptions (20 events):
Event: 0.333 Thread 0x000001d7b2055c30 Exception <a 'java/lang/NoSuchMethodError'{0x000000008e01b7a8}: 'void java.lang.invoke.DirectMethodHandle$Holder.invokeSpecial(java.lang.Object, java.lang.Object, java.lang.Object)'> (0x000000008e01b7a8) 
thrown [s\src\hotspot\share\interpreter\linkResolver.cpp, line 773]
Event: 0.396 Thread 0x000001d7b2055c30 Exception <a 'java/lang/NoSuchMethodError'{0x000000008dedeb28}: 'void java.lang.invoke.DirectMethodHandle$Holder.invokeSpecial(java.lang.Object, java.lang.Object, java.lang.Object, java.lang.Object, java.lang.Object)'> (0x000000008dedeb28) 
thrown [s\src\hotspot\share\interpreter\linkResolver.cpp, line 773]
Event: 0.402 Thread 0x000001d7b2055c30 Exception <a 'java/lang/NoSuchMethodError'{0x000000008def5338}: 'java.lang.Object java.lang.invoke.DirectMethodHandle$Holder.invokeInterface(java.lang.Object, java.lang.Object)'> (0x000000008def5338) 
thrown [s\src\hotspot\share\interpreter\linkResolver.cpp, line 773]
Event: 0.402 Thread 0x000001d7b2055c30 Exception <a 'java/lang/IncompatibleClassChangeError'{0x000000008def85f0}: Found class java.lang.Object, but interface was expected> (0x000000008def85f0) 
thrown [s\src\hotspot\share\interpreter\linkResolver.cpp, line 840]
Event: 0.403 Thread 0x000001d7b2055c30 Exception <a 'java/lang/NoSuchMethodError'{0x000000008defafa0}: 'void java.lang.invoke.DirectMethodHandle$Holder.invokeStatic(java.lang.Object, java.lang.Object, java.lang.Object, java.lang.Object)'> (0x000000008defafa0) 
thrown [s\src\hotspot\share\interpreter\linkResolver.cpp, line 773]
Event: 0.479 Thread 0x000001d7b2055c30 Exception <a 'java/lang/NoSuchMethodError'{0x000000008dc545f8}: 'java.lang.Object java.lang.invoke.Invokers$Holder.invokeExact_MT(java.lang.Object, java.lang.Object, java.lang.Object, java.lang.Object, java.lang.Object, java.lang.Object)'> (0x000000008dc545f8) 
thrown [s\src\hotspot\share\interpreter\linkResolver.cpp, line 773]
Event: 0.484 Thread 0x000001d7b2055c30 Exception <a 'java/lang/NoSuchMethodError'{0x000000008dc66fc0}: 'void java.lang.invoke.DirectMethodHandle$Holder.invokeStatic(java.lang.Object, java.lang.Object)'> (0x000000008dc66fc0) 
thrown [s\src\hotspot\share\interpreter\linkResolver.cpp, line 773]
Event: 0.890 Thread 0x000001d7b2055c30 Exception <a 'java/lang/NoSuchMethodError'{0x000000008d534e90}: 'void java.lang.invoke.DirectMethodHandle$Holder.invokeStatic(java.lang.Object, java.lang.Object, java.lang.Object)'> (0x000000008d534e90) 
thrown [s\src\hotspot\share\interpreter\linkResolver.cpp, line 773]
Event: 1.066 Thread 0x000001d7b2055c30 Exception <a 'java/lang/NoSuchMethodError'{0x000000008d555b98}: 'int java.lang.invoke.DirectMethodHandle$Holder.invokeStaticInit(java.lang.Object, java.lang.Object, java.lang.Object)'> (0x000000008d555b98) 
thrown [s\src\hotspot\share\interpreter\linkResolver.cpp, line 773]
Event: 1.099 Thread 0x000001d7b2055c30 Exception <a 'java/lang/NoSuchMethodError'{0x000000008d4af1c8}: 'java.lang.Object java.lang.invoke.DirectMethodHandle$Holder.newInvokeSpecial(java.lang.Object, java.lang.Object, int, java.lang.Object)'> (0x000000008d4af1c8) 
thrown [s\src\hotspot\share\interpreter\linkResolver.cpp, line 773]
Event: 1.100 Thread 0x000001d7b2055c30 Exception <a 'java/lang/NoSuchMethodError'{0x000000008d4b33d0}: 'java.lang.Object java.lang.invoke.DirectMethodHandle$Holder.invokeSpecial(java.lang.Object, java.lang.Object, java.lang.Object, int, java.lang.Object)'> (0x000000008d4b33d0) 
thrown [s\src\hotspot\share\interpreter\linkResolver.cpp, line 773]
Event: 6.326 Thread 0x000001d812c5fd20 Exception <a 'java/lang/NoSuchMethodError'{0x000000008d2432c8}: 'void java.lang.invoke.DirectMethodHandle$Holder.invokeStaticInit(java.lang.Object)'> (0x000000008d2432c8) 
thrown [s\src\hotspot\share\interpreter\linkResolver.cpp, line 773]
Event: 6.332 Thread 0x000001d7b2055c30 Exception <a 'java/lang/NoSuchMethodError'{0x000000008d4c6a80}: 'java.lang.Object java.lang.invoke.DirectMethodHandle$Holder.newInvokeSpecial(java.lang.Object, java.lang.Object, java.lang.Object, java.lang.Object, java.lang.Object, java.lang.Object)'> (0x000000008d4c6a80) 
thrown [s\src\hotspot\share\interpreter\linkResolver.cpp, line 773]
Event: 6.371 Thread 0x000001d7b2055c30 Exception <a 'java/lang/NoSuchMethodError'{0x000000008d108bc0}: 'java.lang.Object java.lang.invoke.DirectMethodHandle$Holder.newInvokeSpecial(java.lang.Object, java.lang.Object, java.lang.Object, java.lang.Object, java.lang.Object)'> (0x000000008d108bc0) 
thrown [s\src\hotspot\share\interpreter\linkResolver.cpp, line 773]
Event: 6.524 Thread 0x000001d812c5fd20 Exception <a 'sun/nio/fs/WindowsException'{0x000000008e282f80}> (0x000000008e282f80) 
thrown [s\src\hotspot\share\prims\jni.cpp, line 520]
Event: 6.643 Thread 0x000001d812c5fd20 Exception <a 'sun/nio/fs/WindowsException'{0x000000008e075dc8}> (0x000000008e075dc8) 
thrown [s\src\hotspot\share\prims\jni.cpp, line 520]
Event: 6.684 Thread 0x000001d812c5fd20 Exception <a 'sun/nio/fs/WindowsException'{0x000000008df24528}> (0x000000008df24528) 
thrown [s\src\hotspot\share\prims\jni.cpp, line 520]
Event: 6.687 Thread 0x000001d812c5fd20 Exception <a 'sun/nio/fs/WindowsException'{0x000000008df28f08}> (0x000000008df28f08) 
thrown [s\src\hotspot\share\prims\jni.cpp, line 520]
Event: 6.711 Thread 0x000001d812c5fd20 Exception <a 'sun/nio/fs/WindowsException'{0x000000008df94028}> (0x000000008df94028) 
thrown [s\src\hotspot\share\prims\jni.cpp, line 520]
Event: 6.712 Thread 0x000001d812c5fd20 Exception <a 'sun/nio/fs/WindowsException'{0x000000008df96398}> (0x000000008df96398) 
thrown [s\src\hotspot\share\prims\jni.cpp, line 520]

ZGC Phase Switch (0 events):
No events

VM Operations (20 events):
Event: 0.286 Executing non-safepoint VM operation: HandshakeAllThreads (Deoptimize) done
Event: 0.313 Executing non-safepoint VM operation: HandshakeAllThreads (Deoptimize)
Event: 0.313 Executing non-safepoint VM operation: HandshakeAllThreads (Deoptimize) done
Event: 0.399 Executing non-safepoint VM operation: HandshakeAllThreads (Deoptimize)
Event: 0.399 Executing non-safepoint VM operation: HandshakeAllThreads (Deoptimize) done
Event: 1.078 Executing non-safepoint VM operation: HandshakeAllThreads (Deoptimize)
Event: 1.078 Executing non-safepoint VM operation: HandshakeAllThreads (Deoptimize) done
Event: 1.078 Executing safepoint VM operation: Cleanup
Event: 1.078 Executing safepoint VM operation: Cleanup done
Event: 2.084 Executing safepoint VM operation: Cleanup
Event: 2.084 Executing safepoint VM operation: Cleanup done
Event: 6.387 Executing safepoint VM operation: G1CollectForAllocation (G1 Evacuation Pause)
Event: 6.395 Executing safepoint VM operation: G1CollectForAllocation (G1 Evacuation Pause) done
Event: 6.645 Executing non-safepoint VM operation: HandshakeAllThreads (Deoptimize)
Event: 6.645 Executing non-safepoint VM operation: HandshakeAllThreads (Deoptimize) done
Event: 6.652 Executing non-safepoint VM operation: HandshakeAllThreads (Deoptimize)
Event: 6.652 Executing non-safepoint VM operation: HandshakeAllThreads (Deoptimize) done
Event: 6.714 Executing non-safepoint VM operation: HandshakeAllThreads (Deoptimize)
Event: 6.714 Executing non-safepoint VM operation: HandshakeAllThreads (Deoptimize) done
Event: 7.713 Executing safepoint VM operation: Cleanup

Memory protections (0 events):
No events

Nmethod flushes (0 events):
No events

Events (20 events):
Event: 0.059 Thread 0x000001d7b2055c30 Thread added: 0x000001d7cc640030
Event: 0.060 Thread 0x000001d7b2055c30 Thread added: 0x000001d7cc641880
Event: 0.060 Thread 0x000001d7b2055c30 Thread added: 0x000001d7cc644a70
Event: 0.060 Thread 0x000001d7b2055c30 Thread added: 0x000001d7cc64a490
Event: 0.060 Thread 0x000001d7b2055c30 Thread added: 0x000001d7cc662b20
Event: 0.105 Thread 0x000001d7b2055c30 Thread added: 0x000001d7cc74c830
Event: 0.235 Thread 0x000001d7cc662b20 Thread added: 0x000001d7cc6631f0
Event: 0.260 Thread 0x000001d7cc662b20 Thread added: 0x000001d7cc661d80
Event: 0.429 Thread 0x000001d7b2055c30 Thread added: 0x000001d7cc904f60
Event: 0.555 Thread 0x000001d7cc661d80 Thread exited: 0x000001d7cc661d80
Event: 0.606 Thread 0x000001d7cc64a490 Thread added: 0x000001d7cc6638c0
Event: 0.892 Thread 0x000001d7b2055c30 Thread added: 0x000001d8127f45d0
Event: 1.060 Thread 0x000001d7cc6638c0 Thread exited: 0x000001d7cc6638c0
Event: 1.062 Thread 0x000001d7cc6631f0 Thread exited: 0x000001d7cc6631f0
Event: 1.096 Thread 0x000001d7b2055c30 Thread added: 0x000001d812c39170
Event: 1.101 Thread 0x000001d7b2055c30 Thread added: 0x000001d812c5fd20
Event: 6.354 Thread 0x000001d8127e0560 Thread added: 0x000001d8127e0560
Event: 6.374 Thread 0x000001d7b2055c30 Thread added: 0x000001d8127e0dd0
Event: 6.635 Thread 0x000001d812c5fd20 Thread added: 0x000001d7cc882380
Event: 6.701 Thread 0x000001d7cc64a490 Thread added: 0x000001d7cc662450


Dynamic libraries:
0x00007ff76cba0000 - 0x00007ff76cbae000 	C:\Users\WSI\.p2\pool\plugins\org.eclipse.justj.openjdk.hotspot.jre.full.win32.x86_64_21.0.10.v20260205-0638\jre\bin\javaw.exe
0x00007ffc9c1e0000 - 0x00007ffc9c448000 	C:\WINDOWS\SYSTEM32\ntdll.dll
0x00007ffc9b1c0000 - 0x00007ffc9b289000 	C:\WINDOWS\System32\KERNEL32.DLL
0x00007ffc98c40000 - 0x00007ffc99031000 	C:\WINDOWS\System32\KERNELBASE.dll
0x00007ffc99170000 - 0x00007ffc992bb000 	C:\WINDOWS\System32\ucrtbase.dll
0x00007ffc93d80000 - 0x00007ffc93d98000 	C:\Users\WSI\.p2\pool\plugins\org.eclipse.justj.openjdk.hotspot.jre.full.win32.x86_64_21.0.10.v20260205-0638\jre\bin\jli.dll
0x00007ffc9b870000 - 0x00007ffc9ba36000 	C:\WINDOWS\System32\USER32.dll
0x00007ffc98b80000 - 0x00007ffc98ba7000 	C:\WINDOWS\System32\win32u.dll
0x00007ffc9c170000 - 0x00007ffc9c19b000 	C:\WINDOWS\System32\GDI32.dll
0x00007ffc99040000 - 0x00007ffc9916b000 	C:\WINDOWS\System32\gdi32full.dll
0x00007ffc992c0000 - 0x00007ffc99363000 	C:\WINDOWS\System32\msvcp_win.dll
0x00007ffc895b0000 - 0x00007ffc895ce000 	C:\Users\WSI\.p2\pool\plugins\org.eclipse.justj.openjdk.hotspot.jre.full.win32.x86_64_21.0.10.v20260205-0638\jre\bin\VCRUNTIME140.dll
0x00007ffc822d0000 - 0x00007ffc82563000 	C:\WINDOWS\WinSxS\amd64_microsoft.windows.common-controls_6595b64144ccf1df_6.0.26100.7824_none_3e0870b2e3345462\COMCTL32.dll
0x00007ffc9c000000 - 0x00007ffc9c0a9000 	C:\WINDOWS\System32\msvcrt.dll
0x00007ffc9bb50000 - 0x00007ffc9bb81000 	C:\WINDOWS\System32\IMM32.DLL
0x00007ffc95640000 - 0x00007ffc9564c000 	C:\Users\WSI\.p2\pool\plugins\org.eclipse.justj.openjdk.hotspot.jre.full.win32.x86_64_21.0.10.v20260205-0638\jre\bin\vcruntime140_1.dll
0x00007ffc85ed0000 - 0x00007ffc85f5d000 	C:\Users\WSI\.p2\pool\plugins\org.eclipse.justj.openjdk.hotspot.jre.full.win32.x86_64_21.0.10.v20260205-0638\jre\bin\msvcp140.dll
0x00007ffc0d260000 - 0x00007ffc0e001000 	C:\Users\WSI\.p2\pool\plugins\org.eclipse.justj.openjdk.hotspot.jre.full.win32.x86_64_21.0.10.v20260205-0638\jre\bin\server\jvm.dll
0x00007ffc9c0b0000 - 0x00007ffc9c164000 	C:\WINDOWS\System32\ADVAPI32.dll
0x00007ffc99f90000 - 0x00007ffc9a036000 	C:\WINDOWS\System32\sechost.dll
0x00007ffc9bcf0000 - 0x00007ffc9be08000 	C:\WINDOWS\System32\RPCRT4.dll
0x00007ffc9bc70000 - 0x00007ffc9bce4000 	C:\WINDOWS\System32\WS2_32.dll
0x00007ffc98920000 - 0x00007ffc9897e000 	C:\WINDOWS\SYSTEM32\POWRPROF.dll
0x00007ffc8ff90000 - 0x00007ffc8ffc5000 	C:\WINDOWS\SYSTEM32\WINMM.dll
0x00007ffc89cc0000 - 0x00007ffc89ccb000 	C:\WINDOWS\SYSTEM32\VERSION.dll
0x00007ffc98900000 - 0x00007ffc98914000 	C:\WINDOWS\SYSTEM32\UMPDC.dll
0x00007ffc97860000 - 0x00007ffc9787b000 	C:\WINDOWS\SYSTEM32\kernel.appcore.dll
0x00007ffc8b0e0000 - 0x00007ffc8b0ea000 	C:\Users\WSI\.p2\pool\plugins\org.eclipse.justj.openjdk.hotspot.jre.full.win32.x86_64_21.0.10.v20260205-0638\jre\bin\jimage.dll
0x00007ffc96910000 - 0x00007ffc96b52000 	C:\WINDOWS\SYSTEM32\DBGHELP.DLL
0x00007ffc9b4e0000 - 0x00007ffc9b866000 	C:\WINDOWS\System32\combase.dll
0x00007ffc9b400000 - 0x00007ffc9b4d7000 	C:\WINDOWS\System32\OLEAUT32.dll
0x00007ffc6f0d0000 - 0x00007ffc6f10b000 	C:\WINDOWS\SYSTEM32\dbgcore.DLL
0x00007ffc994f0000 - 0x00007ffc99595000 	C:\WINDOWS\System32\bcryptPrimitives.dll
0x00007ffc8b0c0000 - 0x00007ffc8b0e0000 	C:\Users\WSI\.p2\pool\plugins\org.eclipse.justj.openjdk.hotspot.jre.full.win32.x86_64_21.0.10.v20260205-0638\jre\bin\java.dll
0x00007ffc9aa60000 - 0x00007ffc9b1b2000 	C:\WINDOWS\System32\SHELL32.dll
0x00007ffc995a0000 - 0x00007ffc9970a000 	C:\WINDOWS\System32\wintypes.dll
0x00007ffc99710000 - 0x00007ffc99f73000 	C:\WINDOWS\System32\windows.storage.dll
0x00007ffc9a960000 - 0x00007ffc9aa56000 	C:\WINDOWS\System32\SHCORE.dll
0x00007ffc9a2f0000 - 0x00007ffc9a357000 	C:\WINDOWS\System32\shlwapi.dll
0x00007ffc989e0000 - 0x00007ffc98a09000 	C:\WINDOWS\SYSTEM32\profapi.dll
0x00007ffc89b00000 - 0x00007ffc89b18000 	C:\Users\WSI\.p2\pool\plugins\org.eclipse.justj.openjdk.hotspot.jre.full.win32.x86_64_21.0.10.v20260205-0638\jre\bin\zip.dll
0x00007ffc89af0000 - 0x00007ffc89b00000 	C:\Users\WSI\.p2\pool\plugins\org.eclipse.justj.openjdk.hotspot.jre.full.win32.x86_64_21.0.10.v20260205-0638\jre\bin\net.dll
0x00007ffc8f6f0000 - 0x00007ffc8f817000 	C:\WINDOWS\SYSTEM32\WINHTTP.dll
0x00007ffc97dd0000 - 0x00007ffc97e3b000 	C:\WINDOWS\system32\mswsock.dll
0x00007ffc89ad0000 - 0x00007ffc89ae6000 	C:\Users\WSI\.p2\pool\plugins\org.eclipse.justj.openjdk.hotspot.jre.full.win32.x86_64_21.0.10.v20260205-0638\jre\bin\nio.dll
0x000001d7b43e0000 - 0x000001d7b43e3000 	C:\Users\WSI\.openjfx\cache\21+31\amd64\api-ms-win-core-console-l1-1-0.dll
0x000001d7b43f0000 - 0x000001d7b43f3000 	C:\Users\WSI\.openjfx\cache\21+31\amd64\api-ms-win-core-console-l1-2-0.dll
0x000001d7b4400000 - 0x000001d7b4403000 	C:\Users\WSI\.openjfx\cache\21+31\amd64\api-ms-win-core-datetime-l1-1-0.dll
0x000001d7b4410000 - 0x000001d7b4413000 	C:\Users\WSI\.openjfx\cache\21+31\amd64\api-ms-win-core-debug-l1-1-0.dll
0x000001d7b4420000 - 0x000001d7b4423000 	C:\Users\WSI\.openjfx\cache\21+31\amd64\api-ms-win-core-errorhandling-l1-1-0.dll
0x000001d7b4430000 - 0x000001d7b4434000 	C:\Users\WSI\.openjfx\cache\21+31\amd64\api-ms-win-core-file-l1-1-0.dll
0x000001d7b4440000 - 0x000001d7b4443000 	C:\Users\WSI\.openjfx\cache\21+31\amd64\api-ms-win-core-file-l1-2-0.dll
0x000001d7b4450000 - 0x000001d7b4453000 	C:\Users\WSI\.openjfx\cache\21+31\amd64\api-ms-win-core-file-l2-1-0.dll
0x000001d7b4460000 - 0x000001d7b4463000 	C:\Users\WSI\.openjfx\cache\21+31\amd64\api-ms-win-core-handle-l1-1-0.dll
0x000001d7b4470000 - 0x000001d7b4473000 	C:\Users\WSI\.openjfx\cache\21+31\amd64\api-ms-win-core-heap-l1-1-0.dll
0x000001d7b4480000 - 0x000001d7b4483000 	C:\Users\WSI\.openjfx\cache\21+31\amd64\api-ms-win-core-interlocked-l1-1-0.dll
0x000001d7b4490000 - 0x000001d7b4493000 	C:\Users\WSI\.openjfx\cache\21+31\amd64\api-ms-win-core-libraryloader-l1-1-0.dll
0x000001d7cca80000 - 0x000001d7cca83000 	C:\Users\WSI\.openjfx\cache\21+31\amd64\api-ms-win-core-localization-l1-2-0.dll
0x000001d7cca90000 - 0x000001d7cca93000 	C:\Users\WSI\.openjfx\cache\21+31\amd64\api-ms-win-core-memory-l1-1-0.dll
0x000001d7ccaa0000 - 0x000001d7ccaa3000 	C:\Users\WSI\.openjfx\cache\21+31\amd64\api-ms-win-core-namedpipe-l1-1-0.dll
0x000001d7ccab0000 - 0x000001d7ccab3000 	C:\Users\WSI\.openjfx\cache\21+31\amd64\api-ms-win-core-processenvironment-l1-1-0.dll
0x000001d7ccac0000 - 0x000001d7ccac3000 	C:\Users\WSI\.openjfx\cache\21+31\amd64\api-ms-win-core-processthreads-l1-1-0.dll
0x000001d7ccad0000 - 0x000001d7ccad3000 	C:\Users\WSI\.openjfx\cache\21+31\amd64\api-ms-win-core-processthreads-l1-1-1.dll
0x000001d7ccae0000 - 0x000001d7ccae3000 	C:\Users\WSI\.openjfx\cache\21+31\amd64\api-ms-win-core-profile-l1-1-0.dll
0x000001d7ccaf0000 - 0x000001d7ccaf3000 	C:\Users\WSI\.openjfx\cache\21+31\amd64\api-ms-win-core-rtlsupport-l1-1-0.dll
0x000001d7ccb00000 - 0x000001d7ccb03000 	C:\Users\WSI\.openjfx\cache\21+31\amd64\api-ms-win-core-string-l1-1-0.dll
0x000001d7ccb10000 - 0x000001d7ccb13000 	C:\Users\WSI\.openjfx\cache\21+31\amd64\api-ms-win-core-synch-l1-1-0.dll
0x000001d7ccb20000 - 0x000001d7ccb23000 	C:\Users\WSI\.openjfx\cache\21+31\amd64\api-ms-win-core-synch-l1-2-0.dll
0x000001d7ccb30000 - 0x000001d7ccb33000 	C:\Users\WSI\.openjfx\cache\21+31\amd64\api-ms-win-core-sysinfo-l1-1-0.dll
0x000001d7ccb40000 - 0x000001d7ccb43000 	C:\Users\WSI\.openjfx\cache\21+31\amd64\api-ms-win-core-timezone-l1-1-0.dll
0x000001d7ccb50000 - 0x000001d7ccb53000 	C:\Users\WSI\.openjfx\cache\21+31\amd64\api-ms-win-core-util-l1-1-0.dll
0x000001d7ccb60000 - 0x000001d7ccb63000 	C:\Users\WSI\.openjfx\cache\21+31\amd64\api-ms-win-crt-conio-l1-1-0.dll
0x000001d7ccb70000 - 0x000001d7ccb74000 	C:\Users\WSI\.openjfx\cache\21+31\amd64\api-ms-win-crt-convert-l1-1-0.dll
0x000001d7ccb80000 - 0x000001d7ccb83000 	C:\Users\WSI\.openjfx\cache\21+31\amd64\api-ms-win-crt-environment-l1-1-0.dll
0x000001d7ccb90000 - 0x000001d7ccb93000 	C:\Users\WSI\.openjfx\cache\21+31\amd64\api-ms-win-crt-filesystem-l1-1-0.dll
0x000001d7ccba0000 - 0x000001d7ccba3000 	C:\Users\WSI\.openjfx\cache\21+31\amd64\api-ms-win-crt-heap-l1-1-0.dll
0x000001d7ccbb0000 - 0x000001d7ccbb3000 	C:\Users\WSI\.openjfx\cache\21+31\amd64\api-ms-win-crt-locale-l1-1-0.dll
0x000001d7ccbc0000 - 0x000001d7ccbc5000 	C:\Users\WSI\.openjfx\cache\21+31\amd64\api-ms-win-crt-math-l1-1-0.dll
0x000001d7ccbd0000 - 0x000001d7ccbd5000 	C:\Users\WSI\.openjfx\cache\21+31\amd64\api-ms-win-crt-multibyte-l1-1-0.dll
0x000001d7ccbe0000 - 0x000001d7ccbf0000 	C:\Users\WSI\.openjfx\cache\21+31\amd64\api-ms-win-crt-private-l1-1-0.dll
0x000001d7ccbf0000 - 0x000001d7ccbf3000 	C:\Users\WSI\.openjfx\cache\21+31\amd64\api-ms-win-crt-process-l1-1-0.dll
0x000001d7ccc00000 - 0x000001d7ccc04000 	C:\Users\WSI\.openjfx\cache\21+31\amd64\api-ms-win-crt-runtime-l1-1-0.dll
0x000001d7ccc10000 - 0x000001d7ccc14000 	C:\Users\WSI\.openjfx\cache\21+31\amd64\api-ms-win-crt-stdio-l1-1-0.dll
0x000001d7ccc20000 - 0x000001d7ccc24000 	C:\Users\WSI\.openjfx\cache\21+31\amd64\api-ms-win-crt-string-l1-1-0.dll
0x000001d7ccc30000 - 0x000001d7ccc33000 	C:\Users\WSI\.openjfx\cache\21+31\amd64\api-ms-win-crt-time-l1-1-0.dll
0x000001d7ccc40000 - 0x000001d7ccc43000 	C:\Users\WSI\.openjfx\cache\21+31\amd64\api-ms-win-crt-utility-l1-1-0.dll
0x00007ffc7a790000 - 0x00007ffc7a88c000 	C:\Users\WSI\.openjfx\cache\21+31\amd64\ucrtbase.dll
0x00007ffc7ccf0000 - 0x00007ffc7cd0b000 	C:\Users\WSI\.openjfx\cache\21+31\amd64\vcruntime140.dll
0x00007ffc93d40000 - 0x00007ffc93d4c000 	C:\Users\WSI\.openjfx\cache\21+31\amd64\vcruntime140_1.dll
0x00007ffc7a6b0000 - 0x00007ffc7a73e000 	C:\Users\WSI\.openjfx\cache\21+31\amd64\msvcp140.dll
0x00007ffc9a040000 - 0x00007ffc9a1d7000 	C:\WINDOWS\System32\ole32.dll
0x00007ffc86170000 - 0x00007ffc86179000 	C:\Users\WSI\.openjfx\cache\21+31\amd64\msvcp140_1.dll
0x00007ffc7b3e0000 - 0x00007ffc7b40f000 	C:\Users\WSI\.openjfx\cache\21+31\amd64\msvcp140_2.dll
0x00007ffc7b120000 - 0x00007ffc7b14f000 	C:\Users\WSI\.openjfx\cache\21+31\amd64\prism_d3d.dll
0x00007ffc62950000 - 0x00007ffc62b03000 	C:\WINDOWS\system32\d3d9.dll
0x00007ffc962e0000 - 0x00007ffc96311000 	C:\WINDOWS\SYSTEM32\dwmapi.dll
0x00007ffc96340000 - 0x00007ffc96384000 	C:\WINDOWS\SYSTEM32\dxcore.dll
0x00007ffc96070000 - 0x00007ffc9611b000 	C:\WINDOWS\system32\uxtheme.dll
0x00007ffc62810000 - 0x00007ffc628d3000 	C:\WINDOWS\SYSTEM32\d3d9on12.dll
0x00007ffc96180000 - 0x00007ffc962bc000 	C:\WINDOWS\SYSTEM32\dxgi.dll
0x00007ffc89c90000 - 0x00007ffc89cb3000 	C:\WINDOWS\SYSTEM32\d3d12.dll
0x00007ffc98600000 - 0x00007ffc98657000 	C:\WINDOWS\SYSTEM32\cfgmgr32.dll
0x00007ffc623c0000 - 0x00007ffc62719000 	C:\WINDOWS\SYSTEM32\D3D12Core.dll
0x00007ffc622a0000 - 0x00007ffc623bb000 	C:\WINDOWS\System32\DriverStore\FileRepository\iigd_dch.inf_amd64_ed531570852d256f\igd12umd64.dll
0x00007ffc60e70000 - 0x00007ffc62298000 	C:\WINDOWS\System32\DriverStore\FileRepository\iigd_dch.inf_amd64_ed531570852d256f\igd12um64xel.dll
0x00007ffc99370000 - 0x00007ffc994e7000 	C:\WINDOWS\System32\CRYPT32.dll
0x00007ffc989b0000 - 0x00007ffc989da000 	C:\WINDOWS\SYSTEM32\bcrypt.dll
0x00007ffc7d400000 - 0x00007ffc7d57a000 	C:\WINDOWS\SYSTEM32\drvstore.dll
0x00007ffc60d60000 - 0x00007ffc60d86000 	C:\WINDOWS\System32\DriverStore\FileRepository\iigd_dch.inf_amd64_ed531570852d256f\igdext64.dll
0x00007ffc8fe60000 - 0x00007ffc8fef3000 	C:\WINDOWS\System32\DriverStore\FileRepository\iigd_dch.inf_amd64_ed531570852d256f\IntelControlLib.dll
0x00007ffc93390000 - 0x00007ffc933f3000 	C:\WINDOWS\SYSTEM32\directxdatabasehelper.dll
0x00007ffc8f820000 - 0x00007ffc8fc5e000 	C:\WINDOWS\System32\DriverStore\FileRepository\iigd_dch.inf_amd64_ed531570852d256f\igdgmm64.dll
0x00007ffc8b6a0000 - 0x00007ffc8f6e2000 	C:\WINDOWS\System32\DriverStore\FileRepository\iigd_dch.inf_amd64_ed531570852d256f\igc64.dll
0x00007ffc60b30000 - 0x00007ffc60c15000 	C:\WINDOWS\SYSTEM32\D3DSCache.dll
0x00007ffc97e80000 - 0x00007ffc97eab000 	C:\WINDOWS\SYSTEM32\USERENV.dll
0x00007ffc60810000 - 0x00007ffc60b2d000 	C:\WINDOWS\System32\DriverStore\FileRepository\iigd_dch.inf_amd64_ed531570852d256f\igd12dxva64.dll
0x00007ffc9a4d0000 - 0x00007ffc9a959000 	C:\WINDOWS\System32\SETUPAPI.dll
0x00007ffc4e170000 - 0x00007ffc4f518000 	C:\WINDOWS\System32\DriverStore\FileRepository\iigd_dch.inf_amd64_ed531570852d256f\igddxvacommon64.dll
0x00007ffc4c440000 - 0x00007ffc4e16b000 	C:\WINDOWS\System32\DriverStore\FileRepository\iigd_dch.inf_amd64_ed531570852d256f\media_bin_64.dll
0x00007ffc607e0000 - 0x00007ffc60807000 	C:\WINDOWS\System32\DriverStore\FileRepository\iigd_dch.inf_amd64_ed531570852d256f\igdinfo64.dll
0x00007ffc980a0000 - 0x00007ffc980bb000 	C:\WINDOWS\SYSTEM32\CRYPTSP.dll
0x00007ffc977c0000 - 0x00007ffc977f9000 	C:\WINDOWS\system32\rsaenh.dll
0x00007ffc980c0000 - 0x00007ffc980cc000 	C:\WINDOWS\SYSTEM32\CRYPTBASE.dll
0x00007ffc7a660000 - 0x00007ffc7a6a2000 	C:\Users\WSI\.openjfx\cache\21+31\amd64\glass.dll
0x00007ffc9a1f0000 - 0x00007ffc9a2df000 	C:\WINDOWS\System32\COMDLG32.dll
0x00007ffc9b290000 - 0x00007ffc9b3ef000 	C:\WINDOWS\System32\MSCTF.dll

JVMTI agents: none

dbghelp: loaded successfully - version: 4.0.5 - missing functions: none
symbol engine: initialized successfully - sym options: 0x614 - pdb path: .;C:\Users\WSI\.p2\pool\plugins\org.eclipse.justj.openjdk.hotspot.jre.full.win32.x86_64_21.0.10.v20260205-0638\jre\bin;C:\WINDOWS\SYSTEM32;C:\WINDOWS\WinSxS\amd64_microsoft.windows.common-controls_6595b64144ccf1df_6.0.26100.7824_none_3e0870b2e3345462;C:\Users\WSI\.p2\pool\plugins\org.eclipse.justj.openjdk.hotspot.jre.full.win32.x86_64_21.0.10.v20260205-0638\jre\bin\server;C:\Users\WSI\.openjfx\cache\21+31\amd64;C:\WINDOWS\System32\DriverStore\FileRepository\iigd_dch.inf_amd64_ed531570852d256f

VM Arguments:
jvm_args: -Dfile.encoding=UTF-8 -Dstdout.encoding=UTF-8 -Dstderr.encoding=UTF-8 --module-path=C:\Users\WSI\git\EcoMarine\5\activiteReservation\target\classes;C:\Users\WSI\.m2\repository\org\openjfx\javafx-controls\21\javafx-controls-21-win.jar;C:\Users\WSI\.m2\repository\org\openjfx\javafx-graphics\21\javafx-graphics-21-win.jar;C:\Users\WSI\.m2\repository\org\openjfx\javafx-base\21\javafx-base-21-win.jar;C:\Users\WSI\.m2\repository\org\openjfx\javafx-fxml\21\javafx-fxml-21-win.jar;C:\Users\WSI\.m2\repository\com\squareup\okhttp3\okhttp\4.12.0\okhttp-4.12.0.jar;C:\Users\WSI\.m2\repository\com\google\code\gson\gson\2.10.1\gson-2.10.1.jar;C:\Users\WSI\.m2\repository\com\calendarfx\view\11.12.7\view-11.12.7.jar;C:\Users\WSI\.m2\repository\org\kordamp\ikonli\ikonli-javafx\12.3.1\ikonli-javafx-12.3.1.jar;C:\Users\WSI\.m2\repository\org\kordamp\ikonli\ikonli-core\12.3.1\ikonli-core-12.3.1.jar;C:\Users\WSI\.m2\repository\org\kordamp\ikonli\ikonli-fontawesome-pack\12.3.1\ikonli-fontawesome-pack-12.3.1.jar;C:\Users\WSI\.m2\repository\org\mnode\ical4j\ical4j\4.0.0-rc5\ical4j-4.0.0-rc5.jar;C:\Users\WSI\.m2\repository\org\slf4j\slf4j-api\2.0.9\slf4j-api-2.0.9.jar;C:\Users\WSI\.m2\repository\commons-codec\commons-codec\1.16.0\commons-codec-1.16.0.jar;C:\Users\WSI\.m2\repository\org\apache\commons\commons-lang3\3.14.0\commons-lang3-3.14.0.jar;C:\Users\WSI\.m2\repository\org\threeten\threeten-extra\1.7.2\threeten-extra-1.7.2.jar;C:\Users\WSI\.m2\repository\org\controlsfx\controlsfx\11.1.1\controlsfx-11.1.1.jar -XX:+ShowCodeDetailsInExceptionMessages -Djdk.module.main=activiteReservation 
java_command: activiteReservation/main.MainFx
java_class_path (initial): C:\Users\WSI\.p2\pool\plugins\org.junit_4.13.2.v20240929-1000.jar;C:\Users\WSI\.p2\pool\plugins\org.hamcrest_3.0.0.jar;C:\Users\WSI\.m2\repository\org\openjfx\javafx-controls\21\javafx-controls-21.jar;C:\Users\WSI\.m2\repository\org\openjfx\javafx-graphics\21\javafx-graphics-21.jar;C:\Users\WSI\.m2\repository\org\openjfx\javafx-base\21\javafx-base-21.jar;C:\Users\WSI\.m2\repository\org\openjfx\javafx-fxml\21\javafx-fxml-21.jar;C:\Users\WSI\.m2\repository\com\squareup\okio\okio\3.6.0\okio-3.6.0.jar;C:\Users\WSI\.m2\repository\com\squareup\okio\okio-jvm\3.6.0\okio-jvm-3.6.0.jar;C:\Users\WSI\.m2\repository\org\jetbrains\kotlin\kotlin-stdlib-common\1.9.10\kotlin-stdlib-common-1.9.10.jar;C:\Users\WSI\.m2\repository\org\jetbrains\kotlin\kotlin-stdlib-jdk8\1.8.21\kotlin-stdlib-jdk8-1.8.21.jar;C:\Users\WSI\.m2\repository\org\jetbrains\kotlin\kotlin-stdlib\1.8.21\kotlin-stdlib-1.8.21.jar;C:\Users\WSI\.m2\repository\org\jetbrains\annotations\13.0\annotations-13.0.jar;C:\Users\WSI\.m2\repository\org\jetbrains\kotlin\kotlin-stdlib-jdk7\1.8.21\kotlin-stdlib-jdk7-1.8.21.jar;C:\Users\WSI\.m2\repository\com\mysql\mysql-connector-j\9.6.0\mysql-connector-j-9.6.0.jar;C:\Users\WSI\.m2\repository\com\google\protobuf\protobuf-java\4.31.1\protobuf-java-4.31.1.jar
Launcher Type: SUN_STANDARD

[Global flags]
     intx CICompilerCount                          = 4                                         {product} {ergonomic}
     uint ConcGCThreads                            = 3                                         {product} {ergonomic}
     uint G1ConcRefinementThreads                  = 10                                        {product} {ergonomic}
   size_t G1HeapRegionSize                         = 1048576                                   {product} {ergonomic}
    uintx GCDrainStackTargetSize                   = 64                                        {product} {ergonomic}
   size_t InitialHeapSize                          = 127926272                                 {product} {ergonomic}
   size_t MarkStackSize                            = 4194304                                   {product} {ergonomic}
   size_t MaxHeapSize                              = 2032140288                                {product} {ergonomic}
   size_t MaxNewSize                               = 1218445312                                {product} {ergonomic}
   size_t MinHeapDeltaBytes                        = 1048576                                   {product} {ergonomic}
   size_t MinHeapSize                              = 8388608                                   {product} {ergonomic}
    uintx NonNMethodCodeHeapSize                   = 5839372                                {pd product} {ergonomic}
    uintx NonProfiledCodeHeapSize                  = 122909434                              {pd product} {ergonomic}
    uintx ProfiledCodeHeapSize                     = 122909434                              {pd product} {ergonomic}
    uintx ReservedCodeCacheSize                    = 251658240                              {pd product} {ergonomic}
     bool SegmentedCodeCache                       = true                                      {product} {ergonomic}
     bool ShowCodeDetailsInExceptionMessages       = true                                   {manageable} {command line}
   size_t SoftMaxHeapSize                          = 2032140288                             {manageable} {ergonomic}
     bool UseCompressedOops                        = true                           {product lp64_product} {ergonomic}
     bool UseG1GC                                  = true                                      {product} {ergonomic}
     bool UseLargePagesIndividualAllocation        = false                                  {pd product} {ergonomic}

Logging:
Log output configuration:
 #0: stdout all=warning uptime,level,tags foldmultilines=false
 #1: stderr all=off uptime,level,tags foldmultilines=false

Release file:
JAVA_VERSION="21.0.10" 
MODULES="java.base java.compiler java.datatransfer java.xml java.prefs java.desktop java.instrument java.logging java.management java.security.sasl java.naming java.rmi java.management.rmi java.net.http java.scripting java.security.jgss java.transaction.xa java.sql java.sql.rowset java.xml.crypto java.se java.smartcardio jdk.accessibility jdk.internal.jvmstat jdk.attach jdk.charsets jdk.internal.opt jdk.zipfs jdk.compiler jdk.crypto.ec jdk.crypto.cryptoki jdk.crypto.mscapi jdk.dynalink jdk.internal.ed jdk.editpad jdk.hotspot.agent jdk.httpserver jdk.internal.le jdk.internal.vm.ci jdk.internal.vm.compiler jdk.internal.vm.compiler.management jdk.jartool jdk.javadoc jdk.jcmd jdk.management jdk.management.agent jdk.jconsole jdk.jdeps jdk.jdwp.agent jdk.jdi jdk.jfr jdk.jshell jdk.jsobject jdk.jstatd jdk.localedata jdk.management.jfr jdk.naming.dns jdk.naming.rmi jdk.net jdk.nio.mapmode jdk.random jdk.sctp jdk.security.auth jdk.security.jgss jdk.unsupported jdk.unsupported.desktop jdk.xml.dom" 

Environment Variables:
PATH=C:/Users/WSI/.p2/pool/plugins/org.eclipse.justj.openjdk.hotspot.jre.full.win32.x86_64_21.0.10.v20260205-0638/jre/bin/server;C:/Users/WSI/.p2/pool/plugins/org.eclipse.justj.openjdk.hotspot.jre.full.win32.x86_64_21.0.10.v20260205-0638/jre/bin;C:\oraclexe\app\oracle\product\10.2.0\server\bin;C:\Program Files (x86)\VMware\VMware Workstation\bin\;C:\oraclexe\app\oracle\product\11.2.0\server\bin;C:\WINDOWS\system32;C:\WINDOWS;C:\WINDOWS\System32\Wbem;C:\WINDOWS\System32\WindowsPowerShell\v1.0\;C:\WINDOWS\System32\OpenSSH\;C:\Program Files\MATLAB\R2013a\runtime\win64;C:\Program Files\MATLAB\R2013a\bin;C:\Program Files (x86)\Microchip\MPLAB C32 Suite\bin;C:\Program Files\nodejs\;C:\wamp64\bin\php\php8.1.28;C:\composer;C:\Program Files\Git\cmd;C:\Users\WSI\scoop\shims;C:\Users\WSI\AppData\Local\Microsoft\WindowsApps;C:\Users\WSI\Desktop\Microsoft VS Code\bin;C:\Users\WSI\AppData\Roaming\Composer\vendor\bin;C:\Users\WSI\Desktop;
USERNAME=WSI
OS=Windows_NT
PROCESSOR_IDENTIFIER=Intel64 Family 6 Model 154 Stepping 4, GenuineIntel
TMP=C:\Users\WSI\AppData\Local\Temp
TEMP=C:\Users\WSI\AppData\Local\Temp




Periodic native trim disabled

---------------  S Y S T E M  ---------------

OS:
 Windows 11 , 64 bit Build 26100 (10.0.26100.7705)
OS uptime: 0 days 2:34 hours
Hyper-V role detected

CPU: total 12 (initial active 12) (6 cores per cpu, 2 threads per core) family 6 model 154 stepping 4 microcode 0x437, cx8, cmov, fxsr, ht, mmx, 3dnowpref, sse, sse2, sse3, ssse3, sse4.1, sse4.2, popcnt, lzcnt, tsc, tscinvbit, avx, avx2, aes, erms, clmul, bmi1, bmi2, adx, sha, fma, vzeroupper, clflush, clflushopt, clwb, hv, serialize, rdtscp, rdpid, fsrm, f16c, cet_ibt, cet_ss
Processor Information for the first 12 processors :
  Max Mhz: 1300, Current Mhz: 1300, Mhz Limit: 1300

Memory: 4k page, system-wide physical 7750M (604M free)
TotalPageFile size 31302M (AvailPageFile size 24M)
current process WorkingSet (physical memory assigned to process): 107M, peak: 107M
current process commit charge ("private bytes"): 252M, peak: 309M

vm_info: OpenJDK 64-Bit Server VM (21.0.10+7-LTS) for windows-amd64 JRE (21.0.10+7-LTS), built on 2026-01-20T00:00:00Z by "admin" with MS VC++ 17.12 (VS2022)

END.
