#
# There is insufficient memory for the Java Runtime Environment to continue.
# Native memory allocation (malloc) failed to allocate 1284464 bytes. Error detail: Chunk::new
# Possible reasons:
#   The system is out of physical RAM or swap space
#   This process is running with CompressedOops enabled, and the Java Heap may be blocking the growth of the native heap
# Possible solutions:
#   Reduce memory load on the system
#   Increase physical memory or swap space
#   Check if swap backing store is full
#   Decrease Java heap size (-Xmx/-Xms)
#   Decrease number of Java threads
#   Decrease Java thread stack sizes (-Xss)
#   Set larger code cache with -XX:ReservedCodeCacheSize=
#   JVM is running with Unscaled Compressed Oops mode in which the Java heap is
#     placed in the first 4GB address space. The Java Heap base address is the
#     maximum limit for the native heap growth. Please use -XX:HeapBaseMinAddress
#     to set the Java Heap base and to place the Java Heap above 4GB virtual address.
# This output file may be truncated or incomplete.
#
#  Out of Memory Error (arena.cpp:168), pid=20688, tid=17368
#
# JRE version: OpenJDK Runtime Environment Temurin-21.0.10+7 (21.0.10+7) (build 21.0.10+7-LTS)
# Java VM: OpenJDK 64-Bit Server VM Temurin-21.0.10+7 (21.0.10+7-LTS, mixed mode, sharing, tiered, compressed oops, compressed class ptrs, g1 gc, windows-amd64)
# No core dump will be written. Minidumps are not enabled by default on client versions of Windows
#

---------------  S U M M A R Y ------------

Command Line: -Dfile.encoding=UTF-8 -Dstdout.encoding=UTF-8 -Dstderr.encoding=UTF-8 --module-path=C:\Users\WSI\git\EcoMarine\5\activiteReservation\target\classes;C:\Users\WSI\.m2\repository\org\openjfx\javafx-controls\21\javafx-controls-21-win.jar;C:\Users\WSI\.m2\repository\org\openjfx\javafx-graphics\21\javafx-graphics-21-win.jar;C:\Users\WSI\.m2\repository\org\openjfx\javafx-base\21\javafx-base-21-win.jar;C:\Users\WSI\.m2\repository\org\openjfx\javafx-fxml\21\javafx-fxml-21-win.jar;C:\Users\WSI\.m2\repository\com\squareup\okhttp3\okhttp\4.12.0\okhttp-4.12.0.jar;C:\Users\WSI\.m2\repository\com\google\code\gson\gson\2.10.1\gson-2.10.1.jar;C:\Users\WSI\.m2\repository\com\calendarfx\view\11.12.7\view-11.12.7.jar;C:\Users\WSI\.m2\repository\org\kordamp\ikonli\ikonli-javafx\12.3.1\ikonli-javafx-12.3.1.jar;C:\Users\WSI\.m2\repository\org\kordamp\ikonli\ikonli-core\12.3.1\ikonli-core-12.3.1.jar;C:\Users\WSI\.m2\repository\org\kordamp\ikonli\ikonli-fontawesome-pack\12.3.1\ikonli-fontawesome-pack-12.3.1.jar;C:\Users\WSI\.m2\repository\org\mnode\ical4j\ical4j\4.0.0-rc5\ical4j-4.0.0-rc5.jar;C:\Users\WSI\.m2\repository\org\slf4j\slf4j-api\2.0.9\slf4j-api-2.0.9.jar;C:\Users\WSI\.m2\repository\commons-codec\commons-codec\1.16.0\commons-codec-1.16.0.jar;C:\Users\WSI\.m2\repository\org\apache\commons\commons-lang3\3.14.0\commons-lang3-3.14.0.jar;C:\Users\WSI\.m2\repository\org\threeten\threeten-extra\1.7.2\threeten-extra-1.7.2.jar;C:\Users\WSI\.m2\repository\org\controlsfx\controlsfx\11.1.1\controlsfx-11.1.1.jar -XX:+ShowCodeDetailsInExceptionMessages -Djdk.module.main=activiteReservation activiteReservation/main.MainFx

Host: 12th Gen Intel(R) Core(TM) i5-1235U, 12 cores, 7G,  Windows 11 , 64 bit Build 26100 (10.0.26100.7705)
Time: Mon Mar  2 01:43:50 2026 Afr. centrale Ouest elapsed time: 10.521591 seconds (0d 0h 0m 10s)

---------------  T H R E A D  ---------------

Current thread (0x00000250572cbe50):  JavaThread "C2 CompilerThread0" daemon [_thread_in_native, id=17368, stack(0x000000de97600000,0x000000de97700000) (1024K)]


Current CompileTask:
C2:10521 2641       4       java.lang.invoke.MethodType::makeImpl (109 bytes)

Stack: [0x000000de97600000,0x000000de97700000]
Native frames: (J=compiled Java code, j=interpreted, Vv=VM code, C=native code)
V  [jvm.dll+0x6d7a39]
V  [jvm.dll+0x8b4b26]
V  [jvm.dll+0x8b70de]
V  [jvm.dll+0x8b77c3]
V  [jvm.dll+0x284346]
V  [jvm.dll+0xc66ed]
V  [jvm.dll+0xc6c31]
V  [jvm.dll+0x3bec3b]
V  [jvm.dll+0x1e3d62]
V  [jvm.dll+0x24c6b3]
V  [jvm.dll+0x24bb40]
V  [jvm.dll+0x1cb34e]
V  [jvm.dll+0x25b85d]
V  [jvm.dll+0x259dea]
V  [jvm.dll+0x3f857e]
V  [jvm.dll+0x85f59d]
V  [jvm.dll+0x6d626d]
C  [ucrtbase.dll+0x37b0]
C  [KERNEL32.DLL+0x2e8d7]
C  [ntdll.dll+0x8c40c]


---------------  P R O C E S S  ---------------

Threads class SMR info:
_java_thread_list=0x000002509d48e1e0, length=18, elements={
0x000002503cce3160, 0x00000250572bfcf0, 0x00000250572c5a80, 0x00000250572c8190,
0x00000250572c8bf0, 0x00000250572c9650, 0x00000250572ca0b0, 0x00000250572cbe50,
0x00000250572cc8f0, 0x00000250573ad960, 0x00000250579f2d30, 0x000002509d967160,
0x000002509d894190, 0x000002509d899020, 0x000002509d8ca8b0, 0x000002509d8c3e00,
0x000002509d9883a0, 0x000002509d62e7f0
}

Java Threads: ( => current thread )
  0x000002503cce3160 JavaThread "main"                              [_thread_blocked, id=21196, stack(0x000000de96800000,0x000000de96900000) (1024K)]
  0x00000250572bfcf0 JavaThread "Reference Handler"          daemon [_thread_blocked, id=15912, stack(0x000000de97000000,0x000000de97100000) (1024K)]
  0x00000250572c5a80 JavaThread "Finalizer"                  daemon [_thread_blocked, id=4468, stack(0x000000de97100000,0x000000de97200000) (1024K)]
  0x00000250572c8190 JavaThread "Signal Dispatcher"          daemon [_thread_blocked, id=17932, stack(0x000000de97200000,0x000000de97300000) (1024K)]
  0x00000250572c8bf0 JavaThread "Attach Listener"            daemon [_thread_blocked, id=2112, stack(0x000000de97300000,0x000000de97400000) (1024K)]
  0x00000250572c9650 JavaThread "Service Thread"             daemon [_thread_blocked, id=21968, stack(0x000000de97400000,0x000000de97500000) (1024K)]
  0x00000250572ca0b0 JavaThread "Monitor Deflation Thread"   daemon [_thread_blocked, id=18584, stack(0x000000de97500000,0x000000de97600000) (1024K)]
=>0x00000250572cbe50 JavaThread "C2 CompilerThread0"         daemon [_thread_in_native, id=17368, stack(0x000000de97600000,0x000000de97700000) (1024K)]
  0x00000250572cc8f0 JavaThread "C1 CompilerThread0"         daemon [_thread_blocked, id=20968, stack(0x000000de97700000,0x000000de97800000) (1024K)]
  0x00000250573ad960 JavaThread "Common-Cleaner"             daemon [_thread_blocked, id=18884, stack(0x000000de97800000,0x000000de97900000) (1024K)]
  0x00000250579f2d30 JavaThread "Notification Thread"        daemon [_thread_blocked, id=2672, stack(0x000000de97b00000,0x000000de97c00000) (1024K)]
  0x000002509d967160 JavaThread "QuantumRenderer-0"          daemon [_thread_blocked, id=18984, stack(0x000000de97c00000,0x000000de97d00000) (1024K)]
  0x000002509d894190 JavaThread "InvokeLaterDispatcher"      daemon [_thread_blocked, id=22340, stack(0x000000de97900000,0x000000de97a00000) (1024K)]
  0x000002509d899020 JavaThread "JavaFX Application Thread"         [_thread_in_native, id=16636, stack(0x000000de97a00000,0x000000de97b00000) (1024K)]
  0x000002509d8ca8b0 JavaThread "Thread-1"                   daemon [_thread_in_native, id=21920, stack(0x000000de98100000,0x000000de98200000) (1024K)]
  0x000002509d8c3e00 JavaThread "JavaFX-Launcher"                   [_thread_blocked, id=9248, stack(0x000000de98200000,0x000000de98300000) (1024K)]
  0x000002509d9883a0 JavaThread "mysql-cj-abandoned-connection-cleanup" daemon [_thread_blocked, id=15220, stack(0x000000de98800000,0x000000de98900000) (1024K)]
  0x000002509d62e7f0 JavaThread "Prism Font Disposer"        daemon [_thread_blocked, id=11796, stack(0x000000de98e00000,0x000000de98f00000) (1024K)]
Total: 18

Other Threads:
  0x00000250572a2a40 VMThread "VM Thread"                           [id=12416, stack(0x000000de96f00000,0x000000de97000000) (1024K)]
  0x000002505728c2a0 WatcherThread "VM Periodic Task Thread"        [id=3108, stack(0x000000de96e00000,0x000000de96f00000) (1024K)]
  0x000002503f1d1ed0 WorkerThread "GC Thread#0"                     [id=11636, stack(0x000000de96900000,0x000000de96a00000) (1024K)]
  0x00000250572a3cb0 WorkerThread "GC Thread#1"                     [id=7332, stack(0x000000de98300000,0x000000de98400000) (1024K)]
  0x00000250572a31a0 WorkerThread "GC Thread#2"                     [id=18508, stack(0x000000de98400000,0x000000de98500000) (1024K)]
  0x00000250572a3900 WorkerThread "GC Thread#3"                     [id=8356, stack(0x000000de98500000,0x000000de98600000) (1024K)]
  0x00000250572a3550 WorkerThread "GC Thread#4"                     [id=9032, stack(0x000000de98600000,0x000000de98700000) (1024K)]
  0x00000250572a4410 WorkerThread "GC Thread#5"                     [id=10052, stack(0x000000de98700000,0x000000de98800000) (1024K)]
  0x00000250576cdda0 WorkerThread "GC Thread#6"                     [id=9848, stack(0x000000de98a00000,0x000000de98b00000) (1024K)]
  0x00000250576ce8b0 WorkerThread "GC Thread#7"                     [id=14196, stack(0x000000de98b00000,0x000000de98c00000) (1024K)]
  0x00000250576cfb20 WorkerThread "GC Thread#8"                     [id=21492, stack(0x000000de98c00000,0x000000de98d00000) (1024K)]
  0x00000250576d18a0 WorkerThread "GC Thread#9"                     [id=8992, stack(0x000000de98d00000,0x000000de98e00000) (1024K)]
  0x000002503f1e3110 ConcurrentGCThread "G1 Main Marker"            [id=21160, stack(0x000000de96a00000,0x000000de96b00000) (1024K)]
  0x000002503f1e5240 WorkerThread "G1 Conc#0"                       [id=18396, stack(0x000000de96b00000,0x000000de96c00000) (1024K)]
  0x000002505715b140 ConcurrentGCThread "G1 Refine#0"               [id=5420, stack(0x000000de96c00000,0x000000de96d00000) (1024K)]
  0x000002505715ba70 ConcurrentGCThread "G1 Service"                [id=10920, stack(0x000000de96d00000,0x000000de96e00000) (1024K)]
Total: 16

Threads with active compile tasks:
C2 CompilerThread0  10547 2641       4       java.lang.invoke.MethodType::makeImpl (109 bytes)
Total: 1

VM state: not at safepoint (normal execution)

VM Mutex/Monitor currently owned by a thread: None

Heap address: 0x0000000086e00000, size: 1938 MB, Compressed Oops mode: 32-bit

CDS archive(s) mapped at: [0x0000025058000000-0x0000025058c80000-0x0000025058c80000), size 13107200, SharedBaseAddress: 0x0000025058000000, ArchiveRelocationMode: 1.
Compressed class space mapped at: 0x0000025059000000-0x0000025099000000, reserved size: 1073741824
Narrow klass base: 0x0000025058000000, Narrow klass shift: 0, Narrow klass range: 0x100000000

GC Precious Log:
 CardTable entry size: 512
 Card Set container configuration: InlinePtr #cards 5 size 8 Array Of Cards #cards 12 size 40 Howl #buckets 4 coarsen threshold 1843 Howl Bitmap #cards 512 size 80 coarsen threshold 460 Card regions per heap region 1 cards per card region 2048
 CPUs: 12 total, 12 available
 Memory: 7750M
 Large Page Support: Disabled
 NUMA Support: Disabled
 Compressed Oops: Enabled (32-bit)
 Heap Region Size: 1M
 Heap Min Capacity: 8M
 Heap Initial Capacity: 122M
 Heap Max Capacity: 1938M
 Pre-touch: Disabled
 Parallel Workers: 10
 Concurrent Workers: 3
 Concurrent Refinement Workers: 10
 Periodic GC: Disabled

Heap:
 garbage-first heap   total 124928K, used 35340K [0x0000000086e00000, 0x0000000100000000)
  region size 1024K, 29 young (29696K), 5 survivors (5120K)
 Metaspace       used 17927K, committed 18304K, reserved 1114112K
  class space    used 2494K, committed 2688K, reserved 1048576K

Heap Regions: E=young(eden), S=young(survivor), O=old, HS=humongous(starts), HC=humongous(continues), CS=collection set, F=free, TAMS=top-at-mark-start, PB=parsable bottom
|   0|0x0000000086e00000, 0x0000000086f00000, 0x0000000086f00000|100%|HS|  |TAMS 0x0000000086e00000| PB 0x0000000086e00000| Complete 
|   1|0x0000000086f00000, 0x0000000087000000, 0x0000000087000000|100%| O|  |TAMS 0x0000000086f00000| PB 0x0000000086f00000| Untracked 
|   2|0x0000000087000000, 0x0000000087100000, 0x0000000087100000|100%| O|  |TAMS 0x0000000087000000| PB 0x0000000087000000| Untracked 
|   3|0x0000000087100000, 0x0000000087183030, 0x0000000087200000| 51%| O|  |TAMS 0x0000000087100000| PB 0x0000000087100000| Untracked 
|   4|0x0000000087200000, 0x0000000087300000, 0x0000000087300000|100%|HS|  |TAMS 0x0000000087200000| PB 0x0000000087200000| Complete 
|   5|0x0000000087300000, 0x0000000087400000, 0x0000000087400000|100%|HC|  |TAMS 0x0000000087300000| PB 0x0000000087300000| Complete 
|   6|0x0000000087400000, 0x0000000087500000, 0x0000000087500000|100%|HC|  |TAMS 0x0000000087400000| PB 0x0000000087400000| Complete 
|   7|0x0000000087500000, 0x0000000087600000, 0x0000000087600000|100%|HC|  |TAMS 0x0000000087500000| PB 0x0000000087500000| Complete 
|   8|0x0000000087600000, 0x0000000087600000, 0x0000000087700000|  0%| F|  |TAMS 0x0000000087600000| PB 0x0000000087600000| Untracked 
|   9|0x0000000087700000, 0x0000000087700000, 0x0000000087800000|  0%| F|  |TAMS 0x0000000087700000| PB 0x0000000087700000| Untracked 
|  10|0x0000000087800000, 0x0000000087800000, 0x0000000087900000|  0%| F|  |TAMS 0x0000000087800000| PB 0x0000000087800000| Untracked 
|  11|0x0000000087900000, 0x0000000087900000, 0x0000000087a00000|  0%| F|  |TAMS 0x0000000087900000| PB 0x0000000087900000| Untracked 
|  12|0x0000000087a00000, 0x0000000087a00000, 0x0000000087b00000|  0%| F|  |TAMS 0x0000000087a00000| PB 0x0000000087a00000| Untracked 
|  13|0x0000000087b00000, 0x0000000087b00000, 0x0000000087c00000|  0%| F|  |TAMS 0x0000000087b00000| PB 0x0000000087b00000| Untracked 
|  14|0x0000000087c00000, 0x0000000087c00000, 0x0000000087d00000|  0%| F|  |TAMS 0x0000000087c00000| PB 0x0000000087c00000| Untracked 
|  15|0x0000000087d00000, 0x0000000087d00000, 0x0000000087e00000|  0%| F|  |TAMS 0x0000000087d00000| PB 0x0000000087d00000| Untracked 
|  16|0x0000000087e00000, 0x0000000087e00000, 0x0000000087f00000|  0%| F|  |TAMS 0x0000000087e00000| PB 0x0000000087e00000| Untracked 
|  17|0x0000000087f00000, 0x0000000087f00000, 0x0000000088000000|  0%| F|  |TAMS 0x0000000087f00000| PB 0x0000000087f00000| Untracked 
|  18|0x0000000088000000, 0x0000000088000000, 0x0000000088100000|  0%| F|  |TAMS 0x0000000088000000| PB 0x0000000088000000| Untracked 
|  19|0x0000000088100000, 0x0000000088100000, 0x0000000088200000|  0%| F|  |TAMS 0x0000000088100000| PB 0x0000000088100000| Untracked 
|  20|0x0000000088200000, 0x0000000088200000, 0x0000000088300000|  0%| F|  |TAMS 0x0000000088200000| PB 0x0000000088200000| Untracked 
|  21|0x0000000088300000, 0x0000000088300000, 0x0000000088400000|  0%| F|  |TAMS 0x0000000088300000| PB 0x0000000088300000| Untracked 
|  22|0x0000000088400000, 0x0000000088400000, 0x0000000088500000|  0%| F|  |TAMS 0x0000000088400000| PB 0x0000000088400000| Untracked 
|  23|0x0000000088500000, 0x0000000088500000, 0x0000000088600000|  0%| F|  |TAMS 0x0000000088500000| PB 0x0000000088500000| Untracked 
|  24|0x0000000088600000, 0x0000000088600000, 0x0000000088700000|  0%| F|  |TAMS 0x0000000088600000| PB 0x0000000088600000| Untracked 
|  25|0x0000000088700000, 0x0000000088700000, 0x0000000088800000|  0%| F|  |TAMS 0x0000000088700000| PB 0x0000000088700000| Untracked 
|  26|0x0000000088800000, 0x0000000088800000, 0x0000000088900000|  0%| F|  |TAMS 0x0000000088800000| PB 0x0000000088800000| Untracked 
|  27|0x0000000088900000, 0x0000000088900000, 0x0000000088a00000|  0%| F|  |TAMS 0x0000000088900000| PB 0x0000000088900000| Untracked 
|  28|0x0000000088a00000, 0x0000000088a00000, 0x0000000088b00000|  0%| F|  |TAMS 0x0000000088a00000| PB 0x0000000088a00000| Untracked 
|  29|0x0000000088b00000, 0x0000000088b00000, 0x0000000088c00000|  0%| F|  |TAMS 0x0000000088b00000| PB 0x0000000088b00000| Untracked 
|  30|0x0000000088c00000, 0x0000000088c00000, 0x0000000088d00000|  0%| F|  |TAMS 0x0000000088c00000| PB 0x0000000088c00000| Untracked 
|  31|0x0000000088d00000, 0x0000000088d00000, 0x0000000088e00000|  0%| F|  |TAMS 0x0000000088d00000| PB 0x0000000088d00000| Untracked 
|  32|0x0000000088e00000, 0x0000000088e00000, 0x0000000088f00000|  0%| F|  |TAMS 0x0000000088e00000| PB 0x0000000088e00000| Untracked 
|  33|0x0000000088f00000, 0x0000000088f00000, 0x0000000089000000|  0%| F|  |TAMS 0x0000000088f00000| PB 0x0000000088f00000| Untracked 
|  34|0x0000000089000000, 0x0000000089000000, 0x0000000089100000|  0%| F|  |TAMS 0x0000000089000000| PB 0x0000000089000000| Untracked 
|  35|0x0000000089100000, 0x0000000089100000, 0x0000000089200000|  0%| F|  |TAMS 0x0000000089100000| PB 0x0000000089100000| Untracked 
|  36|0x0000000089200000, 0x0000000089200000, 0x0000000089300000|  0%| F|  |TAMS 0x0000000089200000| PB 0x0000000089200000| Untracked 
|  37|0x0000000089300000, 0x0000000089300000, 0x0000000089400000|  0%| F|  |TAMS 0x0000000089300000| PB 0x0000000089300000| Untracked 
|  38|0x0000000089400000, 0x0000000089400000, 0x0000000089500000|  0%| F|  |TAMS 0x0000000089400000| PB 0x0000000089400000| Untracked 
|  39|0x0000000089500000, 0x0000000089500000, 0x0000000089600000|  0%| F|  |TAMS 0x0000000089500000| PB 0x0000000089500000| Untracked 
|  40|0x0000000089600000, 0x0000000089600000, 0x0000000089700000|  0%| F|  |TAMS 0x0000000089600000| PB 0x0000000089600000| Untracked 
|  41|0x0000000089700000, 0x0000000089700000, 0x0000000089800000|  0%| F|  |TAMS 0x0000000089700000| PB 0x0000000089700000| Untracked 
|  42|0x0000000089800000, 0x0000000089800000, 0x0000000089900000|  0%| F|  |TAMS 0x0000000089800000| PB 0x0000000089800000| Untracked 
|  43|0x0000000089900000, 0x0000000089900000, 0x0000000089a00000|  0%| F|  |TAMS 0x0000000089900000| PB 0x0000000089900000| Untracked 
|  44|0x0000000089a00000, 0x0000000089a00000, 0x0000000089b00000|  0%| F|  |TAMS 0x0000000089a00000| PB 0x0000000089a00000| Untracked 
|  45|0x0000000089b00000, 0x0000000089b00000, 0x0000000089c00000|  0%| F|  |TAMS 0x0000000089b00000| PB 0x0000000089b00000| Untracked 
|  46|0x0000000089c00000, 0x0000000089c00000, 0x0000000089d00000|  0%| F|  |TAMS 0x0000000089c00000| PB 0x0000000089c00000| Untracked 
|  47|0x0000000089d00000, 0x0000000089d00000, 0x0000000089e00000|  0%| F|  |TAMS 0x0000000089d00000| PB 0x0000000089d00000| Untracked 
|  48|0x0000000089e00000, 0x0000000089e00000, 0x0000000089f00000|  0%| F|  |TAMS 0x0000000089e00000| PB 0x0000000089e00000| Untracked 
|  49|0x0000000089f00000, 0x0000000089f00000, 0x000000008a000000|  0%| F|  |TAMS 0x0000000089f00000| PB 0x0000000089f00000| Untracked 
|  50|0x000000008a000000, 0x000000008a000000, 0x000000008a100000|  0%| F|  |TAMS 0x000000008a000000| PB 0x000000008a000000| Untracked 
|  51|0x000000008a100000, 0x000000008a100000, 0x000000008a200000|  0%| F|  |TAMS 0x000000008a100000| PB 0x000000008a100000| Untracked 
|  52|0x000000008a200000, 0x000000008a200000, 0x000000008a300000|  0%| F|  |TAMS 0x000000008a200000| PB 0x000000008a200000| Untracked 
|  53|0x000000008a300000, 0x000000008a300000, 0x000000008a400000|  0%| F|  |TAMS 0x000000008a300000| PB 0x000000008a300000| Untracked 
|  54|0x000000008a400000, 0x000000008a400000, 0x000000008a500000|  0%| F|  |TAMS 0x000000008a400000| PB 0x000000008a400000| Untracked 
|  55|0x000000008a500000, 0x000000008a500000, 0x000000008a600000|  0%| F|  |TAMS 0x000000008a500000| PB 0x000000008a500000| Untracked 
|  56|0x000000008a600000, 0x000000008a600000, 0x000000008a700000|  0%| F|  |TAMS 0x000000008a600000| PB 0x000000008a600000| Untracked 
|  57|0x000000008a700000, 0x000000008a700000, 0x000000008a800000|  0%| F|  |TAMS 0x000000008a700000| PB 0x000000008a700000| Untracked 
|  58|0x000000008a800000, 0x000000008a800000, 0x000000008a900000|  0%| F|  |TAMS 0x000000008a800000| PB 0x000000008a800000| Untracked 
|  59|0x000000008a900000, 0x000000008a900000, 0x000000008aa00000|  0%| F|  |TAMS 0x000000008a900000| PB 0x000000008a900000| Untracked 
|  60|0x000000008aa00000, 0x000000008aa00000, 0x000000008ab00000|  0%| F|  |TAMS 0x000000008aa00000| PB 0x000000008aa00000| Untracked 
|  61|0x000000008ab00000, 0x000000008ab00000, 0x000000008ac00000|  0%| F|  |TAMS 0x000000008ab00000| PB 0x000000008ab00000| Untracked 
|  62|0x000000008ac00000, 0x000000008ac00000, 0x000000008ad00000|  0%| F|  |TAMS 0x000000008ac00000| PB 0x000000008ac00000| Untracked 
|  63|0x000000008ad00000, 0x000000008ad00000, 0x000000008ae00000|  0%| F|  |TAMS 0x000000008ad00000| PB 0x000000008ad00000| Untracked 
|  64|0x000000008ae00000, 0x000000008ae00000, 0x000000008af00000|  0%| F|  |TAMS 0x000000008ae00000| PB 0x000000008ae00000| Untracked 
|  65|0x000000008af00000, 0x000000008af00000, 0x000000008b000000|  0%| F|  |TAMS 0x000000008af00000| PB 0x000000008af00000| Untracked 
|  66|0x000000008b000000, 0x000000008b000000, 0x000000008b100000|  0%| F|  |TAMS 0x000000008b000000| PB 0x000000008b000000| Untracked 
|  67|0x000000008b100000, 0x000000008b100000, 0x000000008b200000|  0%| F|  |TAMS 0x000000008b100000| PB 0x000000008b100000| Untracked 
|  68|0x000000008b200000, 0x000000008b200000, 0x000000008b300000|  0%| F|  |TAMS 0x000000008b200000| PB 0x000000008b200000| Untracked 
|  69|0x000000008b300000, 0x000000008b300000, 0x000000008b400000|  0%| F|  |TAMS 0x000000008b300000| PB 0x000000008b300000| Untracked 
|  70|0x000000008b400000, 0x000000008b400000, 0x000000008b500000|  0%| F|  |TAMS 0x000000008b400000| PB 0x000000008b400000| Untracked 
|  71|0x000000008b500000, 0x000000008b500000, 0x000000008b600000|  0%| F|  |TAMS 0x000000008b500000| PB 0x000000008b500000| Untracked 
|  72|0x000000008b600000, 0x000000008b600000, 0x000000008b700000|  0%| F|  |TAMS 0x000000008b600000| PB 0x000000008b600000| Untracked 
|  73|0x000000008b700000, 0x000000008b700000, 0x000000008b800000|  0%| F|  |TAMS 0x000000008b700000| PB 0x000000008b700000| Untracked 
|  74|0x000000008b800000, 0x000000008b800000, 0x000000008b900000|  0%| F|  |TAMS 0x000000008b800000| PB 0x000000008b800000| Untracked 
|  75|0x000000008b900000, 0x000000008b900000, 0x000000008ba00000|  0%| F|  |TAMS 0x000000008b900000| PB 0x000000008b900000| Untracked 
|  76|0x000000008ba00000, 0x000000008ba00000, 0x000000008bb00000|  0%| F|  |TAMS 0x000000008ba00000| PB 0x000000008ba00000| Untracked 
|  77|0x000000008bb00000, 0x000000008bb00000, 0x000000008bc00000|  0%| F|  |TAMS 0x000000008bb00000| PB 0x000000008bb00000| Untracked 
|  78|0x000000008bc00000, 0x000000008bd00000, 0x000000008bd00000|100%| S|CS|TAMS 0x000000008bc00000| PB 0x000000008bc00000| Complete 
|  79|0x000000008bd00000, 0x000000008be00000, 0x000000008be00000|100%| S|CS|TAMS 0x000000008bd00000| PB 0x000000008bd00000| Complete 
|  80|0x000000008be00000, 0x000000008bf00000, 0x000000008bf00000|100%| S|CS|TAMS 0x000000008be00000| PB 0x000000008be00000| Complete 
|  81|0x000000008bf00000, 0x000000008c000000, 0x000000008c000000|100%| S|CS|TAMS 0x000000008bf00000| PB 0x000000008bf00000| Complete 
|  82|0x000000008c000000, 0x000000008c100000, 0x000000008c100000|100%| S|CS|TAMS 0x000000008c000000| PB 0x000000008c000000| Complete 
|  83|0x000000008c100000, 0x000000008c100000, 0x000000008c200000|  0%| F|  |TAMS 0x000000008c100000| PB 0x000000008c100000| Untracked 
|  84|0x000000008c200000, 0x000000008c200000, 0x000000008c300000|  0%| F|  |TAMS 0x000000008c200000| PB 0x000000008c200000| Untracked 
|  85|0x000000008c300000, 0x000000008c300000, 0x000000008c400000|  0%| F|  |TAMS 0x000000008c300000| PB 0x000000008c300000| Untracked 
|  86|0x000000008c400000, 0x000000008c400000, 0x000000008c500000|  0%| F|  |TAMS 0x000000008c400000| PB 0x000000008c400000| Untracked 
|  87|0x000000008c500000, 0x000000008c500000, 0x000000008c600000|  0%| F|  |TAMS 0x000000008c500000| PB 0x000000008c500000| Untracked 
|  88|0x000000008c600000, 0x000000008c600000, 0x000000008c700000|  0%| F|  |TAMS 0x000000008c600000| PB 0x000000008c600000| Untracked 
|  89|0x000000008c700000, 0x000000008c700000, 0x000000008c800000|  0%| F|  |TAMS 0x000000008c700000| PB 0x000000008c700000| Untracked 
|  90|0x000000008c800000, 0x000000008c800000, 0x000000008c900000|  0%| F|  |TAMS 0x000000008c800000| PB 0x000000008c800000| Untracked 
|  91|0x000000008c900000, 0x000000008c900000, 0x000000008ca00000|  0%| F|  |TAMS 0x000000008c900000| PB 0x000000008c900000| Untracked 
|  92|0x000000008ca00000, 0x000000008ca00000, 0x000000008cb00000|  0%| F|  |TAMS 0x000000008ca00000| PB 0x000000008ca00000| Untracked 
|  93|0x000000008cb00000, 0x000000008cb00000, 0x000000008cc00000|  0%| F|  |TAMS 0x000000008cb00000| PB 0x000000008cb00000| Untracked 
|  94|0x000000008cc00000, 0x000000008cc00000, 0x000000008cd00000|  0%| F|  |TAMS 0x000000008cc00000| PB 0x000000008cc00000| Untracked 
|  95|0x000000008cd00000, 0x000000008cd00000, 0x000000008ce00000|  0%| F|  |TAMS 0x000000008cd00000| PB 0x000000008cd00000| Untracked 
|  96|0x000000008ce00000, 0x000000008ce00000, 0x000000008cf00000|  0%| F|  |TAMS 0x000000008ce00000| PB 0x000000008ce00000| Untracked 
|  97|0x000000008cf00000, 0x000000008cf00000, 0x000000008d000000|  0%| F|  |TAMS 0x000000008cf00000| PB 0x000000008cf00000| Untracked 
|  98|0x000000008d000000, 0x000000008d087ca8, 0x000000008d100000| 53%| E|  |TAMS 0x000000008d000000| PB 0x000000008d000000| Complete 
|  99|0x000000008d100000, 0x000000008d200000, 0x000000008d200000|100%| E|CS|TAMS 0x000000008d100000| PB 0x000000008d100000| Complete 
| 100|0x000000008d200000, 0x000000008d300000, 0x000000008d300000|100%| E|CS|TAMS 0x000000008d200000| PB 0x000000008d200000| Complete 
| 101|0x000000008d300000, 0x000000008d400000, 0x000000008d400000|100%| E|  |TAMS 0x000000008d300000| PB 0x000000008d300000| Complete 
| 102|0x000000008d400000, 0x000000008d500000, 0x000000008d500000|100%| E|CS|TAMS 0x000000008d400000| PB 0x000000008d400000| Complete 
| 103|0x000000008d500000, 0x000000008d600000, 0x000000008d600000|100%| E|CS|TAMS 0x000000008d500000| PB 0x000000008d500000| Complete 
| 104|0x000000008d600000, 0x000000008d700000, 0x000000008d700000|100%| E|CS|TAMS 0x000000008d600000| PB 0x000000008d600000| Complete 
| 105|0x000000008d700000, 0x000000008d800000, 0x000000008d800000|100%| E|CS|TAMS 0x000000008d700000| PB 0x000000008d700000| Complete 
| 106|0x000000008d800000, 0x000000008d900000, 0x000000008d900000|100%| E|CS|TAMS 0x000000008d800000| PB 0x000000008d800000| Complete 
| 107|0x000000008d900000, 0x000000008da00000, 0x000000008da00000|100%| E|CS|TAMS 0x000000008d900000| PB 0x000000008d900000| Complete 
| 108|0x000000008da00000, 0x000000008db00000, 0x000000008db00000|100%| E|CS|TAMS 0x000000008da00000| PB 0x000000008da00000| Complete 
| 109|0x000000008db00000, 0x000000008dc00000, 0x000000008dc00000|100%| E|CS|TAMS 0x000000008db00000| PB 0x000000008db00000| Complete 
| 110|0x000000008dc00000, 0x000000008dd00000, 0x000000008dd00000|100%| E|CS|TAMS 0x000000008dc00000| PB 0x000000008dc00000| Complete 
| 111|0x000000008dd00000, 0x000000008de00000, 0x000000008de00000|100%| E|CS|TAMS 0x000000008dd00000| PB 0x000000008dd00000| Complete 
| 112|0x000000008de00000, 0x000000008df00000, 0x000000008df00000|100%| E|CS|TAMS 0x000000008de00000| PB 0x000000008de00000| Complete 
| 113|0x000000008df00000, 0x000000008e000000, 0x000000008e000000|100%| E|CS|TAMS 0x000000008df00000| PB 0x000000008df00000| Complete 
| 114|0x000000008e000000, 0x000000008e100000, 0x000000008e100000|100%| E|CS|TAMS 0x000000008e000000| PB 0x000000008e000000| Complete 
| 115|0x000000008e100000, 0x000000008e200000, 0x000000008e200000|100%| E|CS|TAMS 0x000000008e100000| PB 0x000000008e100000| Complete 
| 116|0x000000008e200000, 0x000000008e300000, 0x000000008e300000|100%| E|CS|TAMS 0x000000008e200000| PB 0x000000008e200000| Complete 
| 117|0x000000008e300000, 0x000000008e400000, 0x000000008e400000|100%| E|CS|TAMS 0x000000008e300000| PB 0x000000008e300000| Complete 
| 118|0x000000008e400000, 0x000000008e500000, 0x000000008e500000|100%| E|CS|TAMS 0x000000008e400000| PB 0x000000008e400000| Complete 
| 119|0x000000008e500000, 0x000000008e600000, 0x000000008e600000|100%| E|CS|TAMS 0x000000008e500000| PB 0x000000008e500000| Complete 
| 120|0x000000008e600000, 0x000000008e700000, 0x000000008e700000|100%| E|CS|TAMS 0x000000008e600000| PB 0x000000008e600000| Complete 
| 121|0x000000008e700000, 0x000000008e800000, 0x000000008e800000|100%| E|CS|TAMS 0x000000008e700000| PB 0x000000008e700000| Complete 

Card table byte_map: [0x0000025052450000,0x0000025052820000] _byte_map_base: 0x0000025052019000

Marking Bits: (CMBitMap*) 0x000002503f1d25e0
 Bits: [0x0000025052820000, 0x0000025054668000)

Polling page: 0x000002503cf20000

Metaspace:

Usage:
  Non-class:     15.07 MB used.
      Class:      2.44 MB used.
       Both:     17.51 MB used.

Virtual space:
  Non-class space:       64.00 MB reserved,      15.25 MB ( 24%) committed,  1 nodes.
      Class space:        1.00 GB reserved,       2.62 MB ( <1%) committed,  1 nodes.
             Both:        1.06 GB reserved,      17.88 MB (  2%) committed. 

Chunk freelists:
   Non-Class:  15.91 MB
       Class:  13.42 MB
        Both:  29.33 MB

MaxMetaspaceSize: unlimited
CompressedClassSpaceSize: 1.00 GB
Initial GC threshold: 21.00 MB
Current GC threshold: 21.00 MB
CDS: on
 - commit_granule_bytes: 65536.
 - commit_granule_words: 8192.
 - virtual_space_node_default_size: 8388608.
 - enlarge_chunks_in_place: 1.
 - use_allocation_guard: 0.


Internal statistics:

num_allocs_failed_limit: 0.
num_arena_births: 362.
num_arena_deaths: 0.
num_vsnodes_births: 2.
num_vsnodes_deaths: 0.
num_space_committed: 286.
num_space_uncommitted: 0.
num_chunks_returned_to_freelist: 0.
num_chunks_taken_from_freelist: 940.
num_chunk_merges: 0.
num_chunk_splits: 654.
num_chunks_enlarged: 469.
num_inconsistent_stats: 0.

CodeHeap 'non-profiled nmethods': size=120000Kb used=1178Kb max_used=1178Kb free=118821Kb
 bounds [0x000002504a600000, 0x000002504a870000, 0x0000025051b30000]
CodeHeap 'profiled nmethods': size=120000Kb used=5192Kb max_used=5192Kb free=114807Kb
 bounds [0x0000025042b30000, 0x0000025043050000, 0x000002504a060000]
CodeHeap 'non-nmethods': size=5760Kb used=1626Kb max_used=1643Kb free=4134Kb
 bounds [0x000002504a060000, 0x000002504a2d0000, 0x000002504a600000]
CodeCache: size=245760Kb, used=7996Kb, max_used=8013Kb, free=237762Kb
 total_blobs=3534, nmethods=2762, adapters=676, full_count=0
Compilation: enabled, stopped_count=0, restarted_count=0

Compilation events (20 events):
Event: 9.466 Thread 0x00000250572cc8f0 nmethod 2745 0x0000025043034110 code [0x00000250430342e0, 0x00000250430345d8]
Event: 9.466 Thread 0x00000250572cc8f0 2747       3       java.util.EnumMap$EnumMapIterator::hasNext (64 bytes)
Event: 9.466 Thread 0x00000250572cc8f0 nmethod 2747 0x0000025043034710 code [0x00000250430348c0, 0x0000025043034b20]
Event: 9.466 Thread 0x00000250572cc8f0 2746       3       javafx.scene.layout.Region$1::doPickNodeLocal (10 bytes)
Event: 9.466 Thread 0x00000250572cc8f0 nmethod 2746 0x0000025043034c10 code [0x0000025043034dc0, 0x0000025043035000]
Event: 9.466 Thread 0x00000250572cc8f0 2748       1       javafx.event.Event::getTarget (5 bytes)
Event: 9.466 Thread 0x00000250572cc8f0 nmethod 2748 0x000002504a725f90 code [0x000002504a726120, 0x000002504a7261e8]
Event: 9.469 Thread 0x00000250572cc8f0 2749       3       java.util.concurrent.locks.ReentrantLock$Sync::isHeldExclusively (16 bytes)
Event: 9.469 Thread 0x00000250572cc8f0 nmethod 2749 0x0000025043035110 code [0x00000250430352c0, 0x0000025043035450]
Event: 9.486 Thread 0x00000250572cc8f0 2750       3       com.sun.javafx.geom.transform.Translate2D::inverseDeltaTransform (19 bytes)
Event: 9.486 Thread 0x00000250572cc8f0 nmethod 2750 0x0000025043035510 code [0x00000250430356c0, 0x00000250430359c0]
Event: 9.486 Thread 0x00000250572cc8f0 2751       1       java.util.concurrent.atomic.AtomicInteger::get (5 bytes)
Event: 9.486 Thread 0x00000250572cc8f0 nmethod 2751 0x000002504a726290 code [0x000002504a726420, 0x000002504a7264e8]
Event: 9.492 Thread 0x00000250572cc8f0 2752       3       com.sun.javafx.geom.PickRay::setOrigin (12 bytes)
Event: 9.493 Thread 0x00000250572cc8f0 nmethod 2752 0x0000025043035b90 code [0x0000025043035d40, 0x0000025043035ec0]
Event: 9.493 Thread 0x00000250572cc8f0 2753       3       com.sun.javafx.geom.PickRay::setDirection (12 bytes)
Event: 9.493 Thread 0x00000250572cc8f0 nmethod 2753 0x0000025043036010 code [0x00000250430361c0, 0x0000025043036340]
Event: 9.493 Thread 0x00000250572cc8f0 2754       1       javafx.scene.input.PickResult::getIntersectedPoint (5 bytes)
Event: 9.493 Thread 0x00000250572cc8f0 nmethod 2754 0x000002504a726590 code [0x000002504a726720, 0x000002504a7267e8]
Event: 9.500 Thread 0x00000250572cc8f0 2755   !   3       javafx.scene.Node::intersectsBounds (1005 bytes)

GC Heap History (4 events):
Event: 4.716 GC heap before
{Heap before GC invocations=0 (full 0):
 garbage-first heap   total 124928K, used 22528K [0x0000000086e00000, 0x0000000100000000)
  region size 1024K, 23 young (23552K), 0 survivors (0K)
 Metaspace       used 3966K, committed 4160K, reserved 1114112K
  class space    used 464K, committed 576K, reserved 1048576K
}
Event: 4.723 GC heap after
{Heap after GC invocations=1 (full 0):
 garbage-first heap   total 124928K, used 2261K [0x0000000086e00000, 0x0000000100000000)
  region size 1024K, 3 young (3072K), 3 survivors (3072K)
 Metaspace       used 3966K, committed 4160K, reserved 1114112K
  class space    used 464K, committed 576K, reserved 1048576K
}
Event: 6.228 GC heap before
{Heap before GC invocations=1 (full 0):
 garbage-first heap   total 124928K, used 39125K [0x0000000086e00000, 0x0000000100000000)
  region size 1024K, 39 young (39936K), 3 survivors (3072K)
 Metaspace       used 13899K, committed 14144K, reserved 1114112K
  class space    used 1829K, committed 1920K, reserved 1048576K
}
Event: 6.240 GC heap after
{Heap after GC invocations=2 (full 0):
 garbage-first heap   total 124928K, used 8716K [0x0000000086e00000, 0x0000000100000000)
  region size 1024K, 5 young (5120K), 5 survivors (5120K)
 Metaspace       used 13899K, committed 14144K, reserved 1114112K
  class space    used 1829K, committed 1920K, reserved 1048576K
}

Dll operation events (20 events):
Event: 1.206 Loaded shared library C:\Users\WSI\.openjfx\cache\21+31\amd64\api-ms-win-crt-locale-l1-1-0.dll
Event: 1.209 Loaded shared library C:\Users\WSI\.openjfx\cache\21+31\amd64\api-ms-win-crt-math-l1-1-0.dll
Event: 1.213 Loaded shared library C:\Users\WSI\.openjfx\cache\21+31\amd64\api-ms-win-crt-multibyte-l1-1-0.dll
Event: 1.219 Loaded shared library C:\Users\WSI\.openjfx\cache\21+31\amd64\api-ms-win-crt-private-l1-1-0.dll
Event: 1.223 Loaded shared library C:\Users\WSI\.openjfx\cache\21+31\amd64\api-ms-win-crt-process-l1-1-0.dll
Event: 1.227 Loaded shared library C:\Users\WSI\.openjfx\cache\21+31\amd64\api-ms-win-crt-runtime-l1-1-0.dll
Event: 1.231 Loaded shared library C:\Users\WSI\.openjfx\cache\21+31\amd64\api-ms-win-crt-stdio-l1-1-0.dll
Event: 1.236 Loaded shared library C:\Users\WSI\.openjfx\cache\21+31\amd64\api-ms-win-crt-string-l1-1-0.dll
Event: 1.240 Loaded shared library C:\Users\WSI\.openjfx\cache\21+31\amd64\api-ms-win-crt-time-l1-1-0.dll
Event: 1.243 Loaded shared library C:\Users\WSI\.openjfx\cache\21+31\amd64\api-ms-win-crt-utility-l1-1-0.dll
Event: 1.265 Loaded shared library C:\Users\WSI\.openjfx\cache\21+31\amd64\ucrtbase.dll
Event: 1.271 Loaded shared library C:\Users\WSI\.openjfx\cache\21+31\amd64\vcruntime140.dll
Event: 1.276 Loaded shared library C:\Users\WSI\.openjfx\cache\21+31\amd64\vcruntime140_1.dll
Event: 1.290 Loaded shared library C:\Users\WSI\.openjfx\cache\21+31\amd64\msvcp140.dll
Event: 1.295 Loaded shared library C:\Users\WSI\.openjfx\cache\21+31\amd64\msvcp140_1.dll
Event: 1.303 Loaded shared library C:\Users\WSI\.openjfx\cache\21+31\amd64\msvcp140_2.dll
Event: 1.374 Loaded shared library C:\Users\WSI\.openjfx\cache\21+31\amd64\prism_d3d.dll
Event: 1.519 Loaded shared library C:\Users\WSI\.openjfx\cache\21+31\amd64\glass.dll
Event: 4.776 Loaded shared library C:\Users\WSI\.p2\pool\plugins\org.eclipse.justj.openjdk.hotspot.jre.full.win32.x86_64_21.0.10.v20260205-0638\jre\bin\jimage.dll
Event: 5.891 Loaded shared library C:\Users\WSI\.openjfx\cache\21+31\amd64\javafx_font.dll

Deoptimization events (20 events):
Event: 6.873 Thread 0x000002509d899020 Uncommon trap: trap_request=0xffffffde fr.pc=0x000002504a6ed570 relative=0x00000000000000d0
Event: 6.873 Thread 0x000002509d899020 Uncommon trap: reason=class_check action=maybe_recompile pc=0x000002504a6ed570 method=com.sun.javafx.css.BitSet.contains(Ljava/lang/Object;)Z @ 8 c2
Event: 6.873 Thread 0x000002509d899020 DEOPT PACKING pc=0x000002504a6ed570 sp=0x000000de97afcb40
Event: 6.873 Thread 0x000002509d899020 DEOPT UNPACKING pc=0x000002504a0b4422 sp=0x000000de97afcab8 mode 2
Event: 6.877 Thread 0x000002509d899020 Uncommon trap: trap_request=0xffffff76 fr.pc=0x000002504a6eaddc relative=0x000000000000027c
Event: 6.877 Thread 0x000002509d899020 Uncommon trap: reason=predicate action=maybe_recompile pc=0x000002504a6eaddc method=com.sun.javafx.css.BitSet.containsAll(Ljava/util/Collection;)Z @ 26 c2
Event: 6.877 Thread 0x000002509d899020 DEOPT PACKING pc=0x000002504a6eaddc sp=0x000000de97afcfb0
Event: 6.877 Thread 0x000002509d899020 DEOPT UNPACKING pc=0x000002504a0b4422 sp=0x000000de97afcf58 mode 2
Event: 6.990 Thread 0x000002509d899020 Uncommon trap: trap_request=0xffffff45 fr.pc=0x000002504a6b6494 relative=0x00000000000001f4
Event: 6.990 Thread 0x000002509d899020 Uncommon trap: reason=unstable_if action=reinterpret pc=0x000002504a6b6494 method=java.io.ByteArrayInputStream.read()I @ 8 c2
Event: 6.990 Thread 0x000002509d899020 DEOPT PACKING pc=0x000002504a6b6494 sp=0x000000de97afbf20
Event: 6.990 Thread 0x000002509d899020 DEOPT UNPACKING pc=0x000002504a0b4422 sp=0x000000de97afbec8 mode 2
Event: 8.050 Thread 0x000002509d899020 Uncommon trap: trap_request=0xffffff45 fr.pc=0x000002504a6de5e4 relative=0x00000000000002a4
Event: 8.050 Thread 0x000002509d899020 Uncommon trap: reason=unstable_if action=reinterpret pc=0x000002504a6de5e4 method=java.util.HashMap.hash(Ljava/lang/Object;)I @ 1 c2
Event: 8.050 Thread 0x000002509d899020 DEOPT PACKING pc=0x000002504a6de5e4 sp=0x000000de97afd0d0
Event: 8.050 Thread 0x000002509d899020 DEOPT UNPACKING pc=0x000002504a0b4422 sp=0x000000de97afcf68 mode 2
Event: 8.050 Thread 0x000002509d899020 Uncommon trap: trap_request=0xffffff45 fr.pc=0x000002504a706a5c relative=0x0000000000000a1c
Event: 8.050 Thread 0x000002509d899020 Uncommon trap: reason=unstable_if action=reinterpret pc=0x000002504a706a5c method=java.util.HashMap.hash(Ljava/lang/Object;)I @ 1 c2
Event: 8.050 Thread 0x000002509d899020 DEOPT PACKING pc=0x000002504a706a5c sp=0x000000de97afd080
Event: 8.050 Thread 0x000002509d899020 DEOPT UNPACKING pc=0x000002504a0b4422 sp=0x000000de97afd010 mode 2

Classes loaded (20 events):
Event: 6.995 Loading class jdk/internal/icu/text/BidiLine
Event: 6.995 Loading class jdk/internal/icu/text/BidiLine done
Event: 8.035 Loading class java/util/ConcurrentModificationException
Event: 8.035 Loading class java/util/ConcurrentModificationException done
Event: 9.238 Loading class java/util/WeakHashMap$EntrySet
Event: 9.239 Loading class java/util/WeakHashMap$EntrySet done
Event: 9.239 Loading class java/util/WeakHashMap$EntryIterator
Event: 9.239 Loading class java/util/WeakHashMap$EntryIterator done
Event: 9.272 Loading class java/lang/FdLibm$Acos
Event: 9.273 Loading class java/lang/FdLibm$Acos done
Event: 9.273 Loading class java/lang/FdLibm
Event: 9.273 Loading class java/lang/FdLibm done
Event: 9.275 Loading class java/lang/FdLibm$Hypot
Event: 9.275 Loading class java/lang/FdLibm$Hypot done
Event: 9.305 Loading class java/util/EnumMap$Values
Event: 9.306 Loading class java/util/EnumMap$Values done
Event: 9.306 Loading class java/util/EnumMap$ValueIterator
Event: 9.306 Loading class java/util/EnumMap$EnumMapIterator
Event: 9.306 Loading class java/util/EnumMap$EnumMapIterator done
Event: 9.306 Loading class java/util/EnumMap$ValueIterator done

Classes unloaded (0 events):
No events

Classes redefined (0 events):
No events

Internal exceptions (20 events):
Event: 6.060 Thread 0x000002509d899020 Exception <a 'java/lang/NoSuchMethodError'{0x000000008c48e9b8}: 'java.lang.Object java.lang.invoke.DelegatingMethodHandle$Holder.reinvoke_L(java.lang.Object, double, double, double, double)'> (0x000000008c48e9b8) 
thrown [s\src\hotspot\share\interpreter\linkResolver.cpp, line 773]
Event: 6.062 Thread 0x000002509d899020 Exception <a 'java/lang/NoSuchMethodError'{0x000000008c499858}: 'java.lang.Object java.lang.invoke.DirectMethodHandle$Holder.invokeStatic(java.lang.Object, java.lang.Object, int)'> (0x000000008c499858) 
thrown [s\src\hotspot\share\interpreter\linkResolver.cpp, line 773]
Event: 6.063 Thread 0x000002509d899020 Exception <a 'java/lang/NoSuchMethodError'{0x000000008c49dde0}: 'void java.lang.invoke.DirectMethodHandle$Holder.invokeStatic(java.lang.Object, java.lang.Object, int, java.lang.Object)'> (0x000000008c49dde0) 
thrown [s\src\hotspot\share\interpreter\linkResolver.cpp, line 773]
Event: 6.065 Thread 0x000002509d899020 Exception <a 'java/lang/NoSuchMethodError'{0x000000008c4a4930}: 'void java.lang.invoke.DelegatingMethodHandle$Holder.delegate(java.lang.Object, java.lang.Object, int, java.lang.Object)'> (0x000000008c4a4930) 
thrown [s\src\hotspot\share\interpreter\linkResolver.cpp, line 773]
Event: 6.072 Thread 0x000002509d899020 Exception <a 'java/lang/NoSuchMethodError'{0x000000008c4cf520}: 'java.lang.Object java.lang.invoke.Invokers$Holder.invokeExact_MT(java.lang.Object, java.lang.Object, java.lang.Object, java.lang.Object, java.lang.Object)'> (0x000000008c4cf520) 
thrown [s\src\hotspot\share\interpreter\linkResolver.cpp, line 773]
Event: 6.075 Thread 0x000002509d899020 Exception <a 'java/io/FileNotFoundException'{0x000000008c4d5df0}> (0x000000008c4d5df0) 
thrown [s\src\hotspot\share\prims\jni.cpp, line 520]
Event: 6.078 Thread 0x000002509d899020 Exception <a 'java/io/FileNotFoundException'{0x000000008c4ddd90}> (0x000000008c4ddd90) 
thrown [s\src\hotspot\share\prims\jni.cpp, line 520]
Event: 6.089 Thread 0x000002509d899020 Exception <a 'java/lang/NoSuchMethodError'{0x000000008c30cf30}: 'void java.lang.invoke.Invokers$Holder.invokeExact_MT(java.lang.Object, java.lang.Object, java.lang.Object, java.lang.Object)'> (0x000000008c30cf30) 
thrown [s\src\hotspot\share\interpreter\linkResolver.cpp, line 773]
Event: 6.111 Thread 0x000002509d899020 Exception <a 'java/io/FileNotFoundException'{0x000000008c3524f8}> (0x000000008c3524f8) 
thrown [s\src\hotspot\share\prims\jni.cpp, line 520]
Event: 6.159 Thread 0x000002509d899020 Exception <a 'java/io/FileNotFoundException'{0x000000008c2d0bf0}> (0x000000008c2d0bf0) 
thrown [s\src\hotspot\share\prims\jni.cpp, line 520]
Event: 6.268 Thread 0x000002509d899020 Exception <a 'java/lang/ClassNotFoundException'{0x000000008e7f9bb0}: com/sun/javafx/scene/control/skin/resources/controls> (0x000000008e7f9bb0) 
thrown [s\src\hotspot\share\prims\jni.cpp, line 539]
Event: 6.269 Thread 0x000002509d899020 Exception <a 'java/lang/ClassNotFoundException'{0x000000008e6099a0}: com/sun/javafx/scene/control/skin/resources/controls_fr> (0x000000008e6099a0) 
thrown [s\src\hotspot\share\prims\jni.cpp, line 539]
Event: 6.270 Thread 0x000002509d899020 Exception <a 'java/lang/ClassNotFoundException'{0x000000008e6174d0}: com/sun/javafx/scene/control/skin/resources/controls_fr_FR> (0x000000008e6174d0) 
thrown [s\src\hotspot\share\prims\jni.cpp, line 539]
Event: 6.396 Thread 0x000002509d899020 Exception <a 'sun/nio/fs/WindowsException'{0x000000008e4ef140}> (0x000000008e4ef140) 
thrown [s\src\hotspot\share\prims\jni.cpp, line 520]
Event: 6.408 Thread 0x000002509d899020 Exception <a 'java/io/FileNotFoundException'{0x000000008e32ff30}> (0x000000008e32ff30) 
thrown [s\src\hotspot\share\prims\jni.cpp, line 520]
Event: 6.852 Thread 0x000002509d899020 Exception <a 'java/lang/IncompatibleClassChangeError'{0x000000008d7a9188}: Found class java.lang.Object, but interface was expected> (0x000000008d7a9188) 
thrown [s\src\hotspot\share\interpreter\linkResolver.cpp, line 840]
Event: 7.000 Thread 0x000002509d899020 Exception <a 'java/lang/NoSuchMethodError'{0x000000008d4449a8}: 'int java.lang.invoke.DirectMethodHandle$Holder.invokeSpecial(java.lang.Object, java.lang.Object, int)'> (0x000000008d4449a8) 
thrown [s\src\hotspot\share\interpreter\linkResolver.cpp, line 773]
Event: 8.050 Thread 0x000002509d899020 Implicit null exception at 0x000002504a6de39a to 0x000002504a6de5cc
Event: 8.050 Thread 0x000002509d899020 Implicit null exception at 0x000002504a70608d to 0x000002504a706a40
Event: 8.078 Thread 0x000002509d899020 Exception <a 'java/lang/NoSuchMethodError'{0x000000008d2269f8}: 'java.lang.Object java.lang.invoke.DirectMethodHandle$Holder.newInvokeSpecial(java.lang.Object, java.lang.Object, int)'> (0x000000008d2269f8) 
thrown [s\src\hotspot\share\interpreter\linkResolver.cpp, line 773]

ZGC Phase Switch (0 events):
No events

VM Operations (20 events):
Event: 5.105 Executing non-safepoint VM operation: HandshakeAllThreads (Deoptimize) done
Event: 5.376 Executing non-safepoint VM operation: HandshakeAllThreads (Deoptimize)
Event: 5.376 Executing non-safepoint VM operation: HandshakeAllThreads (Deoptimize) done
Event: 6.000 Executing safepoint VM operation: ICBufferFull
Event: 6.000 Executing safepoint VM operation: ICBufferFull done
Event: 6.058 Executing non-safepoint VM operation: HandshakeAllThreads (Deoptimize)
Event: 6.058 Executing non-safepoint VM operation: HandshakeAllThreads (Deoptimize) done
Event: 6.062 Executing non-safepoint VM operation: HandshakeAllThreads (Deoptimize)
Event: 6.062 Executing non-safepoint VM operation: HandshakeAllThreads (Deoptimize) done
Event: 6.228 Executing safepoint VM operation: G1CollectForAllocation (G1 Evacuation Pause)
Event: 6.240 Executing safepoint VM operation: G1CollectForAllocation (G1 Evacuation Pause) done
Event: 6.263 Executing non-safepoint VM operation: HandshakeAllThreads (Deoptimize)
Event: 6.264 Executing non-safepoint VM operation: HandshakeAllThreads (Deoptimize) done
Event: 6.284 Executing non-safepoint VM operation: HandshakeAllThreads (Deoptimize)
Event: 6.284 Executing non-safepoint VM operation: HandshakeAllThreads (Deoptimize) done
Event: 6.806 Executing safepoint VM operation: ICBufferFull
Event: 6.806 Executing safepoint VM operation: ICBufferFull done
Event: 8.807 Executing safepoint VM operation: Cleanup
Event: 8.807 Executing safepoint VM operation: Cleanup done
Event: 9.807 Executing safepoint VM operation: Cleanup

Memory protections (0 events):
No events

Nmethod flushes (0 events):
No events

Events (20 events):
Event: 0.414 Thread 0x000002503cce3160 Thread added: 0x00000250572c9650
Event: 0.414 Thread 0x000002503cce3160 Thread added: 0x00000250572ca0b0
Event: 0.415 Thread 0x000002503cce3160 Thread added: 0x00000250572cbe50
Event: 0.415 Thread 0x000002503cce3160 Thread added: 0x00000250572cc8f0
Event: 0.478 Thread 0x000002503cce3160 Thread added: 0x00000250573ad960
Event: 0.604 Thread 0x00000250572cc8f0 Thread added: 0x0000025057400950
Event: 0.614 Thread 0x00000250572cc8f0 Thread added: 0x0000025057432440
Event: 0.871 Thread 0x000002503cce3160 Thread added: 0x00000250579f2d30
Event: 1.358 Thread 0x000002503cce3160 Thread added: 0x000002509d967160
Event: 1.487 Thread 0x0000025057432440 Thread exited: 0x0000025057432440
Event: 1.489 Thread 0x0000025057400950 Thread exited: 0x0000025057400950
Event: 1.522 Thread 0x000002503cce3160 Thread added: 0x000002509d894190
Event: 1.526 Thread 0x000002503cce3160 Thread added: 0x000002509d899020
Event: 4.684 Thread 0x000002509d8ca8b0 Thread added: 0x000002509d8ca8b0
Event: 4.702 Thread 0x000002503cce3160 Thread added: 0x000002509d8c3e00
Event: 5.009 Thread 0x000002509d899020 Thread added: 0x000002509d9883a0
Event: 5.089 Thread 0x00000250572cc8f0 Thread added: 0x000002509db1ab60
Event: 6.355 Thread 0x000002509d899020 Thread added: 0x000002509d62e7f0
Event: 8.764 Thread 0x000002509db1ab60 Thread exited: 0x000002509db1ab60
Event: 9.431 Thread 0x00000250572cc8f0 Thread added: 0x00000250577bdd00


Dynamic libraries:
0x00007ff76cba0000 - 0x00007ff76cbae000 	C:\Users\WSI\.p2\pool\plugins\org.eclipse.justj.openjdk.hotspot.jre.full.win32.x86_64_21.0.10.v20260205-0638\jre\bin\javaw.exe
0x00007ffc9c1e0000 - 0x00007ffc9c448000 	C:\WINDOWS\SYSTEM32\ntdll.dll
0x00007ffc9b1c0000 - 0x00007ffc9b289000 	C:\WINDOWS\System32\KERNEL32.DLL
0x00007ffc98c40000 - 0x00007ffc99031000 	C:\WINDOWS\System32\KERNELBASE.dll
0x00007ffc99170000 - 0x00007ffc992bb000 	C:\WINDOWS\System32\ucrtbase.dll
0x00007ffc895b0000 - 0x00007ffc895ce000 	C:\Users\WSI\.p2\pool\plugins\org.eclipse.justj.openjdk.hotspot.jre.full.win32.x86_64_21.0.10.v20260205-0638\jre\bin\VCRUNTIME140.dll
0x00007ffc93d80000 - 0x00007ffc93d98000 	C:\Users\WSI\.p2\pool\plugins\org.eclipse.justj.openjdk.hotspot.jre.full.win32.x86_64_21.0.10.v20260205-0638\jre\bin\jli.dll
0x00007ffc9b870000 - 0x00007ffc9ba36000 	C:\WINDOWS\System32\USER32.dll
0x00007ffc822d0000 - 0x00007ffc82563000 	C:\WINDOWS\WinSxS\amd64_microsoft.windows.common-controls_6595b64144ccf1df_6.0.26100.7824_none_3e0870b2e3345462\COMCTL32.dll
0x00007ffc98b80000 - 0x00007ffc98ba7000 	C:\WINDOWS\System32\win32u.dll
0x00007ffc9c000000 - 0x00007ffc9c0a9000 	C:\WINDOWS\System32\msvcrt.dll
0x00007ffc9c170000 - 0x00007ffc9c19b000 	C:\WINDOWS\System32\GDI32.dll
0x00007ffc99040000 - 0x00007ffc9916b000 	C:\WINDOWS\System32\gdi32full.dll
0x00007ffc992c0000 - 0x00007ffc99363000 	C:\WINDOWS\System32\msvcp_win.dll
0x00007ffc9bb50000 - 0x00007ffc9bb81000 	C:\WINDOWS\System32\IMM32.DLL
0x00007ffc95640000 - 0x00007ffc9564c000 	C:\Users\WSI\.p2\pool\plugins\org.eclipse.justj.openjdk.hotspot.jre.full.win32.x86_64_21.0.10.v20260205-0638\jre\bin\vcruntime140_1.dll
0x00007ffc85ed0000 - 0x00007ffc85f5d000 	C:\Users\WSI\.p2\pool\plugins\org.eclipse.justj.openjdk.hotspot.jre.full.win32.x86_64_21.0.10.v20260205-0638\jre\bin\msvcp140.dll
0x00007ffc0d260000 - 0x00007ffc0e001000 	C:\Users\WSI\.p2\pool\plugins\org.eclipse.justj.openjdk.hotspot.jre.full.win32.x86_64_21.0.10.v20260205-0638\jre\bin\server\jvm.dll
0x00007ffc9c0b0000 - 0x00007ffc9c164000 	C:\WINDOWS\System32\ADVAPI32.dll
0x00007ffc99f90000 - 0x00007ffc9a036000 	C:\WINDOWS\System32\sechost.dll
0x00007ffc9bcf0000 - 0x00007ffc9be08000 	C:\WINDOWS\System32\RPCRT4.dll
0x00007ffc9bc70000 - 0x00007ffc9bce4000 	C:\WINDOWS\System32\WS2_32.dll
0x00007ffc8ff90000 - 0x00007ffc8ffc5000 	C:\WINDOWS\SYSTEM32\WINMM.dll
0x00007ffc89cc0000 - 0x00007ffc89ccb000 	C:\WINDOWS\SYSTEM32\VERSION.dll
0x00007ffc98920000 - 0x00007ffc9897e000 	C:\WINDOWS\SYSTEM32\POWRPROF.dll
0x00007ffc98900000 - 0x00007ffc98914000 	C:\WINDOWS\SYSTEM32\UMPDC.dll
0x00007ffc97860000 - 0x00007ffc9787b000 	C:\WINDOWS\SYSTEM32\kernel.appcore.dll
0x00007ffc8b0e0000 - 0x00007ffc8b0ea000 	C:\Users\WSI\.p2\pool\plugins\org.eclipse.justj.openjdk.hotspot.jre.full.win32.x86_64_21.0.10.v20260205-0638\jre\bin\jimage.dll
0x00007ffc96910000 - 0x00007ffc96b52000 	C:\WINDOWS\SYSTEM32\DBGHELP.DLL
0x00007ffc9b4e0000 - 0x00007ffc9b866000 	C:\WINDOWS\System32\combase.dll
0x00007ffc9b400000 - 0x00007ffc9b4d7000 	C:\WINDOWS\System32\OLEAUT32.dll
0x00007ffc6f0d0000 - 0x00007ffc6f10b000 	C:\WINDOWS\SYSTEM32\dbgcore.DLL
0x00007ffc994f0000 - 0x00007ffc99595000 	C:\WINDOWS\System32\bcryptPrimitives.dll
0x00007ffc8b0c0000 - 0x00007ffc8b0e0000 	C:\Users\WSI\.p2\pool\plugins\org.eclipse.justj.openjdk.hotspot.jre.full.win32.x86_64_21.0.10.v20260205-0638\jre\bin\java.dll
0x00007ffc9aa60000 - 0x00007ffc9b1b2000 	C:\WINDOWS\System32\SHELL32.dll
0x00007ffc995a0000 - 0x00007ffc9970a000 	C:\WINDOWS\System32\wintypes.dll
0x00007ffc99710000 - 0x00007ffc99f73000 	C:\WINDOWS\System32\windows.storage.dll
0x00007ffc9a960000 - 0x00007ffc9aa56000 	C:\WINDOWS\System32\SHCORE.dll
0x00007ffc9a2f0000 - 0x00007ffc9a357000 	C:\WINDOWS\System32\shlwapi.dll
0x00007ffc989e0000 - 0x00007ffc98a09000 	C:\WINDOWS\SYSTEM32\profapi.dll
0x00007ffc89b00000 - 0x00007ffc89b18000 	C:\Users\WSI\.p2\pool\plugins\org.eclipse.justj.openjdk.hotspot.jre.full.win32.x86_64_21.0.10.v20260205-0638\jre\bin\zip.dll
0x00007ffc89af0000 - 0x00007ffc89b00000 	C:\Users\WSI\.p2\pool\plugins\org.eclipse.justj.openjdk.hotspot.jre.full.win32.x86_64_21.0.10.v20260205-0638\jre\bin\net.dll
0x00007ffc8f6f0000 - 0x00007ffc8f817000 	C:\WINDOWS\SYSTEM32\WINHTTP.dll
0x00007ffc97dd0000 - 0x00007ffc97e3b000 	C:\WINDOWS\system32\mswsock.dll
0x00007ffc89ad0000 - 0x00007ffc89ae6000 	C:\Users\WSI\.p2\pool\plugins\org.eclipse.justj.openjdk.hotspot.jre.full.win32.x86_64_21.0.10.v20260205-0638\jre\bin\nio.dll
0x000002503cf60000 - 0x000002503cf63000 	C:\Users\WSI\.openjfx\cache\21+31\amd64\api-ms-win-core-console-l1-1-0.dll
0x000002503cf70000 - 0x000002503cf73000 	C:\Users\WSI\.openjfx\cache\21+31\amd64\api-ms-win-core-console-l1-2-0.dll
0x000002503cf80000 - 0x000002503cf83000 	C:\Users\WSI\.openjfx\cache\21+31\amd64\api-ms-win-core-datetime-l1-1-0.dll
0x000002503d220000 - 0x000002503d223000 	C:\Users\WSI\.openjfx\cache\21+31\amd64\api-ms-win-core-debug-l1-1-0.dll
0x000002503d230000 - 0x000002503d233000 	C:\Users\WSI\.openjfx\cache\21+31\amd64\api-ms-win-core-errorhandling-l1-1-0.dll
0x000002503d240000 - 0x000002503d244000 	C:\Users\WSI\.openjfx\cache\21+31\amd64\api-ms-win-core-file-l1-1-0.dll
0x000002503f070000 - 0x000002503f073000 	C:\Users\WSI\.openjfx\cache\21+31\amd64\api-ms-win-core-file-l1-2-0.dll
0x000002503f080000 - 0x000002503f083000 	C:\Users\WSI\.openjfx\cache\21+31\amd64\api-ms-win-core-file-l2-1-0.dll
0x000002503f090000 - 0x000002503f093000 	C:\Users\WSI\.openjfx\cache\21+31\amd64\api-ms-win-core-handle-l1-1-0.dll
0x000002503f0a0000 - 0x000002503f0a3000 	C:\Users\WSI\.openjfx\cache\21+31\amd64\api-ms-win-core-heap-l1-1-0.dll
0x000002503f0b0000 - 0x000002503f0b3000 	C:\Users\WSI\.openjfx\cache\21+31\amd64\api-ms-win-core-interlocked-l1-1-0.dll
0x000002503f0c0000 - 0x000002503f0c3000 	C:\Users\WSI\.openjfx\cache\21+31\amd64\api-ms-win-core-libraryloader-l1-1-0.dll
0x000002503f0d0000 - 0x000002503f0d3000 	C:\Users\WSI\.openjfx\cache\21+31\amd64\api-ms-win-core-localization-l1-2-0.dll
0x000002503f0e0000 - 0x000002503f0e3000 	C:\Users\WSI\.openjfx\cache\21+31\amd64\api-ms-win-core-memory-l1-1-0.dll
0x000002503f0f0000 - 0x000002503f0f3000 	C:\Users\WSI\.openjfx\cache\21+31\amd64\api-ms-win-core-namedpipe-l1-1-0.dll
0x000002503f100000 - 0x000002503f103000 	C:\Users\WSI\.openjfx\cache\21+31\amd64\api-ms-win-core-processenvironment-l1-1-0.dll
0x000002503f110000 - 0x000002503f113000 	C:\Users\WSI\.openjfx\cache\21+31\amd64\api-ms-win-core-processthreads-l1-1-0.dll
0x000002503f120000 - 0x000002503f123000 	C:\Users\WSI\.openjfx\cache\21+31\amd64\api-ms-win-core-processthreads-l1-1-1.dll
0x000002503f130000 - 0x000002503f133000 	C:\Users\WSI\.openjfx\cache\21+31\amd64\api-ms-win-core-profile-l1-1-0.dll
0x0000025057f10000 - 0x0000025057f13000 	C:\Users\WSI\.openjfx\cache\21+31\amd64\api-ms-win-core-rtlsupport-l1-1-0.dll
0x0000025057f20000 - 0x0000025057f23000 	C:\Users\WSI\.openjfx\cache\21+31\amd64\api-ms-win-core-string-l1-1-0.dll
0x0000025057f30000 - 0x0000025057f33000 	C:\Users\WSI\.openjfx\cache\21+31\amd64\api-ms-win-core-synch-l1-1-0.dll
0x0000025057f40000 - 0x0000025057f43000 	C:\Users\WSI\.openjfx\cache\21+31\amd64\api-ms-win-core-synch-l1-2-0.dll
0x0000025057f50000 - 0x0000025057f53000 	C:\Users\WSI\.openjfx\cache\21+31\amd64\api-ms-win-core-sysinfo-l1-1-0.dll
0x0000025057f60000 - 0x0000025057f63000 	C:\Users\WSI\.openjfx\cache\21+31\amd64\api-ms-win-core-timezone-l1-1-0.dll
0x0000025057f70000 - 0x0000025057f73000 	C:\Users\WSI\.openjfx\cache\21+31\amd64\api-ms-win-core-util-l1-1-0.dll
0x0000025057f80000 - 0x0000025057f83000 	C:\Users\WSI\.openjfx\cache\21+31\amd64\api-ms-win-crt-conio-l1-1-0.dll
0x0000025057f90000 - 0x0000025057f94000 	C:\Users\WSI\.openjfx\cache\21+31\amd64\api-ms-win-crt-convert-l1-1-0.dll
0x0000025057fa0000 - 0x0000025057fa3000 	C:\Users\WSI\.openjfx\cache\21+31\amd64\api-ms-win-crt-environment-l1-1-0.dll
0x0000025057fb0000 - 0x0000025057fb3000 	C:\Users\WSI\.openjfx\cache\21+31\amd64\api-ms-win-crt-filesystem-l1-1-0.dll
0x0000025057fc0000 - 0x0000025057fc3000 	C:\Users\WSI\.openjfx\cache\21+31\amd64\api-ms-win-crt-heap-l1-1-0.dll
0x0000025057fd0000 - 0x0000025057fd3000 	C:\Users\WSI\.openjfx\cache\21+31\amd64\api-ms-win-crt-locale-l1-1-0.dll
0x0000025057fe0000 - 0x0000025057fe5000 	C:\Users\WSI\.openjfx\cache\21+31\amd64\api-ms-win-crt-math-l1-1-0.dll
0x0000025057ff0000 - 0x0000025057ff5000 	C:\Users\WSI\.openjfx\cache\21+31\amd64\api-ms-win-crt-multibyte-l1-1-0.dll
0x000002509dfd0000 - 0x000002509dfe0000 	C:\Users\WSI\.openjfx\cache\21+31\amd64\api-ms-win-crt-private-l1-1-0.dll
0x000002509dfe0000 - 0x000002509dfe3000 	C:\Users\WSI\.openjfx\cache\21+31\amd64\api-ms-win-crt-process-l1-1-0.dll
0x000002509dff0000 - 0x000002509dff4000 	C:\Users\WSI\.openjfx\cache\21+31\amd64\api-ms-win-crt-runtime-l1-1-0.dll
0x000002509e000000 - 0x000002509e004000 	C:\Users\WSI\.openjfx\cache\21+31\amd64\api-ms-win-crt-stdio-l1-1-0.dll
0x000002509e010000 - 0x000002509e014000 	C:\Users\WSI\.openjfx\cache\21+31\amd64\api-ms-win-crt-string-l1-1-0.dll
0x000002509e020000 - 0x000002509e023000 	C:\Users\WSI\.openjfx\cache\21+31\amd64\api-ms-win-crt-time-l1-1-0.dll
0x000002509e030000 - 0x000002509e033000 	C:\Users\WSI\.openjfx\cache\21+31\amd64\api-ms-win-crt-utility-l1-1-0.dll
0x00007ffc7a790000 - 0x00007ffc7a88c000 	C:\Users\WSI\.openjfx\cache\21+31\amd64\ucrtbase.dll
0x00007ffc7ccf0000 - 0x00007ffc7cd0b000 	C:\Users\WSI\.openjfx\cache\21+31\amd64\vcruntime140.dll
0x00007ffc93d40000 - 0x00007ffc93d4c000 	C:\Users\WSI\.openjfx\cache\21+31\amd64\vcruntime140_1.dll
0x00007ffc7a6b0000 - 0x00007ffc7a73e000 	C:\Users\WSI\.openjfx\cache\21+31\amd64\msvcp140.dll
0x00007ffc9a040000 - 0x00007ffc9a1d7000 	C:\WINDOWS\System32\ole32.dll
0x00007ffc86170000 - 0x00007ffc86179000 	C:\Users\WSI\.openjfx\cache\21+31\amd64\msvcp140_1.dll
0x00007ffc7b3e0000 - 0x00007ffc7b40f000 	C:\Users\WSI\.openjfx\cache\21+31\amd64\msvcp140_2.dll
0x00007ffc7b120000 - 0x00007ffc7b14f000 	C:\Users\WSI\.openjfx\cache\21+31\amd64\prism_d3d.dll
0x00007ffc62950000 - 0x00007ffc62b03000 	C:\WINDOWS\system32\d3d9.dll
0x00007ffc962e0000 - 0x00007ffc96311000 	C:\WINDOWS\SYSTEM32\dwmapi.dll
0x00007ffc96340000 - 0x00007ffc96384000 	C:\WINDOWS\SYSTEM32\dxcore.dll
0x00007ffc96070000 - 0x00007ffc9611b000 	C:\WINDOWS\system32\uxtheme.dll
0x00007ffc62810000 - 0x00007ffc628d3000 	C:\WINDOWS\SYSTEM32\d3d9on12.dll
0x00007ffc96180000 - 0x00007ffc962bc000 	C:\WINDOWS\SYSTEM32\dxgi.dll
0x00007ffc89c90000 - 0x00007ffc89cb3000 	C:\WINDOWS\SYSTEM32\d3d12.dll
0x00007ffc98600000 - 0x00007ffc98657000 	C:\WINDOWS\SYSTEM32\cfgmgr32.dll
0x00007ffc623c0000 - 0x00007ffc62719000 	C:\WINDOWS\SYSTEM32\D3D12Core.dll
0x00007ffc622a0000 - 0x00007ffc623bb000 	C:\WINDOWS\System32\DriverStore\FileRepository\iigd_dch.inf_amd64_ed531570852d256f\igd12umd64.dll
0x00007ffc60e70000 - 0x00007ffc62298000 	C:\WINDOWS\System32\DriverStore\FileRepository\iigd_dch.inf_amd64_ed531570852d256f\igd12um64xel.dll
0x00007ffc99370000 - 0x00007ffc994e7000 	C:\WINDOWS\System32\CRYPT32.dll
0x00007ffc989b0000 - 0x00007ffc989da000 	C:\WINDOWS\SYSTEM32\bcrypt.dll
0x00007ffc7d400000 - 0x00007ffc7d57a000 	C:\WINDOWS\SYSTEM32\drvstore.dll
0x00007ffc60d60000 - 0x00007ffc60d86000 	C:\WINDOWS\System32\DriverStore\FileRepository\iigd_dch.inf_amd64_ed531570852d256f\igdext64.dll
0x00007ffc8fe60000 - 0x00007ffc8fef3000 	C:\WINDOWS\System32\DriverStore\FileRepository\iigd_dch.inf_amd64_ed531570852d256f\IntelControlLib.dll
0x00007ffc93390000 - 0x00007ffc933f3000 	C:\WINDOWS\SYSTEM32\directxdatabasehelper.dll
0x00007ffc8f820000 - 0x00007ffc8fc5e000 	C:\WINDOWS\System32\DriverStore\FileRepository\iigd_dch.inf_amd64_ed531570852d256f\igdgmm64.dll
0x00007ffc8b6a0000 - 0x00007ffc8f6e2000 	C:\WINDOWS\System32\DriverStore\FileRepository\iigd_dch.inf_amd64_ed531570852d256f\igc64.dll
0x00007ffc60b30000 - 0x00007ffc60c15000 	C:\WINDOWS\SYSTEM32\D3DSCache.dll
0x00007ffc97e80000 - 0x00007ffc97eab000 	C:\WINDOWS\SYSTEM32\USERENV.dll
0x00007ffc60810000 - 0x00007ffc60b2d000 	C:\WINDOWS\System32\DriverStore\FileRepository\iigd_dch.inf_amd64_ed531570852d256f\igd12dxva64.dll
0x00007ffc9a4d0000 - 0x00007ffc9a959000 	C:\WINDOWS\System32\SETUPAPI.dll
0x00007ffc4e170000 - 0x00007ffc4f518000 	C:\WINDOWS\System32\DriverStore\FileRepository\iigd_dch.inf_amd64_ed531570852d256f\igddxvacommon64.dll
0x00007ffc4c440000 - 0x00007ffc4e16b000 	C:\WINDOWS\System32\DriverStore\FileRepository\iigd_dch.inf_amd64_ed531570852d256f\media_bin_64.dll
0x00007ffc607e0000 - 0x00007ffc60807000 	C:\WINDOWS\System32\DriverStore\FileRepository\iigd_dch.inf_amd64_ed531570852d256f\igdinfo64.dll
0x00007ffc980a0000 - 0x00007ffc980bb000 	C:\WINDOWS\SYSTEM32\CRYPTSP.dll
0x00007ffc977c0000 - 0x00007ffc977f9000 	C:\WINDOWS\system32\rsaenh.dll
0x00007ffc980c0000 - 0x00007ffc980cc000 	C:\WINDOWS\SYSTEM32\CRYPTBASE.dll
0x00007ffc7a660000 - 0x00007ffc7a6a2000 	C:\Users\WSI\.openjfx\cache\21+31\amd64\glass.dll
0x00007ffc9a1f0000 - 0x00007ffc9a2df000 	C:\WINDOWS\System32\COMDLG32.dll
0x00007ffc9b290000 - 0x00007ffc9b3ef000 	C:\WINDOWS\System32\MSCTF.dll
0x00007ffc97320000 - 0x00007ffc9744c000 	C:\WINDOWS\SYSTEM32\DNSAPI.dll
0x00007ffc97280000 - 0x00007ffc972b4000 	C:\WINDOWS\SYSTEM32\IPHLPAPI.DLL

JVMTI agents: none

dbghelp: loaded successfully - version: 4.0.5 - missing functions: none
symbol engine: initialized successfully - sym options: 0x614 - pdb path: .;C:\Users\WSI\.p2\pool\plugins\org.eclipse.justj.openjdk.hotspot.jre.full.win32.x86_64_21.0.10.v20260205-0638\jre\bin;C:\WINDOWS\SYSTEM32;C:\WINDOWS\WinSxS\amd64_microsoft.windows.common-controls_6595b64144ccf1df_6.0.26100.7824_none_3e0870b2e3345462;C:\Users\WSI\.p2\pool\plugins\org.eclipse.justj.openjdk.hotspot.jre.full.win32.x86_64_21.0.10.v20260205-0638\jre\bin\server;C:\Users\WSI\.openjfx\cache\21+31\amd64;C:\WINDOWS\System32\DriverStore\FileRepository\iigd_dch.inf_amd64_ed531570852d256f;C:\Program Files\Common Files\Microsoft Shared\Ink

VM Arguments:
jvm_args: -Dfile.encoding=UTF-8 -Dstdout.encoding=UTF-8 -Dstderr.encoding=UTF-8 --module-path=C:\Users\WSI\git\EcoMarine\5\activiteReservation\target\classes;C:\Users\WSI\.m2\repository\org\openjfx\javafx-controls\21\javafx-controls-21-win.jar;C:\Users\WSI\.m2\repository\org\openjfx\javafx-graphics\21\javafx-graphics-21-win.jar;C:\Users\WSI\.m2\repository\org\openjfx\javafx-base\21\javafx-base-21-win.jar;C:\Users\WSI\.m2\repository\org\openjfx\javafx-fxml\21\javafx-fxml-21-win.jar;C:\Users\WSI\.m2\repository\com\squareup\okhttp3\okhttp\4.12.0\okhttp-4.12.0.jar;C:\Users\WSI\.m2\repository\com\google\code\gson\gson\2.10.1\gson-2.10.1.jar;C:\Users\WSI\.m2\repository\com\calendarfx\view\11.12.7\view-11.12.7.jar;C:\Users\WSI\.m2\repository\org\kordamp\ikonli\ikonli-javafx\12.3.1\ikonli-javafx-12.3.1.jar;C:\Users\WSI\.m2\repository\org\kordamp\ikonli\ikonli-core\12.3.1\ikonli-core-12.3.1.jar;C:\Users\WSI\.m2\repository\org\kordamp\ikonli\ikonli-fontawesome-pack\12.3.1\ikonli-fontawesome-pack-12.3.1.jar;C:\Users\WSI\.m2\repository\org\mnode\ical4j\ical4j\4.0.0-rc5\ical4j-4.0.0-rc5.jar;C:\Users\WSI\.m2\repository\org\slf4j\slf4j-api\2.0.9\slf4j-api-2.0.9.jar;C:\Users\WSI\.m2\repository\commons-codec\commons-codec\1.16.0\commons-codec-1.16.0.jar;C:\Users\WSI\.m2\repository\org\apache\commons\commons-lang3\3.14.0\commons-lang3-3.14.0.jar;C:\Users\WSI\.m2\repository\org\threeten\threeten-extra\1.7.2\threeten-extra-1.7.2.jar;C:\Users\WSI\.m2\repository\org\controlsfx\controlsfx\11.1.1\controlsfx-11.1.1.jar -XX:+ShowCodeDetailsInExceptionMessages -Djdk.module.main=activiteReservation 
java_command: activiteReservation/main.MainFx
java_class_path (initial): C:\Users\WSI\.p2\pool\plugins\org.junit_4.13.2.v20240929-1000.jar;C:\Users\WSI\.p2\pool\plugins\org.hamcrest_3.0.0.jar;C:\Users\WSI\.m2\repository\org\openjfx\javafx-controls\21\javafx-controls-21.jar;C:\Users\WSI\.m2\repository\org\openjfx\javafx-graphics\21\javafx-graphics-21.jar;C:\Users\WSI\.m2\repository\org\openjfx\javafx-base\21\javafx-base-21.jar;C:\Users\WSI\.m2\repository\org\openjfx\javafx-fxml\21\javafx-fxml-21.jar;C:\Users\WSI\.m2\repository\com\squareup\okio\okio\3.6.0\okio-3.6.0.jar;C:\Users\WSI\.m2\repository\com\squareup\okio\okio-jvm\3.6.0\okio-jvm-3.6.0.jar;C:\Users\WSI\.m2\repository\org\jetbrains\kotlin\kotlin-stdlib-common\1.9.10\kotlin-stdlib-common-1.9.10.jar;C:\Users\WSI\.m2\repository\org\jetbrains\kotlin\kotlin-stdlib-jdk8\1.8.21\kotlin-stdlib-jdk8-1.8.21.jar;C:\Users\WSI\.m2\repository\org\jetbrains\kotlin\kotlin-stdlib\1.8.21\kotlin-stdlib-1.8.21.jar;C:\Users\WSI\.m2\repository\org\jetbrains\annotations\13.0\annotations-13.0.jar;C:\Users\WSI\.m2\repository\org\jetbrains\kotlin\kotlin-stdlib-jdk7\1.8.21\kotlin-stdlib-jdk7-1.8.21.jar;C:\Users\WSI\.m2\repository\com\mysql\mysql-connector-j\9.6.0\mysql-connector-j-9.6.0.jar;C:\Users\WSI\.m2\repository\com\google\protobuf\protobuf-java\4.31.1\protobuf-java-4.31.1.jar
Launcher Type: SUN_STANDARD

[Global flags]
     intx CICompilerCount                          = 4                                         {product} {ergonomic}
     uint ConcGCThreads                            = 3                                         {product} {ergonomic}
     uint G1ConcRefinementThreads                  = 10                                        {product} {ergonomic}
   size_t G1HeapRegionSize                         = 1048576                                   {product} {ergonomic}
    uintx GCDrainStackTargetSize                   = 64                                        {product} {ergonomic}
   size_t InitialHeapSize                          = 127926272                                 {product} {ergonomic}
   size_t MarkStackSize                            = 4194304                                   {product} {ergonomic}
   size_t MaxHeapSize                              = 2032140288                                {product} {ergonomic}
   size_t MaxNewSize                               = 1218445312                                {product} {ergonomic}
   size_t MinHeapDeltaBytes                        = 1048576                                   {product} {ergonomic}
   size_t MinHeapSize                              = 8388608                                   {product} {ergonomic}
    uintx NonNMethodCodeHeapSize                   = 5839372                                {pd product} {ergonomic}
    uintx NonProfiledCodeHeapSize                  = 122909434                              {pd product} {ergonomic}
    uintx ProfiledCodeHeapSize                     = 122909434                              {pd product} {ergonomic}
    uintx ReservedCodeCacheSize                    = 251658240                              {pd product} {ergonomic}
     bool SegmentedCodeCache                       = true                                      {product} {ergonomic}
     bool ShowCodeDetailsInExceptionMessages       = true                                   {manageable} {command line}
   size_t SoftMaxHeapSize                          = 2032140288                             {manageable} {ergonomic}
     bool UseCompressedOops                        = true                           {product lp64_product} {ergonomic}
     bool UseG1GC                                  = true                                      {product} {ergonomic}
     bool UseLargePagesIndividualAllocation        = false                                  {pd product} {ergonomic}

Logging:
Log output configuration:
 #0: stdout all=warning uptime,level,tags foldmultilines=false
 #1: stderr all=off uptime,level,tags foldmultilines=false

Release file:
JAVA_VERSION="21.0.10" 
MODULES="java.base java.compiler java.datatransfer java.xml java.prefs java.desktop java.instrument java.logging java.management java.security.sasl java.naming java.rmi java.management.rmi java.net.http java.scripting java.security.jgss java.transaction.xa java.sql java.sql.rowset java.xml.crypto java.se java.smartcardio jdk.accessibility jdk.internal.jvmstat jdk.attach jdk.charsets jdk.internal.opt jdk.zipfs jdk.compiler jdk.crypto.ec jdk.crypto.cryptoki jdk.crypto.mscapi jdk.dynalink jdk.internal.ed jdk.editpad jdk.hotspot.agent jdk.httpserver jdk.internal.le jdk.internal.vm.ci jdk.internal.vm.compiler jdk.internal.vm.compiler.management jdk.jartool jdk.javadoc jdk.jcmd jdk.management jdk.management.agent jdk.jconsole jdk.jdeps jdk.jdwp.agent jdk.jdi jdk.jfr jdk.jshell jdk.jsobject jdk.jstatd jdk.localedata jdk.management.jfr jdk.naming.dns jdk.naming.rmi jdk.net jdk.nio.mapmode jdk.random jdk.sctp jdk.security.auth jdk.security.jgss jdk.unsupported jdk.unsupported.desktop jdk.xml.dom" 

Environment Variables:
PATH=C:/Users/WSI/.p2/pool/plugins/org.eclipse.justj.openjdk.hotspot.jre.full.win32.x86_64_21.0.10.v20260205-0638/jre/bin/server;C:/Users/WSI/.p2/pool/plugins/org.eclipse.justj.openjdk.hotspot.jre.full.win32.x86_64_21.0.10.v20260205-0638/jre/bin;C:\oraclexe\app\oracle\product\10.2.0\server\bin;C:\Program Files (x86)\VMware\VMware Workstation\bin\;C:\oraclexe\app\oracle\product\11.2.0\server\bin;C:\WINDOWS\system32;C:\WINDOWS;C:\WINDOWS\System32\Wbem;C:\WINDOWS\System32\WindowsPowerShell\v1.0\;C:\WINDOWS\System32\OpenSSH\;C:\Program Files\MATLAB\R2013a\runtime\win64;C:\Program Files\MATLAB\R2013a\bin;C:\Program Files (x86)\Microchip\MPLAB C32 Suite\bin;C:\Program Files\nodejs\;C:\wamp64\bin\php\php8.1.28;C:\composer;C:\Program Files\Git\cmd;C:\Users\WSI\scoop\shims;C:\Users\WSI\AppData\Local\Microsoft\WindowsApps;C:\Users\WSI\Desktop\Microsoft VS Code\bin;C:\Users\WSI\AppData\Roaming\Composer\vendor\bin;C:\Users\WSI\Desktop;
USERNAME=WSI
OS=Windows_NT
PROCESSOR_IDENTIFIER=Intel64 Family 6 Model 154 Stepping 4, GenuineIntel
TMP=C:\Users\WSI\AppData\Local\Temp
TEMP=C:\Users\WSI\AppData\Local\Temp




Periodic native trim disabled

---------------  S Y S T E M  ---------------

OS:
 Windows 11 , 64 bit Build 26100 (10.0.26100.7705)
OS uptime: 0 days 2:34 hours
Hyper-V role detected

CPU: total 12 (initial active 12) (6 cores per cpu, 2 threads per core) family 6 model 154 stepping 4 microcode 0x437, cx8, cmov, fxsr, ht, mmx, 3dnowpref, sse, sse2, sse3, ssse3, sse4.1, sse4.2, popcnt, lzcnt, tsc, tscinvbit, avx, avx2, aes, erms, clmul, bmi1, bmi2, adx, sha, fma, vzeroupper, clflush, clflushopt, clwb, hv, serialize, rdtscp, rdpid, fsrm, f16c, cet_ibt, cet_ss
Processor Information for the first 12 processors :
  Max Mhz: 1300, Current Mhz: 1300, Mhz Limit: 1300

Memory: 4k page, system-wide physical 7750M (504M free)
TotalPageFile size 31302M (AvailPageFile size 11M)
current process WorkingSet (physical memory assigned to process): 185M, peak: 187M
current process commit charge ("private bytes"): 292M, peak: 314M

vm_info: OpenJDK 64-Bit Server VM (21.0.10+7-LTS) for windows-amd64 JRE (21.0.10+7-LTS), built on 2026-01-20T00:00:00Z by "admin" with MS VC++ 17.12 (VS2022)

END.
