#
# There is insufficient memory for the Java Runtime Environment to continue.
# Native memory allocation (mmap) failed to map 127926272 bytes. Error detail: G1 virtual space
# Possible reasons:
#   The system is out of physical RAM or swap space
#   This process is running with CompressedOops enabled, and the Java Heap may be blocking the growth of the native heap
# Possible solutions:
#   Reduce memory load on the system
#   Increase physical memory or swap space
#   Check if swap backing store is full
#   Decrease Java heap size (-Xmx/-Xms)
#   Decrease number of Java threads
#   Decrease Java thread stack sizes (-Xss)
#   Set larger code cache with -XX:ReservedCodeCacheSize=
#   JVM is running with Unscaled Compressed Oops mode in which the Java heap is
#     placed in the first 4GB address space. The Java Heap base address is the
#     maximum limit for the native heap growth. Please use -XX:HeapBaseMinAddress
#     to set the Java Heap base and to place the Java Heap above 4GB virtual address.
# This output file may be truncated or incomplete.
#
#  Out of Memory Error (os_windows.cpp:3714), pid=6796, tid=3500
#
# JRE version:  (21.0.10+7) (build )
# Java VM: OpenJDK 64-Bit Server VM (21.0.10+7-LTS, mixed mode, sharing, tiered, compressed oops, compressed class ptrs, g1 gc, windows-amd64)
# No core dump will be written. Minidumps are not enabled by default on client versions of Windows
#

---------------  S U M M A R Y ------------

Command Line: -Dfile.encoding=UTF-8 -Dstdout.encoding=UTF-8 -Dstderr.encoding=UTF-8 --module-path=C:\Users\WSI\git\EcoMarine\5\activiteReservation\target\classes;C:\Users\WSI\.m2\repository\org\openjfx\javafx-controls\21\javafx-controls-21-win.jar;C:\Users\WSI\.m2\repository\org\openjfx\javafx-graphics\21\javafx-graphics-21-win.jar;C:\Users\WSI\.m2\repository\org\openjfx\javafx-base\21\javafx-base-21-win.jar;C:\Users\WSI\.m2\repository\org\openjfx\javafx-fxml\21\javafx-fxml-21-win.jar;C:\Users\WSI\.m2\repository\com\squareup\okhttp3\okhttp\4.12.0\okhttp-4.12.0.jar;C:\Users\WSI\.m2\repository\com\google\code\gson\gson\2.10.1\gson-2.10.1.jar;C:\Users\WSI\.m2\repository\com\calendarfx\view\11.12.7\view-11.12.7.jar;C:\Users\WSI\.m2\repository\org\kordamp\ikonli\ikonli-javafx\12.3.1\ikonli-javafx-12.3.1.jar;C:\Users\WSI\.m2\repository\org\kordamp\ikonli\ikonli-core\12.3.1\ikonli-core-12.3.1.jar;C:\Users\WSI\.m2\repository\org\kordamp\ikonli\ikonli-fontawesome-pack\12.3.1\ikonli-fontawesome-pack-12.3.1.jar;C:\Users\WSI\.m2\repository\org\mnode\ical4j\ical4j\4.0.0-rc5\ical4j-4.0.0-rc5.jar;C:\Users\WSI\.m2\repository\org\slf4j\slf4j-api\2.0.9\slf4j-api-2.0.9.jar;C:\Users\WSI\.m2\repository\commons-codec\commons-codec\1.16.0\commons-codec-1.16.0.jar;C:\Users\WSI\.m2\repository\org\apache\commons\commons-lang3\3.14.0\commons-lang3-3.14.0.jar;C:\Users\WSI\.m2\repository\org\threeten\threeten-extra\1.7.2\threeten-extra-1.7.2.jar;C:\Users\WSI\.m2\repository\org\controlsfx\controlsfx\11.1.1\controlsfx-11.1.1.jar -XX:+ShowCodeDetailsInExceptionMessages -Djdk.module.main=activiteReservation activiteReservation/main.MainFx

Host: 12th Gen Intel(R) Core(TM) i5-1235U, 12 cores, 7G,  Windows 11 , 64 bit Build 26100 (10.0.26100.7705)
Time: Mon Mar  2 01:41:32 2026 Afr. centrale Ouest elapsed time: 1.188566 seconds (0d 0h 0m 1s)

---------------  T H R E A D  ---------------

Current thread (0x00000288fb8e51a0):  JavaThread "Unknown thread" [_thread_in_vm, id=3500, stack(0x000000ddf7e00000,0x000000ddf7f00000) (1024K)]

Stack: [0x000000ddf7e00000,0x000000ddf7f00000]
Native frames: (J=compiled Java code, j=interpreted, Vv=VM code, C=native code)
V  [jvm.dll+0x6d7a39]
V  [jvm.dll+0x8b4b26]
V  [jvm.dll+0x8b70de]
V  [jvm.dll+0x8b77c3]
V  [jvm.dll+0x284346]
V  [jvm.dll+0x6d4355]
V  [jvm.dll+0x6c808a]
V  [jvm.dll+0x35edb8]
V  [jvm.dll+0x3669f6]
V  [jvm.dll+0x3b7afe]
V  [jvm.dll+0x3b7da8]
V  [jvm.dll+0x332fbc]
V  [jvm.dll+0x333b0b]
V  [jvm.dll+0x87eadb]
V  [jvm.dll+0x3c4a81]
V  [jvm.dll+0x867d25]
V  [jvm.dll+0x457b31]
V  [jvm.dll+0x459721]
C  [jli.dll+0x52d0]
C  [ucrtbase.dll+0x37b0]
C  [KERNEL32.DLL+0x2e8d7]
C  [ntdll.dll+0x8c40c]


---------------  P R O C E S S  ---------------

Threads class SMR info:
_java_thread_list=0x00007ffc0deaa1c8, length=0, elements={
}

Java Threads: ( => current thread )
Total: 0

Other Threads:
  0x00000288fddf3c60 WorkerThread "GC Thread#0"                     [id=16160, stack(0x000000ddf7f00000,0x000000ddf8000000) (1024K)]
  0x00000288fde21c20 ConcurrentGCThread "G1 Main Marker"            [id=6960, stack(0x000000ddf8000000,0x000000ddf8100000) (1024K)]
  0x00000288fde235e0 WorkerThread "G1 Conc#0"                       [id=6644, stack(0x000000ddf8100000,0x000000ddf8200000) (1024K)]

[error occurred during error reporting (printing all threads), id 0xc0000005, EXCEPTION_ACCESS_VIOLATION (0xc0000005) at pc=0x00007ffc0d5a56a7]
VM state: not at safepoint (not fully initialized)

VM Mutex/Monitor currently owned by a thread:  ([mutex/lock_event])
[0x00007ffc0df1e660] Heap_lock - owner thread: 0x00000288fb8e51a0

Heap address: 0x0000000086e00000, size: 1938 MB, Compressed Oops mode: 32-bit

CDS archive(s) mapped at: [0x0000000000000000-0x0000000000000000-0x0000000000000000), size 0, SharedBaseAddress: 0x0000000800000000, ArchiveRelocationMode: 1.
Narrow klass base: 0x0000000000000000, Narrow klass shift: 0, Narrow klass range: 0x0

GC Precious Log:
 CardTable entry size: 512
 Card Set container configuration: InlinePtr #cards 5 size 8 Array Of Cards #cards 12 size 40 Howl #buckets 4 coarsen threshold 1843 Howl Bitmap #cards 512 size 80 coarsen threshold 460 Card regions per heap region 1 cards per card region 2048

Heap:
 garbage-first heap   total 0K, used 0K [0x0000000086e00000, 0x0000000100000000)
  region size 1024K, 0 young (0K), 0 survivors (0K)

[error occurred during error reporting (printing heap information), id 0xc0000005, EXCEPTION_ACCESS_VIOLATION (0xc0000005) at pc=0x00007ffc0d9913b9]
GC Heap History (0 events):
No events

Dll operation events (1 events):
Event: 0.027 Loaded shared library C:\Users\WSI\.p2\pool\plugins\org.eclipse.justj.openjdk.hotspot.jre.full.win32.x86_64_21.0.10.v20260205-0638\jre\bin\java.dll

Deoptimization events (0 events):
No events

Classes loaded (0 events):
No events

Classes unloaded (0 events):
No events

Classes redefined (0 events):
No events

Internal exceptions (0 events):
No events

ZGC Phase Switch (0 events):
No events

VM Operations (0 events):
No events

Memory protections (0 events):
No events

Nmethod flushes (0 events):
No events

Events (0 events):
No events


Dynamic libraries:
0x00007ff756980000 - 0x00007ff75698e000 	C:\Users\WSI\.p2\pool\plugins\org.eclipse.justj.openjdk.hotspot.jre.full.win32.x86_64_21.0.10.v20260205-0638\jre\bin\javaw.exe
0x00007ffc9c1e0000 - 0x00007ffc9c448000 	C:\WINDOWS\SYSTEM32\ntdll.dll
0x00007ffc9b1c0000 - 0x00007ffc9b289000 	C:\WINDOWS\System32\KERNEL32.DLL
0x00007ffc98c40000 - 0x00007ffc99031000 	C:\WINDOWS\System32\KERNELBASE.dll
0x00007ffc99170000 - 0x00007ffc992bb000 	C:\WINDOWS\System32\ucrtbase.dll
0x00007ffc93d00000 - 0x00007ffc93d1e000 	C:\Users\WSI\.p2\pool\plugins\org.eclipse.justj.openjdk.hotspot.jre.full.win32.x86_64_21.0.10.v20260205-0638\jre\bin\VCRUNTIME140.dll
0x00007ffc93ce0000 - 0x00007ffc93cf8000 	C:\Users\WSI\.p2\pool\plugins\org.eclipse.justj.openjdk.hotspot.jre.full.win32.x86_64_21.0.10.v20260205-0638\jre\bin\jli.dll
0x00007ffc9b870000 - 0x00007ffc9ba36000 	C:\WINDOWS\System32\USER32.dll
0x00007ffc98b80000 - 0x00007ffc98ba7000 	C:\WINDOWS\System32\win32u.dll
0x00007ffc822d0000 - 0x00007ffc82563000 	C:\WINDOWS\WinSxS\amd64_microsoft.windows.common-controls_6595b64144ccf1df_6.0.26100.7824_none_3e0870b2e3345462\COMCTL32.dll
0x00007ffc9c170000 - 0x00007ffc9c19b000 	C:\WINDOWS\System32\GDI32.dll
0x00007ffc9c000000 - 0x00007ffc9c0a9000 	C:\WINDOWS\System32\msvcrt.dll
0x00007ffc99040000 - 0x00007ffc9916b000 	C:\WINDOWS\System32\gdi32full.dll
0x00007ffc992c0000 - 0x00007ffc99363000 	C:\WINDOWS\System32\msvcp_win.dll
0x00007ffc9bb50000 - 0x00007ffc9bb81000 	C:\WINDOWS\System32\IMM32.DLL
0x00007ffc95640000 - 0x00007ffc9564c000 	C:\Users\WSI\.p2\pool\plugins\org.eclipse.justj.openjdk.hotspot.jre.full.win32.x86_64_21.0.10.v20260205-0638\jre\bin\vcruntime140_1.dll
0x00007ffc86200000 - 0x00007ffc8628d000 	C:\Users\WSI\.p2\pool\plugins\org.eclipse.justj.openjdk.hotspot.jre.full.win32.x86_64_21.0.10.v20260205-0638\jre\bin\msvcp140.dll
0x00007ffc0d260000 - 0x00007ffc0e001000 	C:\Users\WSI\.p2\pool\plugins\org.eclipse.justj.openjdk.hotspot.jre.full.win32.x86_64_21.0.10.v20260205-0638\jre\bin\server\jvm.dll
0x00007ffc9c0b0000 - 0x00007ffc9c164000 	C:\WINDOWS\System32\ADVAPI32.dll
0x00007ffc99f90000 - 0x00007ffc9a036000 	C:\WINDOWS\System32\sechost.dll
0x00007ffc9bcf0000 - 0x00007ffc9be08000 	C:\WINDOWS\System32\RPCRT4.dll
0x00007ffc9bc70000 - 0x00007ffc9bce4000 	C:\WINDOWS\System32\WS2_32.dll
0x00007ffc98920000 - 0x00007ffc9897e000 	C:\WINDOWS\SYSTEM32\POWRPROF.dll
0x00007ffc8ff90000 - 0x00007ffc8ffc5000 	C:\WINDOWS\SYSTEM32\WINMM.dll
0x00007ffc89cc0000 - 0x00007ffc89ccb000 	C:\WINDOWS\SYSTEM32\VERSION.dll
0x00007ffc98900000 - 0x00007ffc98914000 	C:\WINDOWS\SYSTEM32\UMPDC.dll
0x00007ffc97860000 - 0x00007ffc9787b000 	C:\WINDOWS\SYSTEM32\kernel.appcore.dll
0x00007ffc8b0e0000 - 0x00007ffc8b0ea000 	C:\Users\WSI\.p2\pool\plugins\org.eclipse.justj.openjdk.hotspot.jre.full.win32.x86_64_21.0.10.v20260205-0638\jre\bin\jimage.dll
0x00007ffc96910000 - 0x00007ffc96b52000 	C:\WINDOWS\SYSTEM32\DBGHELP.DLL
0x00007ffc9b4e0000 - 0x00007ffc9b866000 	C:\WINDOWS\System32\combase.dll
0x00007ffc9b400000 - 0x00007ffc9b4d7000 	C:\WINDOWS\System32\OLEAUT32.dll
0x00007ffc6f0d0000 - 0x00007ffc6f10b000 	C:\WINDOWS\SYSTEM32\dbgcore.DLL
0x00007ffc994f0000 - 0x00007ffc99595000 	C:\WINDOWS\System32\bcryptPrimitives.dll
0x00007ffc8b0c0000 - 0x00007ffc8b0e0000 	C:\Users\WSI\.p2\pool\plugins\org.eclipse.justj.openjdk.hotspot.jre.full.win32.x86_64_21.0.10.v20260205-0638\jre\bin\java.dll

JVMTI agents: none

dbghelp: loaded successfully - version: 4.0.5 - missing functions: none
symbol engine: initialized successfully - sym options: 0x614 - pdb path: .;C:\Users\WSI\.p2\pool\plugins\org.eclipse.justj.openjdk.hotspot.jre.full.win32.x86_64_21.0.10.v20260205-0638\jre\bin;C:\WINDOWS\SYSTEM32;C:\WINDOWS\WinSxS\amd64_microsoft.windows.common-controls_6595b64144ccf1df_6.0.26100.7824_none_3e0870b2e3345462;C:\Users\WSI\.p2\pool\plugins\org.eclipse.justj.openjdk.hotspot.jre.full.win32.x86_64_21.0.10.v20260205-0638\jre\bin\server

VM Arguments:
jvm_args: -Dfile.encoding=UTF-8 -Dstdout.encoding=UTF-8 -Dstderr.encoding=UTF-8 --module-path=C:\Users\WSI\git\EcoMarine\5\activiteReservation\target\classes;C:\Users\WSI\.m2\repository\org\openjfx\javafx-controls\21\javafx-controls-21-win.jar;C:\Users\WSI\.m2\repository\org\openjfx\javafx-graphics\21\javafx-graphics-21-win.jar;C:\Users\WSI\.m2\repository\org\openjfx\javafx-base\21\javafx-base-21-win.jar;C:\Users\WSI\.m2\repository\org\openjfx\javafx-fxml\21\javafx-fxml-21-win.jar;C:\Users\WSI\.m2\repository\com\squareup\okhttp3\okhttp\4.12.0\okhttp-4.12.0.jar;C:\Users\WSI\.m2\repository\com\google\code\gson\gson\2.10.1\gson-2.10.1.jar;C:\Users\WSI\.m2\repository\com\calendarfx\view\11.12.7\view-11.12.7.jar;C:\Users\WSI\.m2\repository\org\kordamp\ikonli\ikonli-javafx\12.3.1\ikonli-javafx-12.3.1.jar;C:\Users\WSI\.m2\repository\org\kordamp\ikonli\ikonli-core\12.3.1\ikonli-core-12.3.1.jar;C:\Users\WSI\.m2\repository\org\kordamp\ikonli\ikonli-fontawesome-pack\12.3.1\ikonli-fontawesome-pack-12.3.1.jar;C:\Users\WSI\.m2\repository\org\mnode\ical4j\ical4j\4.0.0-rc5\ical4j-4.0.0-rc5.jar;C:\Users\WSI\.m2\repository\org\slf4j\slf4j-api\2.0.9\slf4j-api-2.0.9.jar;C:\Users\WSI\.m2\repository\commons-codec\commons-codec\1.16.0\commons-codec-1.16.0.jar;C:\Users\WSI\.m2\repository\org\apache\commons\commons-lang3\3.14.0\commons-lang3-3.14.0.jar;C:\Users\WSI\.m2\repository\org\threeten\threeten-extra\1.7.2\threeten-extra-1.7.2.jar;C:\Users\WSI\.m2\repository\org\controlsfx\controlsfx\11.1.1\controlsfx-11.1.1.jar -XX:+ShowCodeDetailsInExceptionMessages -Djdk.module.main=activiteReservation 
java_command: activiteReservation/main.MainFx
java_class_path (initial): C:\Users\WSI\.p2\pool\plugins\org.junit_4.13.2.v20240929-1000.jar;C:\Users\WSI\.p2\pool\plugins\org.hamcrest_3.0.0.jar;C:\Users\WSI\.m2\repository\org\openjfx\javafx-controls\21\javafx-controls-21.jar;C:\Users\WSI\.m2\repository\org\openjfx\javafx-graphics\21\javafx-graphics-21.jar;C:\Users\WSI\.m2\repository\org\openjfx\javafx-base\21\javafx-base-21.jar;C:\Users\WSI\.m2\repository\org\openjfx\javafx-fxml\21\javafx-fxml-21.jar;C:\Users\WSI\.m2\repository\com\squareup\okio\okio\3.6.0\okio-3.6.0.jar;C:\Users\WSI\.m2\repository\com\squareup\okio\okio-jvm\3.6.0\okio-jvm-3.6.0.jar;C:\Users\WSI\.m2\repository\org\jetbrains\kotlin\kotlin-stdlib-common\1.9.10\kotlin-stdlib-common-1.9.10.jar;C:\Users\WSI\.m2\repository\org\jetbrains\kotlin\kotlin-stdlib-jdk8\1.8.21\kotlin-stdlib-jdk8-1.8.21.jar;C:\Users\WSI\.m2\repository\org\jetbrains\kotlin\kotlin-stdlib\1.8.21\kotlin-stdlib-1.8.21.jar;C:\Users\WSI\.m2\repository\org\jetbrains\annotations\13.0\annotations-13.0.jar;C:\Users\WSI\.m2\repository\org\jetbrains\kotlin\kotlin-stdlib-jdk7\1.8.21\kotlin-stdlib-jdk7-1.8.21.jar;C:\Users\WSI\.m2\repository\com\mysql\mysql-connector-j\9.6.0\mysql-connector-j-9.6.0.jar;C:\Users\WSI\.m2\repository\com\google\protobuf\protobuf-java\4.31.1\protobuf-java-4.31.1.jar
Launcher Type: SUN_STANDARD

[Global flags]
     intx CICompilerCount                          = 4                                         {product} {ergonomic}
     uint ConcGCThreads                            = 3                                         {product} {ergonomic}
     uint G1ConcRefinementThreads                  = 10                                        {product} {ergonomic}
   size_t G1HeapRegionSize                         = 1048576                                   {product} {ergonomic}
    uintx GCDrainStackTargetSize                   = 64                                        {product} {ergonomic}
   size_t InitialHeapSize                          = 127926272                                 {product} {ergonomic}
   size_t MarkStackSize                            = 4194304                                   {product} {ergonomic}
   size_t MaxHeapSize                              = 2032140288                                {product} {ergonomic}
   size_t MinHeapDeltaBytes                        = 1048576                                   {product} {ergonomic}
   size_t MinHeapSize                              = 8388608                                   {product} {ergonomic}
    uintx NonNMethodCodeHeapSize                   = 5839372                                {pd product} {ergonomic}
    uintx NonProfiledCodeHeapSize                  = 122909434                              {pd product} {ergonomic}
    uintx ProfiledCodeHeapSize                     = 122909434                              {pd product} {ergonomic}
    uintx ReservedCodeCacheSize                    = 251658240                              {pd product} {ergonomic}
     bool SegmentedCodeCache                       = true                                      {product} {ergonomic}
     bool ShowCodeDetailsInExceptionMessages       = true                                   {manageable} {command line}
   size_t SoftMaxHeapSize                          = 2032140288                             {manageable} {ergonomic}
     bool UseCompressedOops                        = true                           {product lp64_product} {ergonomic}
     bool UseG1GC                                  = true                                      {product} {ergonomic}
     bool UseLargePagesIndividualAllocation        = false                                  {pd product} {ergonomic}

Logging:
Log output configuration:
 #0: stdout all=warning uptime,level,tags foldmultilines=false
 #1: stderr all=off uptime,level,tags foldmultilines=false

Release file:
<release file has not been read>
Environment Variables:
PATH=C:/Users/WSI/.p2/pool/plugins/org.eclipse.justj.openjdk.hotspot.jre.full.win32.x86_64_21.0.10.v20260205-0638/jre/bin/server;C:/Users/WSI/.p2/pool/plugins/org.eclipse.justj.openjdk.hotspot.jre.full.win32.x86_64_21.0.10.v20260205-0638/jre/bin;C:\oraclexe\app\oracle\product\10.2.0\server\bin;C:\Program Files (x86)\VMware\VMware Workstation\bin\;C:\oraclexe\app\oracle\product\11.2.0\server\bin;C:\WINDOWS\system32;C:\WINDOWS;C:\WINDOWS\System32\Wbem;C:\WINDOWS\System32\WindowsPowerShell\v1.0\;C:\WINDOWS\System32\OpenSSH\;C:\Program Files\MATLAB\R2013a\runtime\win64;C:\Program Files\MATLAB\R2013a\bin;C:\Program Files (x86)\Microchip\MPLAB C32 Suite\bin;C:\Program Files\nodejs\;C:\wamp64\bin\php\php8.1.28;C:\composer;C:\Program Files\Git\cmd;C:\Users\WSI\scoop\shims;C:\Users\WSI\AppData\Local\Microsoft\WindowsApps;C:\Users\WSI\Desktop\Microsoft VS Code\bin;C:\Users\WSI\AppData\Roaming\Composer\vendor\bin;C:\Users\WSI\Desktop;
USERNAME=WSI
OS=Windows_NT
PROCESSOR_IDENTIFIER=Intel64 Family 6 Model 154 Stepping 4, GenuineIntel
TMP=C:\Users\WSI\AppData\Local\Temp
TEMP=C:\Users\WSI\AppData\Local\Temp




Periodic native trim disabled

---------------  S Y S T E M  ---------------

OS:
 Windows 11 , 64 bit Build 26100 (10.0.26100.7705)
OS uptime: 0 days 2:32 hours
Hyper-V role detected

CPU: total 12 (initial active 12) (6 cores per cpu, 2 threads per core) family 6 model 154 stepping 4 microcode 0x437, cx8, cmov, fxsr, ht, mmx, 3dnowpref, sse, sse2, sse3, ssse3, sse4.1, sse4.2, popcnt, lzcnt, tsc, tscinvbit, avx, avx2, aes, erms, clmul, bmi1, bmi2, adx, sha, fma, vzeroupper, clflush, clflushopt, clwb, hv, serialize, rdtscp, rdpid, fsrm, f16c, cet_ibt, cet_ss
Processor Information for the first 12 processors :
  Max Mhz: 1300, Current Mhz: 1300, Mhz Limit: 1300

Memory: 4k page, system-wide physical 7750M (578M free)
TotalPageFile size 31302M (AvailPageFile size 42M)
current process WorkingSet (physical memory assigned to process): 12M, peak: 12M
current process commit charge ("private bytes"): 64M, peak: 186M

vm_info: OpenJDK 64-Bit Server VM (21.0.10+7-LTS) for windows-amd64 JRE (21.0.10+7-LTS), built on 2026-01-20T00:00:00Z by "admin" with MS VC++ 17.12 (VS2022)

END.
